[2024-12-04 11:09:30,312] [INFO] [real_accelerator.py:219:get_accelerator] Setting ds_accelerator to cuda (auto detect)
2024-12-04 11:09:38 | INFO | /mnt/petrelfs/songmingyang/anaconda3/envs/tool_server/lib/python3.10/os.py | args: Namespace(host='0.0.0.0', port=20003, worker_address='auto', controller_address='http://SH-IDCA1404-10-140-54-5:20001', model_path='/mnt/petrelfs/songmingyang/songmingyang/model/tool-augment/groundingdino/groundingdino_swint_ogc.pth', model_config='/mnt/petrelfs/songmingyang/code/reasoning/tool-agent/LLaVA-Plus-Codebase/dependencies/GroundingDINO/groundingdino/config/GroundingDINO_SwinT_OGC.py', model_names=['grounding_dino'], device='cuda', limit_model_concurrency=5, stream_interval=2, no_register=False)
2024-12-04 11:09:38 | INFO | stdout | SLURM Node Name: SH-IDCA1404-10-140-54-108
2024-12-04 11:09:38 | INFO | /mnt/petrelfs/songmingyang/anaconda3/envs/tool_server/lib/python3.10/os.py | Loading the model ['grounding_dino'] on worker df687c ...
2024-12-04 11:09:38 | ERROR | stderr | /mnt/petrelfs/songmingyang/anaconda3/envs/tool_server/lib/python3.10/site-packages/torch/functional.py:504: UserWarning: torch.meshgrid: in an upcoming release, it will be required to pass the indexing argument. (Triggered internally at /opt/conda/conda-bld/pytorch_1682343995026/work/aten/src/ATen/native/TensorShape.cpp:3483.)
2024-12-04 11:09:38 | ERROR | stderr |   return _VF.meshgrid(tensors, **kwargs)  # type: ignore[attr-defined]
2024-12-04 11:09:38 | INFO | stdout | final text_encoder_type: bert-base-uncased
2024-12-04 11:09:38 | ERROR | stderr | /mnt/petrelfs/songmingyang/anaconda3/envs/tool_server/lib/python3.10/site-packages/huggingface_hub/file_download.py:797: FutureWarning: `resume_download` is deprecated and will be removed in version 1.0.0. Downloads always resume when possible. If you want to force a new download, use `force_download=True`.
2024-12-04 11:09:38 | ERROR | stderr |   warnings.warn(
2024-12-04 11:10:02 | INFO | /mnt/petrelfs/songmingyang/anaconda3/envs/tool_server/lib/python3.10/os.py | Register to controller
2024-12-04 11:10:02 | ERROR | stderr | INFO:     Started server process [58483]
2024-12-04 11:10:02 | ERROR | stderr | INFO:     Waiting for application startup.
2024-12-04 11:10:02 | ERROR | stderr | INFO:     Application startup complete.
2024-12-04 11:10:02 | ERROR | stderr | INFO:     Uvicorn running on http://0.0.0.0:20003 (Press CTRL+C to quit)
2024-12-04 11:10:20 | INFO | stdout | INFO:     10.140.54.5:45342 - "POST /worker_get_status HTTP/1.1" 200 OK
2024-12-04 11:10:23 | INFO | stdout | INFO:     10.140.54.5:45354 - "POST /worker_get_status HTTP/1.1" 200 OK
2024-12-04 11:10:47 | INFO | /mnt/petrelfs/songmingyang/anaconda3/envs/tool_server/lib/python3.10/os.py | Send heart beat. Models: ['grounding_dino']. Semaphore: None. global_counter: 0. worker_id: df687c. 
2024-12-04 11:11:32 | INFO | /mnt/petrelfs/songmingyang/anaconda3/envs/tool_server/lib/python3.10/os.py | Send heart beat. Models: ['grounding_dino']. Semaphore: None. global_counter: 0. worker_id: df687c. 
2024-12-04 11:12:17 | INFO | /mnt/petrelfs/songmingyang/anaconda3/envs/tool_server/lib/python3.10/os.py | Send heart beat. Models: ['grounding_dino']. Semaphore: None. global_counter: 0. worker_id: df687c. 
2024-12-04 11:13:02 | INFO | /mnt/petrelfs/songmingyang/anaconda3/envs/tool_server/lib/python3.10/os.py | Send heart beat. Models: ['grounding_dino']. Semaphore: None. global_counter: 0. worker_id: df687c. 
2024-12-04 11:13:19 | INFO | stdout | INFO:     10.140.54.5:45436 - "POST /worker_get_status HTTP/1.1" 200 OK
2024-12-04 11:13:19 | ERROR | stderr | /mnt/petrelfs/songmingyang/anaconda3/envs/tool_server/lib/python3.10/site-packages/transformers/modeling_utils.py:881: FutureWarning: The `device` argument is deprecated and will be removed in v5 of Transformers.
2024-12-04 11:13:19 | ERROR | stderr |   warnings.warn(
2024-12-04 11:13:22 | ERROR | stderr | /mnt/petrelfs/songmingyang/anaconda3/envs/tool_server/lib/python3.10/site-packages/torch/utils/checkpoint.py:31: UserWarning: None of the inputs have requires_grad=True. Gradients will be None
2024-12-04 11:13:22 | ERROR | stderr |   warnings.warn("None of the inputs have requires_grad=True. Gradients will be None")
2024-12-04 11:13:22 | INFO | stdout | Before NMS: 1 boxes
2024-12-04 11:13:22 | INFO | stdout | After NMS: 1 boxes
2024-12-04 11:13:22 | INFO | stdout | INFO:     10.140.37.163:53036 - "POST /worker_generate HTTP/1.1" 200 OK
2024-12-04 11:13:47 | INFO | /mnt/petrelfs/songmingyang/anaconda3/envs/tool_server/lib/python3.10/os.py | Send heart beat. Models: ['grounding_dino']. Semaphore: Semaphore(value=5, locked=False). global_counter: 1. worker_id: df687c. 
2024-12-04 11:14:33 | INFO | /mnt/petrelfs/songmingyang/anaconda3/envs/tool_server/lib/python3.10/os.py | Send heart beat. Models: ['grounding_dino']. Semaphore: Semaphore(value=5, locked=False). global_counter: 1. worker_id: df687c. 
2024-12-04 11:15:18 | INFO | /mnt/petrelfs/songmingyang/anaconda3/envs/tool_server/lib/python3.10/os.py | Send heart beat. Models: ['grounding_dino']. Semaphore: Semaphore(value=5, locked=False). global_counter: 1. worker_id: df687c. 
2024-12-04 11:16:03 | INFO | /mnt/petrelfs/songmingyang/anaconda3/envs/tool_server/lib/python3.10/os.py | Send heart beat. Models: ['grounding_dino']. Semaphore: Semaphore(value=5, locked=False). global_counter: 1. worker_id: df687c. 
2024-12-04 11:16:48 | INFO | /mnt/petrelfs/songmingyang/anaconda3/envs/tool_server/lib/python3.10/os.py | Send heart beat. Models: ['grounding_dino']. Semaphore: Semaphore(value=5, locked=False). global_counter: 1. worker_id: df687c. 
2024-12-04 11:17:33 | INFO | /mnt/petrelfs/songmingyang/anaconda3/envs/tool_server/lib/python3.10/os.py | Send heart beat. Models: ['grounding_dino']. Semaphore: Semaphore(value=5, locked=False). global_counter: 1. worker_id: df687c. 
2024-12-04 11:18:18 | INFO | /mnt/petrelfs/songmingyang/anaconda3/envs/tool_server/lib/python3.10/os.py | Send heart beat. Models: ['grounding_dino']. Semaphore: Semaphore(value=5, locked=False). global_counter: 1. worker_id: df687c. 
2024-12-04 11:19:03 | INFO | /mnt/petrelfs/songmingyang/anaconda3/envs/tool_server/lib/python3.10/os.py | Send heart beat. Models: ['grounding_dino']. Semaphore: Semaphore(value=5, locked=False). global_counter: 1. worker_id: df687c. 
2024-12-04 11:19:48 | INFO | /mnt/petrelfs/songmingyang/anaconda3/envs/tool_server/lib/python3.10/os.py | Send heart beat. Models: ['grounding_dino']. Semaphore: Semaphore(value=5, locked=False). global_counter: 1. worker_id: df687c. 
2024-12-04 11:20:33 | INFO | /mnt/petrelfs/songmingyang/anaconda3/envs/tool_server/lib/python3.10/os.py | Send heart beat. Models: ['grounding_dino']. Semaphore: Semaphore(value=5, locked=False). global_counter: 1. worker_id: df687c. 
2024-12-04 11:21:18 | INFO | /mnt/petrelfs/songmingyang/anaconda3/envs/tool_server/lib/python3.10/os.py | Send heart beat. Models: ['grounding_dino']. Semaphore: Semaphore(value=5, locked=False). global_counter: 1. worker_id: df687c. 
2024-12-04 11:22:03 | INFO | /mnt/petrelfs/songmingyang/anaconda3/envs/tool_server/lib/python3.10/os.py | Send heart beat. Models: ['grounding_dino']. Semaphore: Semaphore(value=5, locked=False). global_counter: 1. worker_id: df687c. 
2024-12-04 11:22:48 | INFO | /mnt/petrelfs/songmingyang/anaconda3/envs/tool_server/lib/python3.10/os.py | Send heart beat. Models: ['grounding_dino']. Semaphore: Semaphore(value=5, locked=False). global_counter: 1. worker_id: df687c. 
2024-12-04 11:23:33 | INFO | /mnt/petrelfs/songmingyang/anaconda3/envs/tool_server/lib/python3.10/os.py | Send heart beat. Models: ['grounding_dino']. Semaphore: Semaphore(value=5, locked=False). global_counter: 1. worker_id: df687c. 
2024-12-04 11:24:18 | INFO | /mnt/petrelfs/songmingyang/anaconda3/envs/tool_server/lib/python3.10/os.py | Send heart beat. Models: ['grounding_dino']. Semaphore: Semaphore(value=5, locked=False). global_counter: 1. worker_id: df687c. 
2024-12-04 11:25:03 | INFO | /mnt/petrelfs/songmingyang/anaconda3/envs/tool_server/lib/python3.10/os.py | Send heart beat. Models: ['grounding_dino']. Semaphore: Semaphore(value=5, locked=False). global_counter: 1. worker_id: df687c. 
2024-12-04 11:25:48 | INFO | /mnt/petrelfs/songmingyang/anaconda3/envs/tool_server/lib/python3.10/os.py | Send heart beat. Models: ['grounding_dino']. Semaphore: Semaphore(value=5, locked=False). global_counter: 1. worker_id: df687c. 
2024-12-04 11:26:33 | INFO | /mnt/petrelfs/songmingyang/anaconda3/envs/tool_server/lib/python3.10/os.py | Send heart beat. Models: ['grounding_dino']. Semaphore: Semaphore(value=5, locked=False). global_counter: 1. worker_id: df687c. 
2024-12-04 11:26:34 | INFO | stdout | INFO:     10.140.54.5:45792 - "POST /worker_get_status HTTP/1.1" 200 OK
2024-12-04 11:26:35 | INFO | stdout | Before NMS: 1 boxes
2024-12-04 11:26:35 | INFO | stdout | After NMS: 1 boxes
2024-12-04 11:26:35 | INFO | stdout | INFO:     10.140.37.163:43504 - "POST /worker_generate HTTP/1.1" 200 OK
2024-12-04 11:27:18 | INFO | /mnt/petrelfs/songmingyang/anaconda3/envs/tool_server/lib/python3.10/os.py | Send heart beat. Models: ['grounding_dino']. Semaphore: Semaphore(value=5, locked=False). global_counter: 2. worker_id: df687c. 
2024-12-04 11:28:03 | INFO | /mnt/petrelfs/songmingyang/anaconda3/envs/tool_server/lib/python3.10/os.py | Send heart beat. Models: ['grounding_dino']. Semaphore: Semaphore(value=5, locked=False). global_counter: 2. worker_id: df687c. 
2024-12-04 11:28:48 | INFO | /mnt/petrelfs/songmingyang/anaconda3/envs/tool_server/lib/python3.10/os.py | Send heart beat. Models: ['grounding_dino']. Semaphore: Semaphore(value=5, locked=False). global_counter: 2. worker_id: df687c. 
2024-12-04 11:29:33 | INFO | /mnt/petrelfs/songmingyang/anaconda3/envs/tool_server/lib/python3.10/os.py | Send heart beat. Models: ['grounding_dino']. Semaphore: Semaphore(value=5, locked=False). global_counter: 2. worker_id: df687c. 
2024-12-04 11:30:18 | INFO | /mnt/petrelfs/songmingyang/anaconda3/envs/tool_server/lib/python3.10/os.py | Send heart beat. Models: ['grounding_dino']. Semaphore: Semaphore(value=5, locked=False). global_counter: 2. worker_id: df687c. 
2024-12-04 11:31:04 | INFO | /mnt/petrelfs/songmingyang/anaconda3/envs/tool_server/lib/python3.10/os.py | Send heart beat. Models: ['grounding_dino']. Semaphore: Semaphore(value=5, locked=False). global_counter: 2. worker_id: df687c. 
2024-12-04 11:31:49 | INFO | /mnt/petrelfs/songmingyang/anaconda3/envs/tool_server/lib/python3.10/os.py | Send heart beat. Models: ['grounding_dino']. Semaphore: Semaphore(value=5, locked=False). global_counter: 2. worker_id: df687c. 
2024-12-04 11:32:34 | INFO | /mnt/petrelfs/songmingyang/anaconda3/envs/tool_server/lib/python3.10/os.py | Send heart beat. Models: ['grounding_dino']. Semaphore: Semaphore(value=5, locked=False). global_counter: 2. worker_id: df687c. 
2024-12-04 11:33:19 | INFO | /mnt/petrelfs/songmingyang/anaconda3/envs/tool_server/lib/python3.10/os.py | Send heart beat. Models: ['grounding_dino']. Semaphore: Semaphore(value=5, locked=False). global_counter: 2. worker_id: df687c. 
2024-12-04 11:34:04 | INFO | /mnt/petrelfs/songmingyang/anaconda3/envs/tool_server/lib/python3.10/os.py | Send heart beat. Models: ['grounding_dino']. Semaphore: Semaphore(value=5, locked=False). global_counter: 2. worker_id: df687c. 
2024-12-04 11:34:49 | INFO | stdout | INFO:     10.140.54.5:46044 - "POST /worker_get_status HTTP/1.1" 200 OK
2024-12-04 11:34:49 | INFO | /mnt/petrelfs/songmingyang/anaconda3/envs/tool_server/lib/python3.10/os.py | Send heart beat. Models: ['grounding_dino']. Semaphore: Semaphore(value=5, locked=False). global_counter: 2. worker_id: df687c. 
2024-12-04 11:34:56 | INFO | stdout | Before NMS: 1 boxes
2024-12-04 11:34:56 | INFO | stdout | After NMS: 1 boxes
2024-12-04 11:34:56 | INFO | stdout | INFO:     10.140.54.5:46052 - "POST /worker_generate HTTP/1.1" 200 OK
2024-12-04 11:35:34 | INFO | /mnt/petrelfs/songmingyang/anaconda3/envs/tool_server/lib/python3.10/os.py | Send heart beat. Models: ['grounding_dino']. Semaphore: Semaphore(value=5, locked=False). global_counter: 3. worker_id: df687c. 
2024-12-04 11:36:19 | INFO | /mnt/petrelfs/songmingyang/anaconda3/envs/tool_server/lib/python3.10/os.py | Send heart beat. Models: ['grounding_dino']. Semaphore: Semaphore(value=5, locked=False). global_counter: 3. worker_id: df687c. 
2024-12-04 11:37:04 | INFO | /mnt/petrelfs/songmingyang/anaconda3/envs/tool_server/lib/python3.10/os.py | Send heart beat. Models: ['grounding_dino']. Semaphore: Semaphore(value=5, locked=False). global_counter: 3. worker_id: df687c. 
2024-12-04 11:37:49 | INFO | /mnt/petrelfs/songmingyang/anaconda3/envs/tool_server/lib/python3.10/os.py | Send heart beat. Models: ['grounding_dino']. Semaphore: Semaphore(value=5, locked=False). global_counter: 3. worker_id: df687c. 
2024-12-04 11:38:34 | INFO | /mnt/petrelfs/songmingyang/anaconda3/envs/tool_server/lib/python3.10/os.py | Send heart beat. Models: ['grounding_dino']. Semaphore: Semaphore(value=5, locked=False). global_counter: 3. worker_id: df687c. 
2024-12-04 11:39:19 | INFO | /mnt/petrelfs/songmingyang/anaconda3/envs/tool_server/lib/python3.10/os.py | Send heart beat. Models: ['grounding_dino']. Semaphore: Semaphore(value=5, locked=False). global_counter: 3. worker_id: df687c. 
2024-12-04 11:40:04 | INFO | /mnt/petrelfs/songmingyang/anaconda3/envs/tool_server/lib/python3.10/os.py | Send heart beat. Models: ['grounding_dino']. Semaphore: Semaphore(value=5, locked=False). global_counter: 3. worker_id: df687c. 
2024-12-04 11:40:49 | INFO | /mnt/petrelfs/songmingyang/anaconda3/envs/tool_server/lib/python3.10/os.py | Send heart beat. Models: ['grounding_dino']. Semaphore: Semaphore(value=5, locked=False). global_counter: 3. worker_id: df687c. 
2024-12-04 11:41:34 | INFO | /mnt/petrelfs/songmingyang/anaconda3/envs/tool_server/lib/python3.10/os.py | Send heart beat. Models: ['grounding_dino']. Semaphore: Semaphore(value=5, locked=False). global_counter: 3. worker_id: df687c. 
2024-12-04 11:42:19 | INFO | /mnt/petrelfs/songmingyang/anaconda3/envs/tool_server/lib/python3.10/os.py | Send heart beat. Models: ['grounding_dino']. Semaphore: Semaphore(value=5, locked=False). global_counter: 3. worker_id: df687c. 
2024-12-04 11:43:04 | INFO | /mnt/petrelfs/songmingyang/anaconda3/envs/tool_server/lib/python3.10/os.py | Send heart beat. Models: ['grounding_dino']. Semaphore: Semaphore(value=5, locked=False). global_counter: 3. worker_id: df687c. 
2024-12-04 11:43:49 | INFO | /mnt/petrelfs/songmingyang/anaconda3/envs/tool_server/lib/python3.10/os.py | Send heart beat. Models: ['grounding_dino']. Semaphore: Semaphore(value=5, locked=False). global_counter: 3. worker_id: df687c. 
2024-12-04 11:44:34 | INFO | /mnt/petrelfs/songmingyang/anaconda3/envs/tool_server/lib/python3.10/os.py | Send heart beat. Models: ['grounding_dino']. Semaphore: Semaphore(value=5, locked=False). global_counter: 3. worker_id: df687c. 
2024-12-04 11:45:19 | INFO | /mnt/petrelfs/songmingyang/anaconda3/envs/tool_server/lib/python3.10/os.py | Send heart beat. Models: ['grounding_dino']. Semaphore: Semaphore(value=5, locked=False). global_counter: 3. worker_id: df687c. 
2024-12-04 11:46:04 | INFO | /mnt/petrelfs/songmingyang/anaconda3/envs/tool_server/lib/python3.10/os.py | Send heart beat. Models: ['grounding_dino']. Semaphore: Semaphore(value=5, locked=False). global_counter: 3. worker_id: df687c. 
2024-12-04 11:46:49 | INFO | /mnt/petrelfs/songmingyang/anaconda3/envs/tool_server/lib/python3.10/os.py | Send heart beat. Models: ['grounding_dino']. Semaphore: Semaphore(value=5, locked=False). global_counter: 3. worker_id: df687c. 
2024-12-04 11:47:35 | INFO | /mnt/petrelfs/songmingyang/anaconda3/envs/tool_server/lib/python3.10/os.py | Send heart beat. Models: ['grounding_dino']. Semaphore: Semaphore(value=5, locked=False). global_counter: 3. worker_id: df687c. 
2024-12-04 11:48:20 | INFO | /mnt/petrelfs/songmingyang/anaconda3/envs/tool_server/lib/python3.10/os.py | Send heart beat. Models: ['grounding_dino']. Semaphore: Semaphore(value=5, locked=False). global_counter: 3. worker_id: df687c. 
2024-12-04 11:49:05 | INFO | /mnt/petrelfs/songmingyang/anaconda3/envs/tool_server/lib/python3.10/os.py | Send heart beat. Models: ['grounding_dino']. Semaphore: Semaphore(value=5, locked=False). global_counter: 3. worker_id: df687c. 
2024-12-04 11:49:50 | INFO | /mnt/petrelfs/songmingyang/anaconda3/envs/tool_server/lib/python3.10/os.py | Send heart beat. Models: ['grounding_dino']. Semaphore: Semaphore(value=5, locked=False). global_counter: 3. worker_id: df687c. 
2024-12-04 11:50:35 | INFO | /mnt/petrelfs/songmingyang/anaconda3/envs/tool_server/lib/python3.10/os.py | Send heart beat. Models: ['grounding_dino']. Semaphore: Semaphore(value=5, locked=False). global_counter: 3. worker_id: df687c. 
2024-12-04 11:51:20 | INFO | /mnt/petrelfs/songmingyang/anaconda3/envs/tool_server/lib/python3.10/os.py | Send heart beat. Models: ['grounding_dino']. Semaphore: Semaphore(value=5, locked=False). global_counter: 3. worker_id: df687c. 
2024-12-04 11:52:05 | INFO | /mnt/petrelfs/songmingyang/anaconda3/envs/tool_server/lib/python3.10/os.py | Send heart beat. Models: ['grounding_dino']. Semaphore: Semaphore(value=5, locked=False). global_counter: 3. worker_id: df687c. 
2024-12-04 11:52:50 | INFO | /mnt/petrelfs/songmingyang/anaconda3/envs/tool_server/lib/python3.10/os.py | Send heart beat. Models: ['grounding_dino']. Semaphore: Semaphore(value=5, locked=False). global_counter: 3. worker_id: df687c. 
2024-12-04 11:53:35 | INFO | /mnt/petrelfs/songmingyang/anaconda3/envs/tool_server/lib/python3.10/os.py | Send heart beat. Models: ['grounding_dino']. Semaphore: Semaphore(value=5, locked=False). global_counter: 3. worker_id: df687c. 
2024-12-04 11:54:20 | INFO | /mnt/petrelfs/songmingyang/anaconda3/envs/tool_server/lib/python3.10/os.py | Send heart beat. Models: ['grounding_dino']. Semaphore: Semaphore(value=5, locked=False). global_counter: 3. worker_id: df687c. 
2024-12-04 11:55:05 | INFO | /mnt/petrelfs/songmingyang/anaconda3/envs/tool_server/lib/python3.10/os.py | Send heart beat. Models: ['grounding_dino']. Semaphore: Semaphore(value=5, locked=False). global_counter: 3. worker_id: df687c. 
2024-12-04 11:55:50 | INFO | /mnt/petrelfs/songmingyang/anaconda3/envs/tool_server/lib/python3.10/os.py | Send heart beat. Models: ['grounding_dino']. Semaphore: Semaphore(value=5, locked=False). global_counter: 3. worker_id: df687c. 
2024-12-04 11:56:35 | INFO | /mnt/petrelfs/songmingyang/anaconda3/envs/tool_server/lib/python3.10/os.py | Send heart beat. Models: ['grounding_dino']. Semaphore: Semaphore(value=5, locked=False). global_counter: 3. worker_id: df687c. 
2024-12-04 11:57:20 | INFO | /mnt/petrelfs/songmingyang/anaconda3/envs/tool_server/lib/python3.10/os.py | Send heart beat. Models: ['grounding_dino']. Semaphore: Semaphore(value=5, locked=False). global_counter: 3. worker_id: df687c. 
2024-12-04 11:58:05 | INFO | /mnt/petrelfs/songmingyang/anaconda3/envs/tool_server/lib/python3.10/os.py | Send heart beat. Models: ['grounding_dino']. Semaphore: Semaphore(value=5, locked=False). global_counter: 3. worker_id: df687c. 
2024-12-04 11:58:50 | INFO | /mnt/petrelfs/songmingyang/anaconda3/envs/tool_server/lib/python3.10/os.py | Send heart beat. Models: ['grounding_dino']. Semaphore: Semaphore(value=5, locked=False). global_counter: 3. worker_id: df687c. 
2024-12-04 11:59:35 | INFO | /mnt/petrelfs/songmingyang/anaconda3/envs/tool_server/lib/python3.10/os.py | Send heart beat. Models: ['grounding_dino']. Semaphore: Semaphore(value=5, locked=False). global_counter: 3. worker_id: df687c. 
2024-12-04 12:00:20 | INFO | /mnt/petrelfs/songmingyang/anaconda3/envs/tool_server/lib/python3.10/os.py | Send heart beat. Models: ['grounding_dino']. Semaphore: Semaphore(value=5, locked=False). global_counter: 3. worker_id: df687c. 
2024-12-04 12:01:05 | INFO | /mnt/petrelfs/songmingyang/anaconda3/envs/tool_server/lib/python3.10/os.py | Send heart beat. Models: ['grounding_dino']. Semaphore: Semaphore(value=5, locked=False). global_counter: 3. worker_id: df687c. 
2024-12-04 12:01:50 | INFO | /mnt/petrelfs/songmingyang/anaconda3/envs/tool_server/lib/python3.10/os.py | Send heart beat. Models: ['grounding_dino']. Semaphore: Semaphore(value=5, locked=False). global_counter: 3. worker_id: df687c. 
2024-12-04 12:02:35 | INFO | /mnt/petrelfs/songmingyang/anaconda3/envs/tool_server/lib/python3.10/os.py | Send heart beat. Models: ['grounding_dino']. Semaphore: Semaphore(value=5, locked=False). global_counter: 3. worker_id: df687c. 
2024-12-04 12:03:20 | INFO | /mnt/petrelfs/songmingyang/anaconda3/envs/tool_server/lib/python3.10/os.py | Send heart beat. Models: ['grounding_dino']. Semaphore: Semaphore(value=5, locked=False). global_counter: 3. worker_id: df687c. 
2024-12-04 12:04:05 | INFO | /mnt/petrelfs/songmingyang/anaconda3/envs/tool_server/lib/python3.10/os.py | Send heart beat. Models: ['grounding_dino']. Semaphore: Semaphore(value=5, locked=False). global_counter: 3. worker_id: df687c. 
2024-12-04 12:04:51 | INFO | /mnt/petrelfs/songmingyang/anaconda3/envs/tool_server/lib/python3.10/os.py | Send heart beat. Models: ['grounding_dino']. Semaphore: Semaphore(value=5, locked=False). global_counter: 3. worker_id: df687c. 
2024-12-04 12:05:36 | INFO | /mnt/petrelfs/songmingyang/anaconda3/envs/tool_server/lib/python3.10/os.py | Send heart beat. Models: ['grounding_dino']. Semaphore: Semaphore(value=5, locked=False). global_counter: 3. worker_id: df687c. 
2024-12-04 12:06:21 | INFO | /mnt/petrelfs/songmingyang/anaconda3/envs/tool_server/lib/python3.10/os.py | Send heart beat. Models: ['grounding_dino']. Semaphore: Semaphore(value=5, locked=False). global_counter: 3. worker_id: df687c. 
2024-12-04 12:07:06 | INFO | /mnt/petrelfs/songmingyang/anaconda3/envs/tool_server/lib/python3.10/os.py | Send heart beat. Models: ['grounding_dino']. Semaphore: Semaphore(value=5, locked=False). global_counter: 3. worker_id: df687c. 
2024-12-04 12:07:51 | INFO | /mnt/petrelfs/songmingyang/anaconda3/envs/tool_server/lib/python3.10/os.py | Send heart beat. Models: ['grounding_dino']. Semaphore: Semaphore(value=5, locked=False). global_counter: 3. worker_id: df687c. 
2024-12-04 12:08:36 | INFO | /mnt/petrelfs/songmingyang/anaconda3/envs/tool_server/lib/python3.10/os.py | Send heart beat. Models: ['grounding_dino']. Semaphore: Semaphore(value=5, locked=False). global_counter: 3. worker_id: df687c. 
2024-12-04 12:09:21 | INFO | /mnt/petrelfs/songmingyang/anaconda3/envs/tool_server/lib/python3.10/os.py | Send heart beat. Models: ['grounding_dino']. Semaphore: Semaphore(value=5, locked=False). global_counter: 3. worker_id: df687c. 
2024-12-04 12:10:06 | INFO | /mnt/petrelfs/songmingyang/anaconda3/envs/tool_server/lib/python3.10/os.py | Send heart beat. Models: ['grounding_dino']. Semaphore: Semaphore(value=5, locked=False). global_counter: 3. worker_id: df687c. 
2024-12-04 12:10:51 | INFO | /mnt/petrelfs/songmingyang/anaconda3/envs/tool_server/lib/python3.10/os.py | Send heart beat. Models: ['grounding_dino']. Semaphore: Semaphore(value=5, locked=False). global_counter: 3. worker_id: df687c. 
2024-12-04 12:11:36 | INFO | /mnt/petrelfs/songmingyang/anaconda3/envs/tool_server/lib/python3.10/os.py | Send heart beat. Models: ['grounding_dino']. Semaphore: Semaphore(value=5, locked=False). global_counter: 3. worker_id: df687c. 
2024-12-04 12:12:21 | INFO | /mnt/petrelfs/songmingyang/anaconda3/envs/tool_server/lib/python3.10/os.py | Send heart beat. Models: ['grounding_dino']. Semaphore: Semaphore(value=5, locked=False). global_counter: 3. worker_id: df687c. 
2024-12-04 12:13:06 | INFO | /mnt/petrelfs/songmingyang/anaconda3/envs/tool_server/lib/python3.10/os.py | Send heart beat. Models: ['grounding_dino']. Semaphore: Semaphore(value=5, locked=False). global_counter: 3. worker_id: df687c. 
2024-12-04 12:13:51 | INFO | /mnt/petrelfs/songmingyang/anaconda3/envs/tool_server/lib/python3.10/os.py | Send heart beat. Models: ['grounding_dino']. Semaphore: Semaphore(value=5, locked=False). global_counter: 3. worker_id: df687c. 
2024-12-04 12:14:36 | INFO | /mnt/petrelfs/songmingyang/anaconda3/envs/tool_server/lib/python3.10/os.py | Send heart beat. Models: ['grounding_dino']. Semaphore: Semaphore(value=5, locked=False). global_counter: 3. worker_id: df687c. 
2024-12-04 12:15:21 | INFO | /mnt/petrelfs/songmingyang/anaconda3/envs/tool_server/lib/python3.10/os.py | Send heart beat. Models: ['grounding_dino']. Semaphore: Semaphore(value=5, locked=False). global_counter: 3. worker_id: df687c. 
2024-12-04 12:16:06 | INFO | /mnt/petrelfs/songmingyang/anaconda3/envs/tool_server/lib/python3.10/os.py | Send heart beat. Models: ['grounding_dino']. Semaphore: Semaphore(value=5, locked=False). global_counter: 3. worker_id: df687c. 
2024-12-04 12:16:51 | INFO | /mnt/petrelfs/songmingyang/anaconda3/envs/tool_server/lib/python3.10/os.py | Send heart beat. Models: ['grounding_dino']. Semaphore: Semaphore(value=5, locked=False). global_counter: 3. worker_id: df687c. 
2024-12-04 12:17:36 | INFO | /mnt/petrelfs/songmingyang/anaconda3/envs/tool_server/lib/python3.10/os.py | Send heart beat. Models: ['grounding_dino']. Semaphore: Semaphore(value=5, locked=False). global_counter: 3. worker_id: df687c. 
2024-12-04 12:18:21 | INFO | /mnt/petrelfs/songmingyang/anaconda3/envs/tool_server/lib/python3.10/os.py | Send heart beat. Models: ['grounding_dino']. Semaphore: Semaphore(value=5, locked=False). global_counter: 3. worker_id: df687c. 
2024-12-04 12:19:06 | INFO | /mnt/petrelfs/songmingyang/anaconda3/envs/tool_server/lib/python3.10/os.py | Send heart beat. Models: ['grounding_dino']. Semaphore: Semaphore(value=5, locked=False). global_counter: 3. worker_id: df687c. 
2024-12-04 12:19:51 | INFO | /mnt/petrelfs/songmingyang/anaconda3/envs/tool_server/lib/python3.10/os.py | Send heart beat. Models: ['grounding_dino']. Semaphore: Semaphore(value=5, locked=False). global_counter: 3. worker_id: df687c. 
2024-12-04 12:20:36 | INFO | /mnt/petrelfs/songmingyang/anaconda3/envs/tool_server/lib/python3.10/os.py | Send heart beat. Models: ['grounding_dino']. Semaphore: Semaphore(value=5, locked=False). global_counter: 3. worker_id: df687c. 
2024-12-04 12:21:22 | INFO | /mnt/petrelfs/songmingyang/anaconda3/envs/tool_server/lib/python3.10/os.py | Send heart beat. Models: ['grounding_dino']. Semaphore: Semaphore(value=5, locked=False). global_counter: 3. worker_id: df687c. 
2024-12-04 12:22:07 | INFO | /mnt/petrelfs/songmingyang/anaconda3/envs/tool_server/lib/python3.10/os.py | Send heart beat. Models: ['grounding_dino']. Semaphore: Semaphore(value=5, locked=False). global_counter: 3. worker_id: df687c. 
2024-12-04 12:22:52 | INFO | /mnt/petrelfs/songmingyang/anaconda3/envs/tool_server/lib/python3.10/os.py | Send heart beat. Models: ['grounding_dino']. Semaphore: Semaphore(value=5, locked=False). global_counter: 3. worker_id: df687c. 
2024-12-04 12:23:37 | INFO | /mnt/petrelfs/songmingyang/anaconda3/envs/tool_server/lib/python3.10/os.py | Send heart beat. Models: ['grounding_dino']. Semaphore: Semaphore(value=5, locked=False). global_counter: 3. worker_id: df687c. 
2024-12-04 12:24:22 | INFO | /mnt/petrelfs/songmingyang/anaconda3/envs/tool_server/lib/python3.10/os.py | Send heart beat. Models: ['grounding_dino']. Semaphore: Semaphore(value=5, locked=False). global_counter: 3. worker_id: df687c. 
2024-12-04 12:25:07 | INFO | /mnt/petrelfs/songmingyang/anaconda3/envs/tool_server/lib/python3.10/os.py | Send heart beat. Models: ['grounding_dino']. Semaphore: Semaphore(value=5, locked=False). global_counter: 3. worker_id: df687c. 
2024-12-04 12:25:52 | INFO | /mnt/petrelfs/songmingyang/anaconda3/envs/tool_server/lib/python3.10/os.py | Send heart beat. Models: ['grounding_dino']. Semaphore: Semaphore(value=5, locked=False). global_counter: 3. worker_id: df687c. 
2024-12-04 12:26:37 | INFO | /mnt/petrelfs/songmingyang/anaconda3/envs/tool_server/lib/python3.10/os.py | Send heart beat. Models: ['grounding_dino']. Semaphore: Semaphore(value=5, locked=False). global_counter: 3. worker_id: df687c. 
2024-12-04 12:27:22 | INFO | /mnt/petrelfs/songmingyang/anaconda3/envs/tool_server/lib/python3.10/os.py | Send heart beat. Models: ['grounding_dino']. Semaphore: Semaphore(value=5, locked=False). global_counter: 3. worker_id: df687c. 
2024-12-04 12:28:07 | INFO | /mnt/petrelfs/songmingyang/anaconda3/envs/tool_server/lib/python3.10/os.py | Send heart beat. Models: ['grounding_dino']. Semaphore: Semaphore(value=5, locked=False). global_counter: 3. worker_id: df687c. 
2024-12-04 12:28:52 | INFO | /mnt/petrelfs/songmingyang/anaconda3/envs/tool_server/lib/python3.10/os.py | Send heart beat. Models: ['grounding_dino']. Semaphore: Semaphore(value=5, locked=False). global_counter: 3. worker_id: df687c. 
2024-12-04 12:29:37 | INFO | /mnt/petrelfs/songmingyang/anaconda3/envs/tool_server/lib/python3.10/os.py | Send heart beat. Models: ['grounding_dino']. Semaphore: Semaphore(value=5, locked=False). global_counter: 3. worker_id: df687c. 
2024-12-04 12:30:22 | INFO | /mnt/petrelfs/songmingyang/anaconda3/envs/tool_server/lib/python3.10/os.py | Send heart beat. Models: ['grounding_dino']. Semaphore: Semaphore(value=5, locked=False). global_counter: 3. worker_id: df687c. 
2024-12-04 12:31:07 | INFO | /mnt/petrelfs/songmingyang/anaconda3/envs/tool_server/lib/python3.10/os.py | Send heart beat. Models: ['grounding_dino']. Semaphore: Semaphore(value=5, locked=False). global_counter: 3. worker_id: df687c. 
2024-12-04 12:31:52 | INFO | /mnt/petrelfs/songmingyang/anaconda3/envs/tool_server/lib/python3.10/os.py | Send heart beat. Models: ['grounding_dino']. Semaphore: Semaphore(value=5, locked=False). global_counter: 3. worker_id: df687c. 
2024-12-04 12:32:37 | INFO | /mnt/petrelfs/songmingyang/anaconda3/envs/tool_server/lib/python3.10/os.py | Send heart beat. Models: ['grounding_dino']. Semaphore: Semaphore(value=5, locked=False). global_counter: 3. worker_id: df687c. 
2024-12-04 12:33:22 | INFO | /mnt/petrelfs/songmingyang/anaconda3/envs/tool_server/lib/python3.10/os.py | Send heart beat. Models: ['grounding_dino']. Semaphore: Semaphore(value=5, locked=False). global_counter: 3. worker_id: df687c. 
2024-12-04 12:34:07 | INFO | /mnt/petrelfs/songmingyang/anaconda3/envs/tool_server/lib/python3.10/os.py | Send heart beat. Models: ['grounding_dino']. Semaphore: Semaphore(value=5, locked=False). global_counter: 3. worker_id: df687c. 
2024-12-04 12:34:52 | INFO | /mnt/petrelfs/songmingyang/anaconda3/envs/tool_server/lib/python3.10/os.py | Send heart beat. Models: ['grounding_dino']. Semaphore: Semaphore(value=5, locked=False). global_counter: 3. worker_id: df687c. 
2024-12-04 12:35:38 | INFO | /mnt/petrelfs/songmingyang/anaconda3/envs/tool_server/lib/python3.10/os.py | Send heart beat. Models: ['grounding_dino']. Semaphore: Semaphore(value=5, locked=False). global_counter: 3. worker_id: df687c. 
2024-12-04 12:36:23 | INFO | /mnt/petrelfs/songmingyang/anaconda3/envs/tool_server/lib/python3.10/os.py | Send heart beat. Models: ['grounding_dino']. Semaphore: Semaphore(value=5, locked=False). global_counter: 3. worker_id: df687c. 
2024-12-04 12:37:08 | INFO | /mnt/petrelfs/songmingyang/anaconda3/envs/tool_server/lib/python3.10/os.py | Send heart beat. Models: ['grounding_dino']. Semaphore: Semaphore(value=5, locked=False). global_counter: 3. worker_id: df687c. 
2024-12-04 12:37:53 | INFO | /mnt/petrelfs/songmingyang/anaconda3/envs/tool_server/lib/python3.10/os.py | Send heart beat. Models: ['grounding_dino']. Semaphore: Semaphore(value=5, locked=False). global_counter: 3. worker_id: df687c. 
2024-12-04 12:38:38 | INFO | /mnt/petrelfs/songmingyang/anaconda3/envs/tool_server/lib/python3.10/os.py | Send heart beat. Models: ['grounding_dino']. Semaphore: Semaphore(value=5, locked=False). global_counter: 3. worker_id: df687c. 
2024-12-04 12:39:23 | INFO | /mnt/petrelfs/songmingyang/anaconda3/envs/tool_server/lib/python3.10/os.py | Send heart beat. Models: ['grounding_dino']. Semaphore: Semaphore(value=5, locked=False). global_counter: 3. worker_id: df687c. 
2024-12-04 12:40:08 | INFO | /mnt/petrelfs/songmingyang/anaconda3/envs/tool_server/lib/python3.10/os.py | Send heart beat. Models: ['grounding_dino']. Semaphore: Semaphore(value=5, locked=False). global_counter: 3. worker_id: df687c. 
2024-12-04 12:40:53 | INFO | /mnt/petrelfs/songmingyang/anaconda3/envs/tool_server/lib/python3.10/os.py | Send heart beat. Models: ['grounding_dino']. Semaphore: Semaphore(value=5, locked=False). global_counter: 3. worker_id: df687c. 
2024-12-04 12:41:38 | INFO | /mnt/petrelfs/songmingyang/anaconda3/envs/tool_server/lib/python3.10/os.py | Send heart beat. Models: ['grounding_dino']. Semaphore: Semaphore(value=5, locked=False). global_counter: 3. worker_id: df687c. 
2024-12-04 12:42:23 | INFO | /mnt/petrelfs/songmingyang/anaconda3/envs/tool_server/lib/python3.10/os.py | Send heart beat. Models: ['grounding_dino']. Semaphore: Semaphore(value=5, locked=False). global_counter: 3. worker_id: df687c. 
2024-12-04 12:43:08 | INFO | /mnt/petrelfs/songmingyang/anaconda3/envs/tool_server/lib/python3.10/os.py | Send heart beat. Models: ['grounding_dino']. Semaphore: Semaphore(value=5, locked=False). global_counter: 3. worker_id: df687c. 
2024-12-04 12:43:53 | INFO | /mnt/petrelfs/songmingyang/anaconda3/envs/tool_server/lib/python3.10/os.py | Send heart beat. Models: ['grounding_dino']. Semaphore: Semaphore(value=5, locked=False). global_counter: 3. worker_id: df687c. 
2024-12-04 12:44:38 | INFO | /mnt/petrelfs/songmingyang/anaconda3/envs/tool_server/lib/python3.10/os.py | Send heart beat. Models: ['grounding_dino']. Semaphore: Semaphore(value=5, locked=False). global_counter: 3. worker_id: df687c. 
2024-12-04 12:45:23 | INFO | /mnt/petrelfs/songmingyang/anaconda3/envs/tool_server/lib/python3.10/os.py | Send heart beat. Models: ['grounding_dino']. Semaphore: Semaphore(value=5, locked=False). global_counter: 3. worker_id: df687c. 
2024-12-04 12:46:08 | INFO | /mnt/petrelfs/songmingyang/anaconda3/envs/tool_server/lib/python3.10/os.py | Send heart beat. Models: ['grounding_dino']. Semaphore: Semaphore(value=5, locked=False). global_counter: 3. worker_id: df687c. 
2024-12-04 12:46:53 | INFO | /mnt/petrelfs/songmingyang/anaconda3/envs/tool_server/lib/python3.10/os.py | Send heart beat. Models: ['grounding_dino']. Semaphore: Semaphore(value=5, locked=False). global_counter: 3. worker_id: df687c. 
2024-12-04 12:47:38 | INFO | /mnt/petrelfs/songmingyang/anaconda3/envs/tool_server/lib/python3.10/os.py | Send heart beat. Models: ['grounding_dino']. Semaphore: Semaphore(value=5, locked=False). global_counter: 3. worker_id: df687c. 
2024-12-04 12:48:23 | INFO | /mnt/petrelfs/songmingyang/anaconda3/envs/tool_server/lib/python3.10/os.py | Send heart beat. Models: ['grounding_dino']. Semaphore: Semaphore(value=5, locked=False). global_counter: 3. worker_id: df687c. 
2024-12-04 12:49:08 | INFO | /mnt/petrelfs/songmingyang/anaconda3/envs/tool_server/lib/python3.10/os.py | Send heart beat. Models: ['grounding_dino']. Semaphore: Semaphore(value=5, locked=False). global_counter: 3. worker_id: df687c. 
2024-12-04 12:49:53 | INFO | /mnt/petrelfs/songmingyang/anaconda3/envs/tool_server/lib/python3.10/os.py | Send heart beat. Models: ['grounding_dino']. Semaphore: Semaphore(value=5, locked=False). global_counter: 3. worker_id: df687c. 
2024-12-04 12:50:38 | INFO | /mnt/petrelfs/songmingyang/anaconda3/envs/tool_server/lib/python3.10/os.py | Send heart beat. Models: ['grounding_dino']. Semaphore: Semaphore(value=5, locked=False). global_counter: 3. worker_id: df687c. 
2024-12-04 12:51:23 | INFO | /mnt/petrelfs/songmingyang/anaconda3/envs/tool_server/lib/python3.10/os.py | Send heart beat. Models: ['grounding_dino']. Semaphore: Semaphore(value=5, locked=False). global_counter: 3. worker_id: df687c. 
2024-12-04 12:52:08 | INFO | /mnt/petrelfs/songmingyang/anaconda3/envs/tool_server/lib/python3.10/os.py | Send heart beat. Models: ['grounding_dino']. Semaphore: Semaphore(value=5, locked=False). global_counter: 3. worker_id: df687c. 
2024-12-04 12:52:53 | INFO | /mnt/petrelfs/songmingyang/anaconda3/envs/tool_server/lib/python3.10/os.py | Send heart beat. Models: ['grounding_dino']. Semaphore: Semaphore(value=5, locked=False). global_counter: 3. worker_id: df687c. 
2024-12-04 12:53:39 | INFO | /mnt/petrelfs/songmingyang/anaconda3/envs/tool_server/lib/python3.10/os.py | Send heart beat. Models: ['grounding_dino']. Semaphore: Semaphore(value=5, locked=False). global_counter: 3. worker_id: df687c. 
2024-12-04 12:54:24 | INFO | /mnt/petrelfs/songmingyang/anaconda3/envs/tool_server/lib/python3.10/os.py | Send heart beat. Models: ['grounding_dino']. Semaphore: Semaphore(value=5, locked=False). global_counter: 3. worker_id: df687c. 
2024-12-04 12:55:09 | INFO | /mnt/petrelfs/songmingyang/anaconda3/envs/tool_server/lib/python3.10/os.py | Send heart beat. Models: ['grounding_dino']. Semaphore: Semaphore(value=5, locked=False). global_counter: 3. worker_id: df687c. 
2024-12-04 12:55:54 | INFO | /mnt/petrelfs/songmingyang/anaconda3/envs/tool_server/lib/python3.10/os.py | Send heart beat. Models: ['grounding_dino']. Semaphore: Semaphore(value=5, locked=False). global_counter: 3. worker_id: df687c. 
2024-12-04 12:56:39 | INFO | /mnt/petrelfs/songmingyang/anaconda3/envs/tool_server/lib/python3.10/os.py | Send heart beat. Models: ['grounding_dino']. Semaphore: Semaphore(value=5, locked=False). global_counter: 3. worker_id: df687c. 
2024-12-04 12:57:24 | INFO | /mnt/petrelfs/songmingyang/anaconda3/envs/tool_server/lib/python3.10/os.py | Send heart beat. Models: ['grounding_dino']. Semaphore: Semaphore(value=5, locked=False). global_counter: 3. worker_id: df687c. 
2024-12-04 12:58:09 | INFO | /mnt/petrelfs/songmingyang/anaconda3/envs/tool_server/lib/python3.10/os.py | Send heart beat. Models: ['grounding_dino']. Semaphore: Semaphore(value=5, locked=False). global_counter: 3. worker_id: df687c. 
2024-12-04 12:58:54 | INFO | /mnt/petrelfs/songmingyang/anaconda3/envs/tool_server/lib/python3.10/os.py | Send heart beat. Models: ['grounding_dino']. Semaphore: Semaphore(value=5, locked=False). global_counter: 3. worker_id: df687c. 
2024-12-04 12:59:39 | INFO | /mnt/petrelfs/songmingyang/anaconda3/envs/tool_server/lib/python3.10/os.py | Send heart beat. Models: ['grounding_dino']. Semaphore: Semaphore(value=5, locked=False). global_counter: 3. worker_id: df687c. 
2024-12-04 13:00:24 | INFO | /mnt/petrelfs/songmingyang/anaconda3/envs/tool_server/lib/python3.10/os.py | Send heart beat. Models: ['grounding_dino']. Semaphore: Semaphore(value=5, locked=False). global_counter: 3. worker_id: df687c. 
2024-12-04 13:01:09 | INFO | /mnt/petrelfs/songmingyang/anaconda3/envs/tool_server/lib/python3.10/os.py | Send heart beat. Models: ['grounding_dino']. Semaphore: Semaphore(value=5, locked=False). global_counter: 3. worker_id: df687c. 
2024-12-04 13:01:54 | INFO | /mnt/petrelfs/songmingyang/anaconda3/envs/tool_server/lib/python3.10/os.py | Send heart beat. Models: ['grounding_dino']. Semaphore: Semaphore(value=5, locked=False). global_counter: 3. worker_id: df687c. 
2024-12-04 13:02:39 | INFO | /mnt/petrelfs/songmingyang/anaconda3/envs/tool_server/lib/python3.10/os.py | Send heart beat. Models: ['grounding_dino']. Semaphore: Semaphore(value=5, locked=False). global_counter: 3. worker_id: df687c. 
2024-12-04 13:03:24 | INFO | /mnt/petrelfs/songmingyang/anaconda3/envs/tool_server/lib/python3.10/os.py | Send heart beat. Models: ['grounding_dino']. Semaphore: Semaphore(value=5, locked=False). global_counter: 3. worker_id: df687c. 
2024-12-04 13:04:09 | INFO | /mnt/petrelfs/songmingyang/anaconda3/envs/tool_server/lib/python3.10/os.py | Send heart beat. Models: ['grounding_dino']. Semaphore: Semaphore(value=5, locked=False). global_counter: 3. worker_id: df687c. 
2024-12-04 13:04:54 | INFO | /mnt/petrelfs/songmingyang/anaconda3/envs/tool_server/lib/python3.10/os.py | Send heart beat. Models: ['grounding_dino']. Semaphore: Semaphore(value=5, locked=False). global_counter: 3. worker_id: df687c. 
2024-12-04 13:05:39 | INFO | /mnt/petrelfs/songmingyang/anaconda3/envs/tool_server/lib/python3.10/os.py | Send heart beat. Models: ['grounding_dino']. Semaphore: Semaphore(value=5, locked=False). global_counter: 3. worker_id: df687c. 
2024-12-04 13:06:24 | INFO | /mnt/petrelfs/songmingyang/anaconda3/envs/tool_server/lib/python3.10/os.py | Send heart beat. Models: ['grounding_dino']. Semaphore: Semaphore(value=5, locked=False). global_counter: 3. worker_id: df687c. 
2024-12-04 13:07:09 | INFO | /mnt/petrelfs/songmingyang/anaconda3/envs/tool_server/lib/python3.10/os.py | Send heart beat. Models: ['grounding_dino']. Semaphore: Semaphore(value=5, locked=False). global_counter: 3. worker_id: df687c. 
2024-12-04 13:07:54 | INFO | /mnt/petrelfs/songmingyang/anaconda3/envs/tool_server/lib/python3.10/os.py | Send heart beat. Models: ['grounding_dino']. Semaphore: Semaphore(value=5, locked=False). global_counter: 3. worker_id: df687c. 
2024-12-04 13:08:39 | INFO | /mnt/petrelfs/songmingyang/anaconda3/envs/tool_server/lib/python3.10/os.py | Send heart beat. Models: ['grounding_dino']. Semaphore: Semaphore(value=5, locked=False). global_counter: 3. worker_id: df687c. 
2024-12-04 13:09:24 | INFO | /mnt/petrelfs/songmingyang/anaconda3/envs/tool_server/lib/python3.10/os.py | Send heart beat. Models: ['grounding_dino']. Semaphore: Semaphore(value=5, locked=False). global_counter: 3. worker_id: df687c. 
2024-12-04 13:10:10 | INFO | /mnt/petrelfs/songmingyang/anaconda3/envs/tool_server/lib/python3.10/os.py | Send heart beat. Models: ['grounding_dino']. Semaphore: Semaphore(value=5, locked=False). global_counter: 3. worker_id: df687c. 
2024-12-04 13:10:55 | INFO | /mnt/petrelfs/songmingyang/anaconda3/envs/tool_server/lib/python3.10/os.py | Send heart beat. Models: ['grounding_dino']. Semaphore: Semaphore(value=5, locked=False). global_counter: 3. worker_id: df687c. 
2024-12-04 13:11:40 | INFO | /mnt/petrelfs/songmingyang/anaconda3/envs/tool_server/lib/python3.10/os.py | Send heart beat. Models: ['grounding_dino']. Semaphore: Semaphore(value=5, locked=False). global_counter: 3. worker_id: df687c. 
2024-12-04 13:12:25 | INFO | /mnt/petrelfs/songmingyang/anaconda3/envs/tool_server/lib/python3.10/os.py | Send heart beat. Models: ['grounding_dino']. Semaphore: Semaphore(value=5, locked=False). global_counter: 3. worker_id: df687c. 
2024-12-04 13:13:10 | INFO | /mnt/petrelfs/songmingyang/anaconda3/envs/tool_server/lib/python3.10/os.py | Send heart beat. Models: ['grounding_dino']. Semaphore: Semaphore(value=5, locked=False). global_counter: 3. worker_id: df687c. 
2024-12-04 13:13:55 | INFO | /mnt/petrelfs/songmingyang/anaconda3/envs/tool_server/lib/python3.10/os.py | Send heart beat. Models: ['grounding_dino']. Semaphore: Semaphore(value=5, locked=False). global_counter: 3. worker_id: df687c. 
2024-12-04 13:14:40 | INFO | /mnt/petrelfs/songmingyang/anaconda3/envs/tool_server/lib/python3.10/os.py | Send heart beat. Models: ['grounding_dino']. Semaphore: Semaphore(value=5, locked=False). global_counter: 3. worker_id: df687c. 
2024-12-04 13:15:25 | INFO | /mnt/petrelfs/songmingyang/anaconda3/envs/tool_server/lib/python3.10/os.py | Send heart beat. Models: ['grounding_dino']. Semaphore: Semaphore(value=5, locked=False). global_counter: 3. worker_id: df687c. 
2024-12-04 13:16:10 | INFO | /mnt/petrelfs/songmingyang/anaconda3/envs/tool_server/lib/python3.10/os.py | Send heart beat. Models: ['grounding_dino']. Semaphore: Semaphore(value=5, locked=False). global_counter: 3. worker_id: df687c. 
2024-12-04 13:16:55 | INFO | /mnt/petrelfs/songmingyang/anaconda3/envs/tool_server/lib/python3.10/os.py | Send heart beat. Models: ['grounding_dino']. Semaphore: Semaphore(value=5, locked=False). global_counter: 3. worker_id: df687c. 
2024-12-04 13:17:40 | INFO | /mnt/petrelfs/songmingyang/anaconda3/envs/tool_server/lib/python3.10/os.py | Send heart beat. Models: ['grounding_dino']. Semaphore: Semaphore(value=5, locked=False). global_counter: 3. worker_id: df687c. 
2024-12-04 13:18:25 | INFO | /mnt/petrelfs/songmingyang/anaconda3/envs/tool_server/lib/python3.10/os.py | Send heart beat. Models: ['grounding_dino']. Semaphore: Semaphore(value=5, locked=False). global_counter: 3. worker_id: df687c. 
2024-12-04 13:19:10 | INFO | /mnt/petrelfs/songmingyang/anaconda3/envs/tool_server/lib/python3.10/os.py | Send heart beat. Models: ['grounding_dino']. Semaphore: Semaphore(value=5, locked=False). global_counter: 3. worker_id: df687c. 
2024-12-04 13:19:55 | INFO | /mnt/petrelfs/songmingyang/anaconda3/envs/tool_server/lib/python3.10/os.py | Send heart beat. Models: ['grounding_dino']. Semaphore: Semaphore(value=5, locked=False). global_counter: 3. worker_id: df687c. 
2024-12-04 13:20:40 | INFO | /mnt/petrelfs/songmingyang/anaconda3/envs/tool_server/lib/python3.10/os.py | Send heart beat. Models: ['grounding_dino']. Semaphore: Semaphore(value=5, locked=False). global_counter: 3. worker_id: df687c. 
2024-12-04 13:21:25 | INFO | /mnt/petrelfs/songmingyang/anaconda3/envs/tool_server/lib/python3.10/os.py | Send heart beat. Models: ['grounding_dino']. Semaphore: Semaphore(value=5, locked=False). global_counter: 3. worker_id: df687c. 
2024-12-04 13:22:10 | INFO | /mnt/petrelfs/songmingyang/anaconda3/envs/tool_server/lib/python3.10/os.py | Send heart beat. Models: ['grounding_dino']. Semaphore: Semaphore(value=5, locked=False). global_counter: 3. worker_id: df687c. 
2024-12-04 13:22:55 | INFO | /mnt/petrelfs/songmingyang/anaconda3/envs/tool_server/lib/python3.10/os.py | Send heart beat. Models: ['grounding_dino']. Semaphore: Semaphore(value=5, locked=False). global_counter: 3. worker_id: df687c. 
2024-12-04 13:23:40 | INFO | /mnt/petrelfs/songmingyang/anaconda3/envs/tool_server/lib/python3.10/os.py | Send heart beat. Models: ['grounding_dino']. Semaphore: Semaphore(value=5, locked=False). global_counter: 3. worker_id: df687c. 
2024-12-04 13:24:25 | INFO | /mnt/petrelfs/songmingyang/anaconda3/envs/tool_server/lib/python3.10/os.py | Send heart beat. Models: ['grounding_dino']. Semaphore: Semaphore(value=5, locked=False). global_counter: 3. worker_id: df687c. 
2024-12-04 13:25:10 | INFO | /mnt/petrelfs/songmingyang/anaconda3/envs/tool_server/lib/python3.10/os.py | Send heart beat. Models: ['grounding_dino']. Semaphore: Semaphore(value=5, locked=False). global_counter: 3. worker_id: df687c. 
2024-12-04 13:25:55 | INFO | /mnt/petrelfs/songmingyang/anaconda3/envs/tool_server/lib/python3.10/os.py | Send heart beat. Models: ['grounding_dino']. Semaphore: Semaphore(value=5, locked=False). global_counter: 3. worker_id: df687c. 
2024-12-04 13:26:41 | INFO | /mnt/petrelfs/songmingyang/anaconda3/envs/tool_server/lib/python3.10/os.py | Send heart beat. Models: ['grounding_dino']. Semaphore: Semaphore(value=5, locked=False). global_counter: 3. worker_id: df687c. 
2024-12-04 13:27:26 | INFO | /mnt/petrelfs/songmingyang/anaconda3/envs/tool_server/lib/python3.10/os.py | Send heart beat. Models: ['grounding_dino']. Semaphore: Semaphore(value=5, locked=False). global_counter: 3. worker_id: df687c. 
2024-12-04 13:28:11 | INFO | /mnt/petrelfs/songmingyang/anaconda3/envs/tool_server/lib/python3.10/os.py | Send heart beat. Models: ['grounding_dino']. Semaphore: Semaphore(value=5, locked=False). global_counter: 3. worker_id: df687c. 
2024-12-04 13:28:56 | INFO | /mnt/petrelfs/songmingyang/anaconda3/envs/tool_server/lib/python3.10/os.py | Send heart beat. Models: ['grounding_dino']. Semaphore: Semaphore(value=5, locked=False). global_counter: 3. worker_id: df687c. 
2024-12-04 13:29:41 | INFO | /mnt/petrelfs/songmingyang/anaconda3/envs/tool_server/lib/python3.10/os.py | Send heart beat. Models: ['grounding_dino']. Semaphore: Semaphore(value=5, locked=False). global_counter: 3. worker_id: df687c. 
2024-12-04 13:30:26 | INFO | /mnt/petrelfs/songmingyang/anaconda3/envs/tool_server/lib/python3.10/os.py | Send heart beat. Models: ['grounding_dino']. Semaphore: Semaphore(value=5, locked=False). global_counter: 3. worker_id: df687c. 
2024-12-04 13:31:11 | INFO | /mnt/petrelfs/songmingyang/anaconda3/envs/tool_server/lib/python3.10/os.py | Send heart beat. Models: ['grounding_dino']. Semaphore: Semaphore(value=5, locked=False). global_counter: 3. worker_id: df687c. 
2024-12-04 13:31:56 | INFO | /mnt/petrelfs/songmingyang/anaconda3/envs/tool_server/lib/python3.10/os.py | Send heart beat. Models: ['grounding_dino']. Semaphore: Semaphore(value=5, locked=False). global_counter: 3. worker_id: df687c. 
2024-12-04 13:32:41 | INFO | /mnt/petrelfs/songmingyang/anaconda3/envs/tool_server/lib/python3.10/os.py | Send heart beat. Models: ['grounding_dino']. Semaphore: Semaphore(value=5, locked=False). global_counter: 3. worker_id: df687c. 
2024-12-04 13:33:26 | INFO | /mnt/petrelfs/songmingyang/anaconda3/envs/tool_server/lib/python3.10/os.py | Send heart beat. Models: ['grounding_dino']. Semaphore: Semaphore(value=5, locked=False). global_counter: 3. worker_id: df687c. 
2024-12-04 13:34:11 | INFO | /mnt/petrelfs/songmingyang/anaconda3/envs/tool_server/lib/python3.10/os.py | Send heart beat. Models: ['grounding_dino']. Semaphore: Semaphore(value=5, locked=False). global_counter: 3. worker_id: df687c. 
2024-12-04 13:34:56 | INFO | /mnt/petrelfs/songmingyang/anaconda3/envs/tool_server/lib/python3.10/os.py | Send heart beat. Models: ['grounding_dino']. Semaphore: Semaphore(value=5, locked=False). global_counter: 3. worker_id: df687c. 
2024-12-04 13:35:41 | INFO | /mnt/petrelfs/songmingyang/anaconda3/envs/tool_server/lib/python3.10/os.py | Send heart beat. Models: ['grounding_dino']. Semaphore: Semaphore(value=5, locked=False). global_counter: 3. worker_id: df687c. 
2024-12-04 13:36:26 | INFO | /mnt/petrelfs/songmingyang/anaconda3/envs/tool_server/lib/python3.10/os.py | Send heart beat. Models: ['grounding_dino']. Semaphore: Semaphore(value=5, locked=False). global_counter: 3. worker_id: df687c. 
2024-12-04 13:37:11 | INFO | /mnt/petrelfs/songmingyang/anaconda3/envs/tool_server/lib/python3.10/os.py | Send heart beat. Models: ['grounding_dino']. Semaphore: Semaphore(value=5, locked=False). global_counter: 3. worker_id: df687c. 
2024-12-04 13:37:56 | INFO | /mnt/petrelfs/songmingyang/anaconda3/envs/tool_server/lib/python3.10/os.py | Send heart beat. Models: ['grounding_dino']. Semaphore: Semaphore(value=5, locked=False). global_counter: 3. worker_id: df687c. 
2024-12-04 13:38:41 | INFO | /mnt/petrelfs/songmingyang/anaconda3/envs/tool_server/lib/python3.10/os.py | Send heart beat. Models: ['grounding_dino']. Semaphore: Semaphore(value=5, locked=False). global_counter: 3. worker_id: df687c. 
2024-12-04 13:39:26 | INFO | /mnt/petrelfs/songmingyang/anaconda3/envs/tool_server/lib/python3.10/os.py | Send heart beat. Models: ['grounding_dino']. Semaphore: Semaphore(value=5, locked=False). global_counter: 3. worker_id: df687c. 
2024-12-04 13:40:11 | INFO | /mnt/petrelfs/songmingyang/anaconda3/envs/tool_server/lib/python3.10/os.py | Send heart beat. Models: ['grounding_dino']. Semaphore: Semaphore(value=5, locked=False). global_counter: 3. worker_id: df687c. 
2024-12-04 13:40:56 | INFO | /mnt/petrelfs/songmingyang/anaconda3/envs/tool_server/lib/python3.10/os.py | Send heart beat. Models: ['grounding_dino']. Semaphore: Semaphore(value=5, locked=False). global_counter: 3. worker_id: df687c. 
2024-12-04 13:41:41 | INFO | /mnt/petrelfs/songmingyang/anaconda3/envs/tool_server/lib/python3.10/os.py | Send heart beat. Models: ['grounding_dino']. Semaphore: Semaphore(value=5, locked=False). global_counter: 3. worker_id: df687c. 
2024-12-04 13:42:26 | INFO | /mnt/petrelfs/songmingyang/anaconda3/envs/tool_server/lib/python3.10/os.py | Send heart beat. Models: ['grounding_dino']. Semaphore: Semaphore(value=5, locked=False). global_counter: 3. worker_id: df687c. 
2024-12-04 13:43:12 | INFO | /mnt/petrelfs/songmingyang/anaconda3/envs/tool_server/lib/python3.10/os.py | Send heart beat. Models: ['grounding_dino']. Semaphore: Semaphore(value=5, locked=False). global_counter: 3. worker_id: df687c. 
2024-12-04 13:43:57 | INFO | /mnt/petrelfs/songmingyang/anaconda3/envs/tool_server/lib/python3.10/os.py | Send heart beat. Models: ['grounding_dino']. Semaphore: Semaphore(value=5, locked=False). global_counter: 3. worker_id: df687c. 
2024-12-04 13:44:42 | INFO | /mnt/petrelfs/songmingyang/anaconda3/envs/tool_server/lib/python3.10/os.py | Send heart beat. Models: ['grounding_dino']. Semaphore: Semaphore(value=5, locked=False). global_counter: 3. worker_id: df687c. 
2024-12-04 13:45:27 | INFO | /mnt/petrelfs/songmingyang/anaconda3/envs/tool_server/lib/python3.10/os.py | Send heart beat. Models: ['grounding_dino']. Semaphore: Semaphore(value=5, locked=False). global_counter: 3. worker_id: df687c. 
2024-12-04 13:46:12 | INFO | /mnt/petrelfs/songmingyang/anaconda3/envs/tool_server/lib/python3.10/os.py | Send heart beat. Models: ['grounding_dino']. Semaphore: Semaphore(value=5, locked=False). global_counter: 3. worker_id: df687c. 
2024-12-04 13:46:57 | INFO | /mnt/petrelfs/songmingyang/anaconda3/envs/tool_server/lib/python3.10/os.py | Send heart beat. Models: ['grounding_dino']. Semaphore: Semaphore(value=5, locked=False). global_counter: 3. worker_id: df687c. 
2024-12-04 13:47:42 | INFO | /mnt/petrelfs/songmingyang/anaconda3/envs/tool_server/lib/python3.10/os.py | Send heart beat. Models: ['grounding_dino']. Semaphore: Semaphore(value=5, locked=False). global_counter: 3. worker_id: df687c. 
2024-12-04 13:48:27 | INFO | /mnt/petrelfs/songmingyang/anaconda3/envs/tool_server/lib/python3.10/os.py | Send heart beat. Models: ['grounding_dino']. Semaphore: Semaphore(value=5, locked=False). global_counter: 3. worker_id: df687c. 
2024-12-04 13:49:12 | INFO | /mnt/petrelfs/songmingyang/anaconda3/envs/tool_server/lib/python3.10/os.py | Send heart beat. Models: ['grounding_dino']. Semaphore: Semaphore(value=5, locked=False). global_counter: 3. worker_id: df687c. 
2024-12-04 13:49:57 | INFO | /mnt/petrelfs/songmingyang/anaconda3/envs/tool_server/lib/python3.10/os.py | Send heart beat. Models: ['grounding_dino']. Semaphore: Semaphore(value=5, locked=False). global_counter: 3. worker_id: df687c. 
2024-12-04 13:50:42 | INFO | /mnt/petrelfs/songmingyang/anaconda3/envs/tool_server/lib/python3.10/os.py | Send heart beat. Models: ['grounding_dino']. Semaphore: Semaphore(value=5, locked=False). global_counter: 3. worker_id: df687c. 
2024-12-04 13:51:27 | INFO | /mnt/petrelfs/songmingyang/anaconda3/envs/tool_server/lib/python3.10/os.py | Send heart beat. Models: ['grounding_dino']. Semaphore: Semaphore(value=5, locked=False). global_counter: 3. worker_id: df687c. 
2024-12-04 13:52:12 | INFO | /mnt/petrelfs/songmingyang/anaconda3/envs/tool_server/lib/python3.10/os.py | Send heart beat. Models: ['grounding_dino']. Semaphore: Semaphore(value=5, locked=False). global_counter: 3. worker_id: df687c. 
2024-12-04 13:52:57 | INFO | /mnt/petrelfs/songmingyang/anaconda3/envs/tool_server/lib/python3.10/os.py | Send heart beat. Models: ['grounding_dino']. Semaphore: Semaphore(value=5, locked=False). global_counter: 3. worker_id: df687c. 
2024-12-04 13:53:42 | INFO | /mnt/petrelfs/songmingyang/anaconda3/envs/tool_server/lib/python3.10/os.py | Send heart beat. Models: ['grounding_dino']. Semaphore: Semaphore(value=5, locked=False). global_counter: 3. worker_id: df687c. 
2024-12-04 13:54:27 | INFO | /mnt/petrelfs/songmingyang/anaconda3/envs/tool_server/lib/python3.10/os.py | Send heart beat. Models: ['grounding_dino']. Semaphore: Semaphore(value=5, locked=False). global_counter: 3. worker_id: df687c. 
2024-12-04 13:55:12 | INFO | /mnt/petrelfs/songmingyang/anaconda3/envs/tool_server/lib/python3.10/os.py | Send heart beat. Models: ['grounding_dino']. Semaphore: Semaphore(value=5, locked=False). global_counter: 3. worker_id: df687c. 
2024-12-04 13:55:57 | INFO | /mnt/petrelfs/songmingyang/anaconda3/envs/tool_server/lib/python3.10/os.py | Send heart beat. Models: ['grounding_dino']. Semaphore: Semaphore(value=5, locked=False). global_counter: 3. worker_id: df687c. 
2024-12-04 13:56:42 | INFO | /mnt/petrelfs/songmingyang/anaconda3/envs/tool_server/lib/python3.10/os.py | Send heart beat. Models: ['grounding_dino']. Semaphore: Semaphore(value=5, locked=False). global_counter: 3. worker_id: df687c. 
2024-12-04 13:57:27 | INFO | /mnt/petrelfs/songmingyang/anaconda3/envs/tool_server/lib/python3.10/os.py | Send heart beat. Models: ['grounding_dino']. Semaphore: Semaphore(value=5, locked=False). global_counter: 3. worker_id: df687c. 
2024-12-04 13:58:13 | INFO | /mnt/petrelfs/songmingyang/anaconda3/envs/tool_server/lib/python3.10/os.py | Send heart beat. Models: ['grounding_dino']. Semaphore: Semaphore(value=5, locked=False). global_counter: 3. worker_id: df687c. 
2024-12-04 13:58:58 | INFO | /mnt/petrelfs/songmingyang/anaconda3/envs/tool_server/lib/python3.10/os.py | Send heart beat. Models: ['grounding_dino']. Semaphore: Semaphore(value=5, locked=False). global_counter: 3. worker_id: df687c. 
2024-12-04 13:59:43 | INFO | /mnt/petrelfs/songmingyang/anaconda3/envs/tool_server/lib/python3.10/os.py | Send heart beat. Models: ['grounding_dino']. Semaphore: Semaphore(value=5, locked=False). global_counter: 3. worker_id: df687c. 
2024-12-04 14:00:28 | INFO | /mnt/petrelfs/songmingyang/anaconda3/envs/tool_server/lib/python3.10/os.py | Send heart beat. Models: ['grounding_dino']. Semaphore: Semaphore(value=5, locked=False). global_counter: 3. worker_id: df687c. 
2024-12-04 14:01:13 | INFO | /mnt/petrelfs/songmingyang/anaconda3/envs/tool_server/lib/python3.10/os.py | Send heart beat. Models: ['grounding_dino']. Semaphore: Semaphore(value=5, locked=False). global_counter: 3. worker_id: df687c. 
2024-12-04 14:01:58 | INFO | /mnt/petrelfs/songmingyang/anaconda3/envs/tool_server/lib/python3.10/os.py | Send heart beat. Models: ['grounding_dino']. Semaphore: Semaphore(value=5, locked=False). global_counter: 3. worker_id: df687c. 
2024-12-04 14:02:43 | INFO | /mnt/petrelfs/songmingyang/anaconda3/envs/tool_server/lib/python3.10/os.py | Send heart beat. Models: ['grounding_dino']. Semaphore: Semaphore(value=5, locked=False). global_counter: 3. worker_id: df687c. 
2024-12-04 14:03:28 | INFO | /mnt/petrelfs/songmingyang/anaconda3/envs/tool_server/lib/python3.10/os.py | Send heart beat. Models: ['grounding_dino']. Semaphore: Semaphore(value=5, locked=False). global_counter: 3. worker_id: df687c. 
2024-12-04 14:04:13 | INFO | /mnt/petrelfs/songmingyang/anaconda3/envs/tool_server/lib/python3.10/os.py | Send heart beat. Models: ['grounding_dino']. Semaphore: Semaphore(value=5, locked=False). global_counter: 3. worker_id: df687c. 
2024-12-04 14:04:58 | INFO | /mnt/petrelfs/songmingyang/anaconda3/envs/tool_server/lib/python3.10/os.py | Send heart beat. Models: ['grounding_dino']. Semaphore: Semaphore(value=5, locked=False). global_counter: 3. worker_id: df687c. 
2024-12-04 14:05:43 | INFO | /mnt/petrelfs/songmingyang/anaconda3/envs/tool_server/lib/python3.10/os.py | Send heart beat. Models: ['grounding_dino']. Semaphore: Semaphore(value=5, locked=False). global_counter: 3. worker_id: df687c. 
2024-12-04 14:06:28 | INFO | /mnt/petrelfs/songmingyang/anaconda3/envs/tool_server/lib/python3.10/os.py | Send heart beat. Models: ['grounding_dino']. Semaphore: Semaphore(value=5, locked=False). global_counter: 3. worker_id: df687c. 
2024-12-04 14:07:13 | INFO | /mnt/petrelfs/songmingyang/anaconda3/envs/tool_server/lib/python3.10/os.py | Send heart beat. Models: ['grounding_dino']. Semaphore: Semaphore(value=5, locked=False). global_counter: 3. worker_id: df687c. 
2024-12-04 14:07:58 | INFO | /mnt/petrelfs/songmingyang/anaconda3/envs/tool_server/lib/python3.10/os.py | Send heart beat. Models: ['grounding_dino']. Semaphore: Semaphore(value=5, locked=False). global_counter: 3. worker_id: df687c. 
2024-12-04 14:08:43 | INFO | /mnt/petrelfs/songmingyang/anaconda3/envs/tool_server/lib/python3.10/os.py | Send heart beat. Models: ['grounding_dino']. Semaphore: Semaphore(value=5, locked=False). global_counter: 3. worker_id: df687c. 
2024-12-04 14:09:28 | INFO | /mnt/petrelfs/songmingyang/anaconda3/envs/tool_server/lib/python3.10/os.py | Send heart beat. Models: ['grounding_dino']. Semaphore: Semaphore(value=5, locked=False). global_counter: 3. worker_id: df687c. 
2024-12-04 14:10:13 | INFO | /mnt/petrelfs/songmingyang/anaconda3/envs/tool_server/lib/python3.10/os.py | Send heart beat. Models: ['grounding_dino']. Semaphore: Semaphore(value=5, locked=False). global_counter: 3. worker_id: df687c. 
2024-12-04 14:10:58 | INFO | /mnt/petrelfs/songmingyang/anaconda3/envs/tool_server/lib/python3.10/os.py | Send heart beat. Models: ['grounding_dino']. Semaphore: Semaphore(value=5, locked=False). global_counter: 3. worker_id: df687c. 
2024-12-04 14:11:43 | INFO | /mnt/petrelfs/songmingyang/anaconda3/envs/tool_server/lib/python3.10/os.py | Send heart beat. Models: ['grounding_dino']. Semaphore: Semaphore(value=5, locked=False). global_counter: 3. worker_id: df687c. 
2024-12-04 14:12:28 | INFO | /mnt/petrelfs/songmingyang/anaconda3/envs/tool_server/lib/python3.10/os.py | Send heart beat. Models: ['grounding_dino']. Semaphore: Semaphore(value=5, locked=False). global_counter: 3. worker_id: df687c. 
2024-12-04 14:13:13 | INFO | /mnt/petrelfs/songmingyang/anaconda3/envs/tool_server/lib/python3.10/os.py | Send heart beat. Models: ['grounding_dino']. Semaphore: Semaphore(value=5, locked=False). global_counter: 3. worker_id: df687c. 
2024-12-04 14:13:58 | INFO | /mnt/petrelfs/songmingyang/anaconda3/envs/tool_server/lib/python3.10/os.py | Send heart beat. Models: ['grounding_dino']. Semaphore: Semaphore(value=5, locked=False). global_counter: 3. worker_id: df687c. 
2024-12-04 14:14:44 | INFO | /mnt/petrelfs/songmingyang/anaconda3/envs/tool_server/lib/python3.10/os.py | Send heart beat. Models: ['grounding_dino']. Semaphore: Semaphore(value=5, locked=False). global_counter: 3. worker_id: df687c. 
2024-12-04 14:15:29 | INFO | /mnt/petrelfs/songmingyang/anaconda3/envs/tool_server/lib/python3.10/os.py | Send heart beat. Models: ['grounding_dino']. Semaphore: Semaphore(value=5, locked=False). global_counter: 3. worker_id: df687c. 
2024-12-04 14:16:14 | INFO | /mnt/petrelfs/songmingyang/anaconda3/envs/tool_server/lib/python3.10/os.py | Send heart beat. Models: ['grounding_dino']. Semaphore: Semaphore(value=5, locked=False). global_counter: 3. worker_id: df687c. 
2024-12-04 14:16:59 | INFO | /mnt/petrelfs/songmingyang/anaconda3/envs/tool_server/lib/python3.10/os.py | Send heart beat. Models: ['grounding_dino']. Semaphore: Semaphore(value=5, locked=False). global_counter: 3. worker_id: df687c. 
2024-12-04 14:17:44 | INFO | /mnt/petrelfs/songmingyang/anaconda3/envs/tool_server/lib/python3.10/os.py | Send heart beat. Models: ['grounding_dino']. Semaphore: Semaphore(value=5, locked=False). global_counter: 3. worker_id: df687c. 
2024-12-04 14:18:29 | INFO | /mnt/petrelfs/songmingyang/anaconda3/envs/tool_server/lib/python3.10/os.py | Send heart beat. Models: ['grounding_dino']. Semaphore: Semaphore(value=5, locked=False). global_counter: 3. worker_id: df687c. 
2024-12-04 14:19:14 | INFO | /mnt/petrelfs/songmingyang/anaconda3/envs/tool_server/lib/python3.10/os.py | Send heart beat. Models: ['grounding_dino']. Semaphore: Semaphore(value=5, locked=False). global_counter: 3. worker_id: df687c. 
2024-12-04 14:19:59 | INFO | /mnt/petrelfs/songmingyang/anaconda3/envs/tool_server/lib/python3.10/os.py | Send heart beat. Models: ['grounding_dino']. Semaphore: Semaphore(value=5, locked=False). global_counter: 3. worker_id: df687c. 
2024-12-04 14:20:44 | INFO | /mnt/petrelfs/songmingyang/anaconda3/envs/tool_server/lib/python3.10/os.py | Send heart beat. Models: ['grounding_dino']. Semaphore: Semaphore(value=5, locked=False). global_counter: 3. worker_id: df687c. 
2024-12-04 14:21:29 | INFO | /mnt/petrelfs/songmingyang/anaconda3/envs/tool_server/lib/python3.10/os.py | Send heart beat. Models: ['grounding_dino']. Semaphore: Semaphore(value=5, locked=False). global_counter: 3. worker_id: df687c. 
2024-12-04 14:22:14 | INFO | /mnt/petrelfs/songmingyang/anaconda3/envs/tool_server/lib/python3.10/os.py | Send heart beat. Models: ['grounding_dino']. Semaphore: Semaphore(value=5, locked=False). global_counter: 3. worker_id: df687c. 
