[2024-12-04 11:09:32,059] [INFO] [real_accelerator.py:219:get_accelerator] Setting ds_accelerator to cuda (auto detect)
2024-12-04 11:09:40 | INFO | /mnt/petrelfs/songmingyang/anaconda3/envs/tool_server/lib/python3.10/os.py | args: Namespace(host='0.0.0.0', port=20007, worker_address='auto', controller_address='http://SH-IDCA1404-10-140-54-5:20001', sam_path='/mnt/petrelfs/songmingyang/songmingyang/model/tool-augment/groundingdino/sam_vit_h_4b8939.pth', model_names=['sam'], device='cuda', limit_model_concurrency=5, stream_interval=2, no_register=False)
2024-12-04 11:09:40 | INFO | stdout | SLURM Node Name: SH-IDCA1404-10-140-54-108
2024-12-04 11:09:40 | INFO | /mnt/petrelfs/songmingyang/anaconda3/envs/tool_server/lib/python3.10/os.py | Register to controller
2024-12-04 11:09:49 | ERROR | stderr | INFO:     Started server process [58517]
2024-12-04 11:09:49 | ERROR | stderr | INFO:     Waiting for application startup.
2024-12-04 11:09:49 | ERROR | stderr | INFO:     Application startup complete.
2024-12-04 11:09:49 | ERROR | stderr | INFO:     Uvicorn running on http://0.0.0.0:20007 (Press CTRL+C to quit)
2024-12-04 11:10:20 | INFO | stdout | INFO:     10.140.54.5:56792 - "POST /worker_get_status HTTP/1.1" 200 OK
2024-12-04 11:10:23 | INFO | stdout | INFO:     10.140.54.5:56804 - "POST /worker_get_status HTTP/1.1" 200 OK
2024-12-04 11:10:25 | INFO | /mnt/petrelfs/songmingyang/anaconda3/envs/tool_server/lib/python3.10/os.py | Send heart beat. Models: ['sam']. Semaphore: None. global_counter: 0. worker_id: 918853. 
2024-12-04 11:11:10 | INFO | /mnt/petrelfs/songmingyang/anaconda3/envs/tool_server/lib/python3.10/os.py | Send heart beat. Models: ['sam']. Semaphore: None. global_counter: 0. worker_id: 918853. 
2024-12-04 11:11:55 | INFO | /mnt/petrelfs/songmingyang/anaconda3/envs/tool_server/lib/python3.10/os.py | Send heart beat. Models: ['sam']. Semaphore: None. global_counter: 0. worker_id: 918853. 
2024-12-04 11:12:40 | INFO | /mnt/petrelfs/songmingyang/anaconda3/envs/tool_server/lib/python3.10/os.py | Send heart beat. Models: ['sam']. Semaphore: None. global_counter: 0. worker_id: 918853. 
2024-12-04 11:13:19 | INFO | stdout | INFO:     10.140.54.5:56886 - "POST /worker_get_status HTTP/1.1" 200 OK
2024-12-04 11:13:25 | INFO | /mnt/petrelfs/songmingyang/anaconda3/envs/tool_server/lib/python3.10/os.py | Send heart beat. Models: ['sam']. Semaphore: None. global_counter: 0. worker_id: 918853. 
2024-12-04 11:14:10 | INFO | /mnt/petrelfs/songmingyang/anaconda3/envs/tool_server/lib/python3.10/os.py | Send heart beat. Models: ['sam']. Semaphore: None. global_counter: 0. worker_id: 918853. 
2024-12-04 11:14:55 | INFO | /mnt/petrelfs/songmingyang/anaconda3/envs/tool_server/lib/python3.10/os.py | Send heart beat. Models: ['sam']. Semaphore: None. global_counter: 0. worker_id: 918853. 
2024-12-04 11:15:40 | INFO | /mnt/petrelfs/songmingyang/anaconda3/envs/tool_server/lib/python3.10/os.py | Send heart beat. Models: ['sam']. Semaphore: None. global_counter: 0. worker_id: 918853. 
2024-12-04 11:16:25 | INFO | /mnt/petrelfs/songmingyang/anaconda3/envs/tool_server/lib/python3.10/os.py | Send heart beat. Models: ['sam']. Semaphore: None. global_counter: 0. worker_id: 918853. 
2024-12-04 11:17:10 | INFO | /mnt/petrelfs/songmingyang/anaconda3/envs/tool_server/lib/python3.10/os.py | Send heart beat. Models: ['sam']. Semaphore: None. global_counter: 0. worker_id: 918853. 
2024-12-04 11:17:55 | INFO | /mnt/petrelfs/songmingyang/anaconda3/envs/tool_server/lib/python3.10/os.py | Send heart beat. Models: ['sam']. Semaphore: None. global_counter: 0. worker_id: 918853. 
2024-12-04 11:18:40 | INFO | /mnt/petrelfs/songmingyang/anaconda3/envs/tool_server/lib/python3.10/os.py | Send heart beat. Models: ['sam']. Semaphore: None. global_counter: 0. worker_id: 918853. 
2024-12-04 11:19:25 | INFO | /mnt/petrelfs/songmingyang/anaconda3/envs/tool_server/lib/python3.10/os.py | Send heart beat. Models: ['sam']. Semaphore: None. global_counter: 0. worker_id: 918853. 
2024-12-04 11:20:10 | INFO | /mnt/petrelfs/songmingyang/anaconda3/envs/tool_server/lib/python3.10/os.py | Send heart beat. Models: ['sam']. Semaphore: None. global_counter: 0. worker_id: 918853. 
2024-12-04 11:20:55 | INFO | /mnt/petrelfs/songmingyang/anaconda3/envs/tool_server/lib/python3.10/os.py | Send heart beat. Models: ['sam']. Semaphore: None. global_counter: 0. worker_id: 918853. 
2024-12-04 11:21:40 | INFO | /mnt/petrelfs/songmingyang/anaconda3/envs/tool_server/lib/python3.10/os.py | Send heart beat. Models: ['sam']. Semaphore: None. global_counter: 0. worker_id: 918853. 
2024-12-04 11:22:25 | INFO | /mnt/petrelfs/songmingyang/anaconda3/envs/tool_server/lib/python3.10/os.py | Send heart beat. Models: ['sam']. Semaphore: None. global_counter: 0. worker_id: 918853. 
2024-12-04 11:23:10 | INFO | /mnt/petrelfs/songmingyang/anaconda3/envs/tool_server/lib/python3.10/os.py | Send heart beat. Models: ['sam']. Semaphore: None. global_counter: 0. worker_id: 918853. 
2024-12-04 11:23:55 | INFO | /mnt/petrelfs/songmingyang/anaconda3/envs/tool_server/lib/python3.10/os.py | Send heart beat. Models: ['sam']. Semaphore: None. global_counter: 0. worker_id: 918853. 
2024-12-04 11:24:40 | INFO | /mnt/petrelfs/songmingyang/anaconda3/envs/tool_server/lib/python3.10/os.py | Send heart beat. Models: ['sam']. Semaphore: None. global_counter: 0. worker_id: 918853. 
2024-12-04 11:25:25 | INFO | /mnt/petrelfs/songmingyang/anaconda3/envs/tool_server/lib/python3.10/os.py | Send heart beat. Models: ['sam']. Semaphore: None. global_counter: 0. worker_id: 918853. 
2024-12-04 11:26:11 | INFO | /mnt/petrelfs/songmingyang/anaconda3/envs/tool_server/lib/python3.10/os.py | Send heart beat. Models: ['sam']. Semaphore: None. global_counter: 0. worker_id: 918853. 
2024-12-04 11:26:34 | INFO | stdout | INFO:     10.140.54.5:57242 - "POST /worker_get_status HTTP/1.1" 200 OK
2024-12-04 11:26:56 | INFO | /mnt/petrelfs/songmingyang/anaconda3/envs/tool_server/lib/python3.10/os.py | Send heart beat. Models: ['sam']. Semaphore: None. global_counter: 0. worker_id: 918853. 
2024-12-04 11:27:41 | INFO | /mnt/petrelfs/songmingyang/anaconda3/envs/tool_server/lib/python3.10/os.py | Send heart beat. Models: ['sam']. Semaphore: None. global_counter: 0. worker_id: 918853. 
2024-12-04 11:28:26 | INFO | /mnt/petrelfs/songmingyang/anaconda3/envs/tool_server/lib/python3.10/os.py | Send heart beat. Models: ['sam']. Semaphore: None. global_counter: 0. worker_id: 918853. 
2024-12-04 11:29:11 | INFO | /mnt/petrelfs/songmingyang/anaconda3/envs/tool_server/lib/python3.10/os.py | Send heart beat. Models: ['sam']. Semaphore: None. global_counter: 0. worker_id: 918853. 
2024-12-04 11:29:56 | INFO | /mnt/petrelfs/songmingyang/anaconda3/envs/tool_server/lib/python3.10/os.py | Send heart beat. Models: ['sam']. Semaphore: None. global_counter: 0. worker_id: 918853. 
2024-12-04 11:30:41 | INFO | /mnt/petrelfs/songmingyang/anaconda3/envs/tool_server/lib/python3.10/os.py | Send heart beat. Models: ['sam']. Semaphore: None. global_counter: 0. worker_id: 918853. 
2024-12-04 11:31:26 | INFO | /mnt/petrelfs/songmingyang/anaconda3/envs/tool_server/lib/python3.10/os.py | Send heart beat. Models: ['sam']. Semaphore: None. global_counter: 0. worker_id: 918853. 
2024-12-04 11:32:11 | INFO | /mnt/petrelfs/songmingyang/anaconda3/envs/tool_server/lib/python3.10/os.py | Send heart beat. Models: ['sam']. Semaphore: None. global_counter: 0. worker_id: 918853. 
2024-12-04 11:32:56 | INFO | /mnt/petrelfs/songmingyang/anaconda3/envs/tool_server/lib/python3.10/os.py | Send heart beat. Models: ['sam']. Semaphore: None. global_counter: 0. worker_id: 918853. 
2024-12-04 11:33:41 | INFO | /mnt/petrelfs/songmingyang/anaconda3/envs/tool_server/lib/python3.10/os.py | Send heart beat. Models: ['sam']. Semaphore: None. global_counter: 0. worker_id: 918853. 
2024-12-04 11:34:26 | INFO | /mnt/petrelfs/songmingyang/anaconda3/envs/tool_server/lib/python3.10/os.py | Send heart beat. Models: ['sam']. Semaphore: None. global_counter: 0. worker_id: 918853. 
2024-12-04 11:34:49 | INFO | stdout | INFO:     10.140.54.5:57494 - "POST /worker_get_status HTTP/1.1" 200 OK
2024-12-04 11:34:58 | INFO | stdout | INFO:     10.140.54.5:57506 - "POST /worker_generate HTTP/1.1" 200 OK
2024-12-04 11:35:11 | INFO | /mnt/petrelfs/songmingyang/anaconda3/envs/tool_server/lib/python3.10/os.py | Send heart beat. Models: ['sam']. Semaphore: Semaphore(value=5, locked=False). global_counter: 1. worker_id: 918853. 
2024-12-04 11:35:56 | INFO | /mnt/petrelfs/songmingyang/anaconda3/envs/tool_server/lib/python3.10/os.py | Send heart beat. Models: ['sam']. Semaphore: Semaphore(value=5, locked=False). global_counter: 1. worker_id: 918853. 
2024-12-04 11:36:41 | INFO | /mnt/petrelfs/songmingyang/anaconda3/envs/tool_server/lib/python3.10/os.py | Send heart beat. Models: ['sam']. Semaphore: Semaphore(value=5, locked=False). global_counter: 1. worker_id: 918853. 
2024-12-04 11:37:26 | INFO | /mnt/petrelfs/songmingyang/anaconda3/envs/tool_server/lib/python3.10/os.py | Send heart beat. Models: ['sam']. Semaphore: Semaphore(value=5, locked=False). global_counter: 1. worker_id: 918853. 
2024-12-04 11:38:11 | INFO | /mnt/petrelfs/songmingyang/anaconda3/envs/tool_server/lib/python3.10/os.py | Send heart beat. Models: ['sam']. Semaphore: Semaphore(value=5, locked=False). global_counter: 1. worker_id: 918853. 
2024-12-04 11:38:56 | INFO | /mnt/petrelfs/songmingyang/anaconda3/envs/tool_server/lib/python3.10/os.py | Send heart beat. Models: ['sam']. Semaphore: Semaphore(value=5, locked=False). global_counter: 1. worker_id: 918853. 
2024-12-04 11:39:41 | INFO | /mnt/petrelfs/songmingyang/anaconda3/envs/tool_server/lib/python3.10/os.py | Send heart beat. Models: ['sam']. Semaphore: Semaphore(value=5, locked=False). global_counter: 1. worker_id: 918853. 
2024-12-04 11:40:26 | INFO | /mnt/petrelfs/songmingyang/anaconda3/envs/tool_server/lib/python3.10/os.py | Send heart beat. Models: ['sam']. Semaphore: Semaphore(value=5, locked=False). global_counter: 1. worker_id: 918853. 
2024-12-04 11:41:11 | INFO | /mnt/petrelfs/songmingyang/anaconda3/envs/tool_server/lib/python3.10/os.py | Send heart beat. Models: ['sam']. Semaphore: Semaphore(value=5, locked=False). global_counter: 1. worker_id: 918853. 
2024-12-04 11:41:56 | INFO | /mnt/petrelfs/songmingyang/anaconda3/envs/tool_server/lib/python3.10/os.py | Send heart beat. Models: ['sam']. Semaphore: Semaphore(value=5, locked=False). global_counter: 1. worker_id: 918853. 
2024-12-04 11:42:41 | INFO | /mnt/petrelfs/songmingyang/anaconda3/envs/tool_server/lib/python3.10/os.py | Send heart beat. Models: ['sam']. Semaphore: Semaphore(value=5, locked=False). global_counter: 1. worker_id: 918853. 
2024-12-04 11:43:26 | INFO | /mnt/petrelfs/songmingyang/anaconda3/envs/tool_server/lib/python3.10/os.py | Send heart beat. Models: ['sam']. Semaphore: Semaphore(value=5, locked=False). global_counter: 1. worker_id: 918853. 
2024-12-04 11:44:11 | INFO | /mnt/petrelfs/songmingyang/anaconda3/envs/tool_server/lib/python3.10/os.py | Send heart beat. Models: ['sam']. Semaphore: Semaphore(value=5, locked=False). global_counter: 1. worker_id: 918853. 
2024-12-04 11:44:57 | INFO | /mnt/petrelfs/songmingyang/anaconda3/envs/tool_server/lib/python3.10/os.py | Send heart beat. Models: ['sam']. Semaphore: Semaphore(value=5, locked=False). global_counter: 1. worker_id: 918853. 
2024-12-04 11:45:42 | INFO | /mnt/petrelfs/songmingyang/anaconda3/envs/tool_server/lib/python3.10/os.py | Send heart beat. Models: ['sam']. Semaphore: Semaphore(value=5, locked=False). global_counter: 1. worker_id: 918853. 
2024-12-04 11:46:27 | INFO | /mnt/petrelfs/songmingyang/anaconda3/envs/tool_server/lib/python3.10/os.py | Send heart beat. Models: ['sam']. Semaphore: Semaphore(value=5, locked=False). global_counter: 1. worker_id: 918853. 
2024-12-04 11:47:12 | INFO | /mnt/petrelfs/songmingyang/anaconda3/envs/tool_server/lib/python3.10/os.py | Send heart beat. Models: ['sam']. Semaphore: Semaphore(value=5, locked=False). global_counter: 1. worker_id: 918853. 
2024-12-04 11:47:57 | INFO | /mnt/petrelfs/songmingyang/anaconda3/envs/tool_server/lib/python3.10/os.py | Send heart beat. Models: ['sam']. Semaphore: Semaphore(value=5, locked=False). global_counter: 1. worker_id: 918853. 
2024-12-04 11:48:42 | INFO | /mnt/petrelfs/songmingyang/anaconda3/envs/tool_server/lib/python3.10/os.py | Send heart beat. Models: ['sam']. Semaphore: Semaphore(value=5, locked=False). global_counter: 1. worker_id: 918853. 
2024-12-04 11:49:27 | INFO | /mnt/petrelfs/songmingyang/anaconda3/envs/tool_server/lib/python3.10/os.py | Send heart beat. Models: ['sam']. Semaphore: Semaphore(value=5, locked=False). global_counter: 1. worker_id: 918853. 
2024-12-04 11:50:12 | INFO | /mnt/petrelfs/songmingyang/anaconda3/envs/tool_server/lib/python3.10/os.py | Send heart beat. Models: ['sam']. Semaphore: Semaphore(value=5, locked=False). global_counter: 1. worker_id: 918853. 
2024-12-04 11:50:57 | INFO | /mnt/petrelfs/songmingyang/anaconda3/envs/tool_server/lib/python3.10/os.py | Send heart beat. Models: ['sam']. Semaphore: Semaphore(value=5, locked=False). global_counter: 1. worker_id: 918853. 
2024-12-04 11:51:42 | INFO | /mnt/petrelfs/songmingyang/anaconda3/envs/tool_server/lib/python3.10/os.py | Send heart beat. Models: ['sam']. Semaphore: Semaphore(value=5, locked=False). global_counter: 1. worker_id: 918853. 
2024-12-04 11:52:27 | INFO | /mnt/petrelfs/songmingyang/anaconda3/envs/tool_server/lib/python3.10/os.py | Send heart beat. Models: ['sam']. Semaphore: Semaphore(value=5, locked=False). global_counter: 1. worker_id: 918853. 
2024-12-04 11:53:12 | INFO | /mnt/petrelfs/songmingyang/anaconda3/envs/tool_server/lib/python3.10/os.py | Send heart beat. Models: ['sam']. Semaphore: Semaphore(value=5, locked=False). global_counter: 1. worker_id: 918853. 
2024-12-04 11:53:57 | INFO | /mnt/petrelfs/songmingyang/anaconda3/envs/tool_server/lib/python3.10/os.py | Send heart beat. Models: ['sam']. Semaphore: Semaphore(value=5, locked=False). global_counter: 1. worker_id: 918853. 
2024-12-04 11:54:42 | INFO | /mnt/petrelfs/songmingyang/anaconda3/envs/tool_server/lib/python3.10/os.py | Send heart beat. Models: ['sam']. Semaphore: Semaphore(value=5, locked=False). global_counter: 1. worker_id: 918853. 
2024-12-04 11:55:27 | INFO | /mnt/petrelfs/songmingyang/anaconda3/envs/tool_server/lib/python3.10/os.py | Send heart beat. Models: ['sam']. Semaphore: Semaphore(value=5, locked=False). global_counter: 1. worker_id: 918853. 
2024-12-04 11:56:12 | INFO | /mnt/petrelfs/songmingyang/anaconda3/envs/tool_server/lib/python3.10/os.py | Send heart beat. Models: ['sam']. Semaphore: Semaphore(value=5, locked=False). global_counter: 1. worker_id: 918853. 
2024-12-04 11:56:57 | INFO | /mnt/petrelfs/songmingyang/anaconda3/envs/tool_server/lib/python3.10/os.py | Send heart beat. Models: ['sam']. Semaphore: Semaphore(value=5, locked=False). global_counter: 1. worker_id: 918853. 
2024-12-04 11:57:42 | INFO | /mnt/petrelfs/songmingyang/anaconda3/envs/tool_server/lib/python3.10/os.py | Send heart beat. Models: ['sam']. Semaphore: Semaphore(value=5, locked=False). global_counter: 1. worker_id: 918853. 
2024-12-04 11:58:27 | INFO | /mnt/petrelfs/songmingyang/anaconda3/envs/tool_server/lib/python3.10/os.py | Send heart beat. Models: ['sam']. Semaphore: Semaphore(value=5, locked=False). global_counter: 1. worker_id: 918853. 
2024-12-04 11:59:12 | INFO | /mnt/petrelfs/songmingyang/anaconda3/envs/tool_server/lib/python3.10/os.py | Send heart beat. Models: ['sam']. Semaphore: Semaphore(value=5, locked=False). global_counter: 1. worker_id: 918853. 
2024-12-04 11:59:57 | INFO | /mnt/petrelfs/songmingyang/anaconda3/envs/tool_server/lib/python3.10/os.py | Send heart beat. Models: ['sam']. Semaphore: Semaphore(value=5, locked=False). global_counter: 1. worker_id: 918853. 
2024-12-04 12:00:43 | INFO | /mnt/petrelfs/songmingyang/anaconda3/envs/tool_server/lib/python3.10/os.py | Send heart beat. Models: ['sam']. Semaphore: Semaphore(value=5, locked=False). global_counter: 1. worker_id: 918853. 
2024-12-04 12:01:28 | INFO | /mnt/petrelfs/songmingyang/anaconda3/envs/tool_server/lib/python3.10/os.py | Send heart beat. Models: ['sam']. Semaphore: Semaphore(value=5, locked=False). global_counter: 1. worker_id: 918853. 
2024-12-04 12:02:13 | INFO | /mnt/petrelfs/songmingyang/anaconda3/envs/tool_server/lib/python3.10/os.py | Send heart beat. Models: ['sam']. Semaphore: Semaphore(value=5, locked=False). global_counter: 1. worker_id: 918853. 
2024-12-04 12:02:58 | INFO | /mnt/petrelfs/songmingyang/anaconda3/envs/tool_server/lib/python3.10/os.py | Send heart beat. Models: ['sam']. Semaphore: Semaphore(value=5, locked=False). global_counter: 1. worker_id: 918853. 
2024-12-04 12:03:43 | INFO | /mnt/petrelfs/songmingyang/anaconda3/envs/tool_server/lib/python3.10/os.py | Send heart beat. Models: ['sam']. Semaphore: Semaphore(value=5, locked=False). global_counter: 1. worker_id: 918853. 
2024-12-04 12:04:28 | INFO | /mnt/petrelfs/songmingyang/anaconda3/envs/tool_server/lib/python3.10/os.py | Send heart beat. Models: ['sam']. Semaphore: Semaphore(value=5, locked=False). global_counter: 1. worker_id: 918853. 
2024-12-04 12:05:13 | INFO | /mnt/petrelfs/songmingyang/anaconda3/envs/tool_server/lib/python3.10/os.py | Send heart beat. Models: ['sam']. Semaphore: Semaphore(value=5, locked=False). global_counter: 1. worker_id: 918853. 
2024-12-04 12:05:58 | INFO | /mnt/petrelfs/songmingyang/anaconda3/envs/tool_server/lib/python3.10/os.py | Send heart beat. Models: ['sam']. Semaphore: Semaphore(value=5, locked=False). global_counter: 1. worker_id: 918853. 
2024-12-04 12:06:43 | INFO | /mnt/petrelfs/songmingyang/anaconda3/envs/tool_server/lib/python3.10/os.py | Send heart beat. Models: ['sam']. Semaphore: Semaphore(value=5, locked=False). global_counter: 1. worker_id: 918853. 
2024-12-04 12:07:28 | INFO | /mnt/petrelfs/songmingyang/anaconda3/envs/tool_server/lib/python3.10/os.py | Send heart beat. Models: ['sam']. Semaphore: Semaphore(value=5, locked=False). global_counter: 1. worker_id: 918853. 
2024-12-04 12:08:13 | INFO | /mnt/petrelfs/songmingyang/anaconda3/envs/tool_server/lib/python3.10/os.py | Send heart beat. Models: ['sam']. Semaphore: Semaphore(value=5, locked=False). global_counter: 1. worker_id: 918853. 
2024-12-04 12:08:58 | INFO | /mnt/petrelfs/songmingyang/anaconda3/envs/tool_server/lib/python3.10/os.py | Send heart beat. Models: ['sam']. Semaphore: Semaphore(value=5, locked=False). global_counter: 1. worker_id: 918853. 
2024-12-04 12:09:43 | INFO | /mnt/petrelfs/songmingyang/anaconda3/envs/tool_server/lib/python3.10/os.py | Send heart beat. Models: ['sam']. Semaphore: Semaphore(value=5, locked=False). global_counter: 1. worker_id: 918853. 
2024-12-04 12:10:28 | INFO | /mnt/petrelfs/songmingyang/anaconda3/envs/tool_server/lib/python3.10/os.py | Send heart beat. Models: ['sam']. Semaphore: Semaphore(value=5, locked=False). global_counter: 1. worker_id: 918853. 
2024-12-04 12:11:13 | INFO | /mnt/petrelfs/songmingyang/anaconda3/envs/tool_server/lib/python3.10/os.py | Send heart beat. Models: ['sam']. Semaphore: Semaphore(value=5, locked=False). global_counter: 1. worker_id: 918853. 
2024-12-04 12:11:58 | INFO | /mnt/petrelfs/songmingyang/anaconda3/envs/tool_server/lib/python3.10/os.py | Send heart beat. Models: ['sam']. Semaphore: Semaphore(value=5, locked=False). global_counter: 1. worker_id: 918853. 
2024-12-04 12:12:43 | INFO | /mnt/petrelfs/songmingyang/anaconda3/envs/tool_server/lib/python3.10/os.py | Send heart beat. Models: ['sam']. Semaphore: Semaphore(value=5, locked=False). global_counter: 1. worker_id: 918853. 
2024-12-04 12:13:28 | INFO | /mnt/petrelfs/songmingyang/anaconda3/envs/tool_server/lib/python3.10/os.py | Send heart beat. Models: ['sam']. Semaphore: Semaphore(value=5, locked=False). global_counter: 1. worker_id: 918853. 
2024-12-04 12:14:13 | INFO | /mnt/petrelfs/songmingyang/anaconda3/envs/tool_server/lib/python3.10/os.py | Send heart beat. Models: ['sam']. Semaphore: Semaphore(value=5, locked=False). global_counter: 1. worker_id: 918853. 
2024-12-04 12:14:58 | INFO | /mnt/petrelfs/songmingyang/anaconda3/envs/tool_server/lib/python3.10/os.py | Send heart beat. Models: ['sam']. Semaphore: Semaphore(value=5, locked=False). global_counter: 1. worker_id: 918853. 
2024-12-04 12:15:43 | INFO | /mnt/petrelfs/songmingyang/anaconda3/envs/tool_server/lib/python3.10/os.py | Send heart beat. Models: ['sam']. Semaphore: Semaphore(value=5, locked=False). global_counter: 1. worker_id: 918853. 
2024-12-04 12:16:28 | INFO | /mnt/petrelfs/songmingyang/anaconda3/envs/tool_server/lib/python3.10/os.py | Send heart beat. Models: ['sam']. Semaphore: Semaphore(value=5, locked=False). global_counter: 1. worker_id: 918853. 
2024-12-04 12:17:14 | INFO | /mnt/petrelfs/songmingyang/anaconda3/envs/tool_server/lib/python3.10/os.py | Send heart beat. Models: ['sam']. Semaphore: Semaphore(value=5, locked=False). global_counter: 1. worker_id: 918853. 
2024-12-04 12:17:59 | INFO | /mnt/petrelfs/songmingyang/anaconda3/envs/tool_server/lib/python3.10/os.py | Send heart beat. Models: ['sam']. Semaphore: Semaphore(value=5, locked=False). global_counter: 1. worker_id: 918853. 
2024-12-04 12:18:44 | INFO | /mnt/petrelfs/songmingyang/anaconda3/envs/tool_server/lib/python3.10/os.py | Send heart beat. Models: ['sam']. Semaphore: Semaphore(value=5, locked=False). global_counter: 1. worker_id: 918853. 
2024-12-04 12:19:29 | INFO | /mnt/petrelfs/songmingyang/anaconda3/envs/tool_server/lib/python3.10/os.py | Send heart beat. Models: ['sam']. Semaphore: Semaphore(value=5, locked=False). global_counter: 1. worker_id: 918853. 
2024-12-04 12:20:14 | INFO | /mnt/petrelfs/songmingyang/anaconda3/envs/tool_server/lib/python3.10/os.py | Send heart beat. Models: ['sam']. Semaphore: Semaphore(value=5, locked=False). global_counter: 1. worker_id: 918853. 
2024-12-04 12:20:59 | INFO | /mnt/petrelfs/songmingyang/anaconda3/envs/tool_server/lib/python3.10/os.py | Send heart beat. Models: ['sam']. Semaphore: Semaphore(value=5, locked=False). global_counter: 1. worker_id: 918853. 
2024-12-04 12:21:44 | INFO | /mnt/petrelfs/songmingyang/anaconda3/envs/tool_server/lib/python3.10/os.py | Send heart beat. Models: ['sam']. Semaphore: Semaphore(value=5, locked=False). global_counter: 1. worker_id: 918853. 
2024-12-04 12:22:29 | INFO | /mnt/petrelfs/songmingyang/anaconda3/envs/tool_server/lib/python3.10/os.py | Send heart beat. Models: ['sam']. Semaphore: Semaphore(value=5, locked=False). global_counter: 1. worker_id: 918853. 
2024-12-04 12:23:14 | INFO | /mnt/petrelfs/songmingyang/anaconda3/envs/tool_server/lib/python3.10/os.py | Send heart beat. Models: ['sam']. Semaphore: Semaphore(value=5, locked=False). global_counter: 1. worker_id: 918853. 
2024-12-04 12:23:59 | INFO | /mnt/petrelfs/songmingyang/anaconda3/envs/tool_server/lib/python3.10/os.py | Send heart beat. Models: ['sam']. Semaphore: Semaphore(value=5, locked=False). global_counter: 1. worker_id: 918853. 
2024-12-04 12:24:44 | INFO | /mnt/petrelfs/songmingyang/anaconda3/envs/tool_server/lib/python3.10/os.py | Send heart beat. Models: ['sam']. Semaphore: Semaphore(value=5, locked=False). global_counter: 1. worker_id: 918853. 
2024-12-04 12:25:29 | INFO | /mnt/petrelfs/songmingyang/anaconda3/envs/tool_server/lib/python3.10/os.py | Send heart beat. Models: ['sam']. Semaphore: Semaphore(value=5, locked=False). global_counter: 1. worker_id: 918853. 
2024-12-04 12:26:14 | INFO | /mnt/petrelfs/songmingyang/anaconda3/envs/tool_server/lib/python3.10/os.py | Send heart beat. Models: ['sam']. Semaphore: Semaphore(value=5, locked=False). global_counter: 1. worker_id: 918853. 
2024-12-04 12:26:59 | INFO | /mnt/petrelfs/songmingyang/anaconda3/envs/tool_server/lib/python3.10/os.py | Send heart beat. Models: ['sam']. Semaphore: Semaphore(value=5, locked=False). global_counter: 1. worker_id: 918853. 
2024-12-04 12:27:44 | INFO | /mnt/petrelfs/songmingyang/anaconda3/envs/tool_server/lib/python3.10/os.py | Send heart beat. Models: ['sam']. Semaphore: Semaphore(value=5, locked=False). global_counter: 1. worker_id: 918853. 
2024-12-04 12:28:29 | INFO | /mnt/petrelfs/songmingyang/anaconda3/envs/tool_server/lib/python3.10/os.py | Send heart beat. Models: ['sam']. Semaphore: Semaphore(value=5, locked=False). global_counter: 1. worker_id: 918853. 
2024-12-04 12:29:14 | INFO | /mnt/petrelfs/songmingyang/anaconda3/envs/tool_server/lib/python3.10/os.py | Send heart beat. Models: ['sam']. Semaphore: Semaphore(value=5, locked=False). global_counter: 1. worker_id: 918853. 
2024-12-04 12:29:59 | INFO | /mnt/petrelfs/songmingyang/anaconda3/envs/tool_server/lib/python3.10/os.py | Send heart beat. Models: ['sam']. Semaphore: Semaphore(value=5, locked=False). global_counter: 1. worker_id: 918853. 
2024-12-04 12:30:44 | INFO | /mnt/petrelfs/songmingyang/anaconda3/envs/tool_server/lib/python3.10/os.py | Send heart beat. Models: ['sam']. Semaphore: Semaphore(value=5, locked=False). global_counter: 1. worker_id: 918853. 
2024-12-04 12:31:29 | INFO | /mnt/petrelfs/songmingyang/anaconda3/envs/tool_server/lib/python3.10/os.py | Send heart beat. Models: ['sam']. Semaphore: Semaphore(value=5, locked=False). global_counter: 1. worker_id: 918853. 
2024-12-04 12:32:14 | INFO | /mnt/petrelfs/songmingyang/anaconda3/envs/tool_server/lib/python3.10/os.py | Send heart beat. Models: ['sam']. Semaphore: Semaphore(value=5, locked=False). global_counter: 1. worker_id: 918853. 
2024-12-04 12:32:59 | INFO | /mnt/petrelfs/songmingyang/anaconda3/envs/tool_server/lib/python3.10/os.py | Send heart beat. Models: ['sam']. Semaphore: Semaphore(value=5, locked=False). global_counter: 1. worker_id: 918853. 
2024-12-04 12:33:45 | INFO | /mnt/petrelfs/songmingyang/anaconda3/envs/tool_server/lib/python3.10/os.py | Send heart beat. Models: ['sam']. Semaphore: Semaphore(value=5, locked=False). global_counter: 1. worker_id: 918853. 
2024-12-04 12:34:30 | INFO | /mnt/petrelfs/songmingyang/anaconda3/envs/tool_server/lib/python3.10/os.py | Send heart beat. Models: ['sam']. Semaphore: Semaphore(value=5, locked=False). global_counter: 1. worker_id: 918853. 
2024-12-04 12:35:15 | INFO | /mnt/petrelfs/songmingyang/anaconda3/envs/tool_server/lib/python3.10/os.py | Send heart beat. Models: ['sam']. Semaphore: Semaphore(value=5, locked=False). global_counter: 1. worker_id: 918853. 
2024-12-04 12:36:00 | INFO | /mnt/petrelfs/songmingyang/anaconda3/envs/tool_server/lib/python3.10/os.py | Send heart beat. Models: ['sam']. Semaphore: Semaphore(value=5, locked=False). global_counter: 1. worker_id: 918853. 
2024-12-04 12:36:45 | INFO | /mnt/petrelfs/songmingyang/anaconda3/envs/tool_server/lib/python3.10/os.py | Send heart beat. Models: ['sam']. Semaphore: Semaphore(value=5, locked=False). global_counter: 1. worker_id: 918853. 
2024-12-04 12:37:30 | INFO | /mnt/petrelfs/songmingyang/anaconda3/envs/tool_server/lib/python3.10/os.py | Send heart beat. Models: ['sam']. Semaphore: Semaphore(value=5, locked=False). global_counter: 1. worker_id: 918853. 
2024-12-04 12:38:15 | INFO | /mnt/petrelfs/songmingyang/anaconda3/envs/tool_server/lib/python3.10/os.py | Send heart beat. Models: ['sam']. Semaphore: Semaphore(value=5, locked=False). global_counter: 1. worker_id: 918853. 
2024-12-04 12:39:00 | INFO | /mnt/petrelfs/songmingyang/anaconda3/envs/tool_server/lib/python3.10/os.py | Send heart beat. Models: ['sam']. Semaphore: Semaphore(value=5, locked=False). global_counter: 1. worker_id: 918853. 
2024-12-04 12:39:45 | INFO | /mnt/petrelfs/songmingyang/anaconda3/envs/tool_server/lib/python3.10/os.py | Send heart beat. Models: ['sam']. Semaphore: Semaphore(value=5, locked=False). global_counter: 1. worker_id: 918853. 
2024-12-04 12:40:30 | INFO | /mnt/petrelfs/songmingyang/anaconda3/envs/tool_server/lib/python3.10/os.py | Send heart beat. Models: ['sam']. Semaphore: Semaphore(value=5, locked=False). global_counter: 1. worker_id: 918853. 
2024-12-04 12:41:15 | INFO | /mnt/petrelfs/songmingyang/anaconda3/envs/tool_server/lib/python3.10/os.py | Send heart beat. Models: ['sam']. Semaphore: Semaphore(value=5, locked=False). global_counter: 1. worker_id: 918853. 
2024-12-04 12:42:00 | INFO | /mnt/petrelfs/songmingyang/anaconda3/envs/tool_server/lib/python3.10/os.py | Send heart beat. Models: ['sam']. Semaphore: Semaphore(value=5, locked=False). global_counter: 1. worker_id: 918853. 
2024-12-04 12:42:45 | INFO | /mnt/petrelfs/songmingyang/anaconda3/envs/tool_server/lib/python3.10/os.py | Send heart beat. Models: ['sam']. Semaphore: Semaphore(value=5, locked=False). global_counter: 1. worker_id: 918853. 
2024-12-04 12:43:30 | INFO | /mnt/petrelfs/songmingyang/anaconda3/envs/tool_server/lib/python3.10/os.py | Send heart beat. Models: ['sam']. Semaphore: Semaphore(value=5, locked=False). global_counter: 1. worker_id: 918853. 
2024-12-04 12:44:15 | INFO | /mnt/petrelfs/songmingyang/anaconda3/envs/tool_server/lib/python3.10/os.py | Send heart beat. Models: ['sam']. Semaphore: Semaphore(value=5, locked=False). global_counter: 1. worker_id: 918853. 
2024-12-04 12:45:00 | INFO | /mnt/petrelfs/songmingyang/anaconda3/envs/tool_server/lib/python3.10/os.py | Send heart beat. Models: ['sam']. Semaphore: Semaphore(value=5, locked=False). global_counter: 1. worker_id: 918853. 
2024-12-04 12:45:45 | INFO | /mnt/petrelfs/songmingyang/anaconda3/envs/tool_server/lib/python3.10/os.py | Send heart beat. Models: ['sam']. Semaphore: Semaphore(value=5, locked=False). global_counter: 1. worker_id: 918853. 
2024-12-04 12:46:30 | INFO | /mnt/petrelfs/songmingyang/anaconda3/envs/tool_server/lib/python3.10/os.py | Send heart beat. Models: ['sam']. Semaphore: Semaphore(value=5, locked=False). global_counter: 1. worker_id: 918853. 
2024-12-04 12:47:15 | INFO | /mnt/petrelfs/songmingyang/anaconda3/envs/tool_server/lib/python3.10/os.py | Send heart beat. Models: ['sam']. Semaphore: Semaphore(value=5, locked=False). global_counter: 1. worker_id: 918853. 
2024-12-04 12:48:00 | INFO | /mnt/petrelfs/songmingyang/anaconda3/envs/tool_server/lib/python3.10/os.py | Send heart beat. Models: ['sam']. Semaphore: Semaphore(value=5, locked=False). global_counter: 1. worker_id: 918853. 
2024-12-04 12:48:46 | INFO | /mnt/petrelfs/songmingyang/anaconda3/envs/tool_server/lib/python3.10/os.py | Send heart beat. Models: ['sam']. Semaphore: Semaphore(value=5, locked=False). global_counter: 1. worker_id: 918853. 
2024-12-04 12:49:31 | INFO | /mnt/petrelfs/songmingyang/anaconda3/envs/tool_server/lib/python3.10/os.py | Send heart beat. Models: ['sam']. Semaphore: Semaphore(value=5, locked=False). global_counter: 1. worker_id: 918853. 
2024-12-04 12:50:16 | INFO | /mnt/petrelfs/songmingyang/anaconda3/envs/tool_server/lib/python3.10/os.py | Send heart beat. Models: ['sam']. Semaphore: Semaphore(value=5, locked=False). global_counter: 1. worker_id: 918853. 
2024-12-04 12:51:01 | INFO | /mnt/petrelfs/songmingyang/anaconda3/envs/tool_server/lib/python3.10/os.py | Send heart beat. Models: ['sam']. Semaphore: Semaphore(value=5, locked=False). global_counter: 1. worker_id: 918853. 
2024-12-04 12:51:46 | INFO | /mnt/petrelfs/songmingyang/anaconda3/envs/tool_server/lib/python3.10/os.py | Send heart beat. Models: ['sam']. Semaphore: Semaphore(value=5, locked=False). global_counter: 1. worker_id: 918853. 
2024-12-04 12:52:31 | INFO | /mnt/petrelfs/songmingyang/anaconda3/envs/tool_server/lib/python3.10/os.py | Send heart beat. Models: ['sam']. Semaphore: Semaphore(value=5, locked=False). global_counter: 1. worker_id: 918853. 
2024-12-04 12:53:16 | INFO | /mnt/petrelfs/songmingyang/anaconda3/envs/tool_server/lib/python3.10/os.py | Send heart beat. Models: ['sam']. Semaphore: Semaphore(value=5, locked=False). global_counter: 1. worker_id: 918853. 
2024-12-04 12:54:01 | INFO | /mnt/petrelfs/songmingyang/anaconda3/envs/tool_server/lib/python3.10/os.py | Send heart beat. Models: ['sam']. Semaphore: Semaphore(value=5, locked=False). global_counter: 1. worker_id: 918853. 
2024-12-04 12:54:46 | INFO | /mnt/petrelfs/songmingyang/anaconda3/envs/tool_server/lib/python3.10/os.py | Send heart beat. Models: ['sam']. Semaphore: Semaphore(value=5, locked=False). global_counter: 1. worker_id: 918853. 
2024-12-04 12:55:31 | INFO | /mnt/petrelfs/songmingyang/anaconda3/envs/tool_server/lib/python3.10/os.py | Send heart beat. Models: ['sam']. Semaphore: Semaphore(value=5, locked=False). global_counter: 1. worker_id: 918853. 
2024-12-04 12:56:16 | INFO | /mnt/petrelfs/songmingyang/anaconda3/envs/tool_server/lib/python3.10/os.py | Send heart beat. Models: ['sam']. Semaphore: Semaphore(value=5, locked=False). global_counter: 1. worker_id: 918853. 
2024-12-04 12:57:01 | INFO | /mnt/petrelfs/songmingyang/anaconda3/envs/tool_server/lib/python3.10/os.py | Send heart beat. Models: ['sam']. Semaphore: Semaphore(value=5, locked=False). global_counter: 1. worker_id: 918853. 
2024-12-04 12:57:46 | INFO | /mnt/petrelfs/songmingyang/anaconda3/envs/tool_server/lib/python3.10/os.py | Send heart beat. Models: ['sam']. Semaphore: Semaphore(value=5, locked=False). global_counter: 1. worker_id: 918853. 
2024-12-04 12:58:31 | INFO | /mnt/petrelfs/songmingyang/anaconda3/envs/tool_server/lib/python3.10/os.py | Send heart beat. Models: ['sam']. Semaphore: Semaphore(value=5, locked=False). global_counter: 1. worker_id: 918853. 
2024-12-04 12:59:16 | INFO | /mnt/petrelfs/songmingyang/anaconda3/envs/tool_server/lib/python3.10/os.py | Send heart beat. Models: ['sam']. Semaphore: Semaphore(value=5, locked=False). global_counter: 1. worker_id: 918853. 
2024-12-04 13:00:01 | INFO | /mnt/petrelfs/songmingyang/anaconda3/envs/tool_server/lib/python3.10/os.py | Send heart beat. Models: ['sam']. Semaphore: Semaphore(value=5, locked=False). global_counter: 1. worker_id: 918853. 
2024-12-04 13:00:46 | INFO | /mnt/petrelfs/songmingyang/anaconda3/envs/tool_server/lib/python3.10/os.py | Send heart beat. Models: ['sam']. Semaphore: Semaphore(value=5, locked=False). global_counter: 1. worker_id: 918853. 
2024-12-04 13:01:31 | INFO | /mnt/petrelfs/songmingyang/anaconda3/envs/tool_server/lib/python3.10/os.py | Send heart beat. Models: ['sam']. Semaphore: Semaphore(value=5, locked=False). global_counter: 1. worker_id: 918853. 
2024-12-04 13:02:16 | INFO | /mnt/petrelfs/songmingyang/anaconda3/envs/tool_server/lib/python3.10/os.py | Send heart beat. Models: ['sam']. Semaphore: Semaphore(value=5, locked=False). global_counter: 1. worker_id: 918853. 
2024-12-04 13:03:01 | INFO | /mnt/petrelfs/songmingyang/anaconda3/envs/tool_server/lib/python3.10/os.py | Send heart beat. Models: ['sam']. Semaphore: Semaphore(value=5, locked=False). global_counter: 1. worker_id: 918853. 
2024-12-04 13:03:46 | INFO | /mnt/petrelfs/songmingyang/anaconda3/envs/tool_server/lib/python3.10/os.py | Send heart beat. Models: ['sam']. Semaphore: Semaphore(value=5, locked=False). global_counter: 1. worker_id: 918853. 
2024-12-04 13:04:31 | INFO | /mnt/petrelfs/songmingyang/anaconda3/envs/tool_server/lib/python3.10/os.py | Send heart beat. Models: ['sam']. Semaphore: Semaphore(value=5, locked=False). global_counter: 1. worker_id: 918853. 
2024-12-04 13:05:17 | INFO | /mnt/petrelfs/songmingyang/anaconda3/envs/tool_server/lib/python3.10/os.py | Send heart beat. Models: ['sam']. Semaphore: Semaphore(value=5, locked=False). global_counter: 1. worker_id: 918853. 
2024-12-04 13:06:02 | INFO | /mnt/petrelfs/songmingyang/anaconda3/envs/tool_server/lib/python3.10/os.py | Send heart beat. Models: ['sam']. Semaphore: Semaphore(value=5, locked=False). global_counter: 1. worker_id: 918853. 
2024-12-04 13:06:47 | INFO | /mnt/petrelfs/songmingyang/anaconda3/envs/tool_server/lib/python3.10/os.py | Send heart beat. Models: ['sam']. Semaphore: Semaphore(value=5, locked=False). global_counter: 1. worker_id: 918853. 
2024-12-04 13:07:32 | INFO | /mnt/petrelfs/songmingyang/anaconda3/envs/tool_server/lib/python3.10/os.py | Send heart beat. Models: ['sam']. Semaphore: Semaphore(value=5, locked=False). global_counter: 1. worker_id: 918853. 
2024-12-04 13:08:17 | INFO | /mnt/petrelfs/songmingyang/anaconda3/envs/tool_server/lib/python3.10/os.py | Send heart beat. Models: ['sam']. Semaphore: Semaphore(value=5, locked=False). global_counter: 1. worker_id: 918853. 
2024-12-04 13:09:02 | INFO | /mnt/petrelfs/songmingyang/anaconda3/envs/tool_server/lib/python3.10/os.py | Send heart beat. Models: ['sam']. Semaphore: Semaphore(value=5, locked=False). global_counter: 1. worker_id: 918853. 
2024-12-04 13:09:47 | INFO | /mnt/petrelfs/songmingyang/anaconda3/envs/tool_server/lib/python3.10/os.py | Send heart beat. Models: ['sam']. Semaphore: Semaphore(value=5, locked=False). global_counter: 1. worker_id: 918853. 
2024-12-04 13:10:32 | INFO | /mnt/petrelfs/songmingyang/anaconda3/envs/tool_server/lib/python3.10/os.py | Send heart beat. Models: ['sam']. Semaphore: Semaphore(value=5, locked=False). global_counter: 1. worker_id: 918853. 
2024-12-04 13:11:17 | INFO | /mnt/petrelfs/songmingyang/anaconda3/envs/tool_server/lib/python3.10/os.py | Send heart beat. Models: ['sam']. Semaphore: Semaphore(value=5, locked=False). global_counter: 1. worker_id: 918853. 
2024-12-04 13:12:02 | INFO | /mnt/petrelfs/songmingyang/anaconda3/envs/tool_server/lib/python3.10/os.py | Send heart beat. Models: ['sam']. Semaphore: Semaphore(value=5, locked=False). global_counter: 1. worker_id: 918853. 
2024-12-04 13:12:47 | INFO | /mnt/petrelfs/songmingyang/anaconda3/envs/tool_server/lib/python3.10/os.py | Send heart beat. Models: ['sam']. Semaphore: Semaphore(value=5, locked=False). global_counter: 1. worker_id: 918853. 
2024-12-04 13:13:32 | INFO | /mnt/petrelfs/songmingyang/anaconda3/envs/tool_server/lib/python3.10/os.py | Send heart beat. Models: ['sam']. Semaphore: Semaphore(value=5, locked=False). global_counter: 1. worker_id: 918853. 
2024-12-04 13:14:17 | INFO | /mnt/petrelfs/songmingyang/anaconda3/envs/tool_server/lib/python3.10/os.py | Send heart beat. Models: ['sam']. Semaphore: Semaphore(value=5, locked=False). global_counter: 1. worker_id: 918853. 
2024-12-04 13:15:02 | INFO | /mnt/petrelfs/songmingyang/anaconda3/envs/tool_server/lib/python3.10/os.py | Send heart beat. Models: ['sam']. Semaphore: Semaphore(value=5, locked=False). global_counter: 1. worker_id: 918853. 
2024-12-04 13:15:47 | INFO | /mnt/petrelfs/songmingyang/anaconda3/envs/tool_server/lib/python3.10/os.py | Send heart beat. Models: ['sam']. Semaphore: Semaphore(value=5, locked=False). global_counter: 1. worker_id: 918853. 
2024-12-04 13:16:32 | INFO | /mnt/petrelfs/songmingyang/anaconda3/envs/tool_server/lib/python3.10/os.py | Send heart beat. Models: ['sam']. Semaphore: Semaphore(value=5, locked=False). global_counter: 1. worker_id: 918853. 
2024-12-04 13:17:17 | INFO | /mnt/petrelfs/songmingyang/anaconda3/envs/tool_server/lib/python3.10/os.py | Send heart beat. Models: ['sam']. Semaphore: Semaphore(value=5, locked=False). global_counter: 1. worker_id: 918853. 
2024-12-04 13:18:02 | INFO | /mnt/petrelfs/songmingyang/anaconda3/envs/tool_server/lib/python3.10/os.py | Send heart beat. Models: ['sam']. Semaphore: Semaphore(value=5, locked=False). global_counter: 1. worker_id: 918853. 
2024-12-04 13:18:47 | INFO | /mnt/petrelfs/songmingyang/anaconda3/envs/tool_server/lib/python3.10/os.py | Send heart beat. Models: ['sam']. Semaphore: Semaphore(value=5, locked=False). global_counter: 1. worker_id: 918853. 
2024-12-04 13:19:32 | INFO | /mnt/petrelfs/songmingyang/anaconda3/envs/tool_server/lib/python3.10/os.py | Send heart beat. Models: ['sam']. Semaphore: Semaphore(value=5, locked=False). global_counter: 1. worker_id: 918853. 
2024-12-04 13:20:17 | INFO | /mnt/petrelfs/songmingyang/anaconda3/envs/tool_server/lib/python3.10/os.py | Send heart beat. Models: ['sam']. Semaphore: Semaphore(value=5, locked=False). global_counter: 1. worker_id: 918853. 
2024-12-04 13:21:02 | INFO | /mnt/petrelfs/songmingyang/anaconda3/envs/tool_server/lib/python3.10/os.py | Send heart beat. Models: ['sam']. Semaphore: Semaphore(value=5, locked=False). global_counter: 1. worker_id: 918853. 
2024-12-04 13:21:48 | INFO | /mnt/petrelfs/songmingyang/anaconda3/envs/tool_server/lib/python3.10/os.py | Send heart beat. Models: ['sam']. Semaphore: Semaphore(value=5, locked=False). global_counter: 1. worker_id: 918853. 
2024-12-04 13:22:33 | INFO | /mnt/petrelfs/songmingyang/anaconda3/envs/tool_server/lib/python3.10/os.py | Send heart beat. Models: ['sam']. Semaphore: Semaphore(value=5, locked=False). global_counter: 1. worker_id: 918853. 
2024-12-04 13:23:18 | INFO | /mnt/petrelfs/songmingyang/anaconda3/envs/tool_server/lib/python3.10/os.py | Send heart beat. Models: ['sam']. Semaphore: Semaphore(value=5, locked=False). global_counter: 1. worker_id: 918853. 
2024-12-04 13:24:03 | INFO | /mnt/petrelfs/songmingyang/anaconda3/envs/tool_server/lib/python3.10/os.py | Send heart beat. Models: ['sam']. Semaphore: Semaphore(value=5, locked=False). global_counter: 1. worker_id: 918853. 
2024-12-04 13:24:48 | INFO | /mnt/petrelfs/songmingyang/anaconda3/envs/tool_server/lib/python3.10/os.py | Send heart beat. Models: ['sam']. Semaphore: Semaphore(value=5, locked=False). global_counter: 1. worker_id: 918853. 
2024-12-04 13:25:33 | INFO | /mnt/petrelfs/songmingyang/anaconda3/envs/tool_server/lib/python3.10/os.py | Send heart beat. Models: ['sam']. Semaphore: Semaphore(value=5, locked=False). global_counter: 1. worker_id: 918853. 
2024-12-04 13:26:18 | INFO | /mnt/petrelfs/songmingyang/anaconda3/envs/tool_server/lib/python3.10/os.py | Send heart beat. Models: ['sam']. Semaphore: Semaphore(value=5, locked=False). global_counter: 1. worker_id: 918853. 
2024-12-04 13:27:03 | INFO | /mnt/petrelfs/songmingyang/anaconda3/envs/tool_server/lib/python3.10/os.py | Send heart beat. Models: ['sam']. Semaphore: Semaphore(value=5, locked=False). global_counter: 1. worker_id: 918853. 
2024-12-04 13:27:48 | INFO | /mnt/petrelfs/songmingyang/anaconda3/envs/tool_server/lib/python3.10/os.py | Send heart beat. Models: ['sam']. Semaphore: Semaphore(value=5, locked=False). global_counter: 1. worker_id: 918853. 
2024-12-04 13:28:33 | INFO | /mnt/petrelfs/songmingyang/anaconda3/envs/tool_server/lib/python3.10/os.py | Send heart beat. Models: ['sam']. Semaphore: Semaphore(value=5, locked=False). global_counter: 1. worker_id: 918853. 
2024-12-04 13:29:18 | INFO | /mnt/petrelfs/songmingyang/anaconda3/envs/tool_server/lib/python3.10/os.py | Send heart beat. Models: ['sam']. Semaphore: Semaphore(value=5, locked=False). global_counter: 1. worker_id: 918853. 
2024-12-04 13:30:03 | INFO | /mnt/petrelfs/songmingyang/anaconda3/envs/tool_server/lib/python3.10/os.py | Send heart beat. Models: ['sam']. Semaphore: Semaphore(value=5, locked=False). global_counter: 1. worker_id: 918853. 
2024-12-04 13:30:48 | INFO | /mnt/petrelfs/songmingyang/anaconda3/envs/tool_server/lib/python3.10/os.py | Send heart beat. Models: ['sam']. Semaphore: Semaphore(value=5, locked=False). global_counter: 1. worker_id: 918853. 
2024-12-04 13:31:33 | INFO | /mnt/petrelfs/songmingyang/anaconda3/envs/tool_server/lib/python3.10/os.py | Send heart beat. Models: ['sam']. Semaphore: Semaphore(value=5, locked=False). global_counter: 1. worker_id: 918853. 
2024-12-04 13:32:18 | INFO | /mnt/petrelfs/songmingyang/anaconda3/envs/tool_server/lib/python3.10/os.py | Send heart beat. Models: ['sam']. Semaphore: Semaphore(value=5, locked=False). global_counter: 1. worker_id: 918853. 
2024-12-04 13:33:03 | INFO | /mnt/petrelfs/songmingyang/anaconda3/envs/tool_server/lib/python3.10/os.py | Send heart beat. Models: ['sam']. Semaphore: Semaphore(value=5, locked=False). global_counter: 1. worker_id: 918853. 
2024-12-04 13:33:48 | INFO | /mnt/petrelfs/songmingyang/anaconda3/envs/tool_server/lib/python3.10/os.py | Send heart beat. Models: ['sam']. Semaphore: Semaphore(value=5, locked=False). global_counter: 1. worker_id: 918853. 
2024-12-04 13:34:33 | INFO | /mnt/petrelfs/songmingyang/anaconda3/envs/tool_server/lib/python3.10/os.py | Send heart beat. Models: ['sam']. Semaphore: Semaphore(value=5, locked=False). global_counter: 1. worker_id: 918853. 
2024-12-04 13:35:18 | INFO | /mnt/petrelfs/songmingyang/anaconda3/envs/tool_server/lib/python3.10/os.py | Send heart beat. Models: ['sam']. Semaphore: Semaphore(value=5, locked=False). global_counter: 1. worker_id: 918853. 
2024-12-04 13:36:03 | INFO | /mnt/petrelfs/songmingyang/anaconda3/envs/tool_server/lib/python3.10/os.py | Send heart beat. Models: ['sam']. Semaphore: Semaphore(value=5, locked=False). global_counter: 1. worker_id: 918853. 
2024-12-04 13:36:48 | INFO | /mnt/petrelfs/songmingyang/anaconda3/envs/tool_server/lib/python3.10/os.py | Send heart beat. Models: ['sam']. Semaphore: Semaphore(value=5, locked=False). global_counter: 1. worker_id: 918853. 
2024-12-04 13:37:34 | INFO | /mnt/petrelfs/songmingyang/anaconda3/envs/tool_server/lib/python3.10/os.py | Send heart beat. Models: ['sam']. Semaphore: Semaphore(value=5, locked=False). global_counter: 1. worker_id: 918853. 
2024-12-04 13:38:19 | INFO | /mnt/petrelfs/songmingyang/anaconda3/envs/tool_server/lib/python3.10/os.py | Send heart beat. Models: ['sam']. Semaphore: Semaphore(value=5, locked=False). global_counter: 1. worker_id: 918853. 
2024-12-04 13:39:04 | INFO | /mnt/petrelfs/songmingyang/anaconda3/envs/tool_server/lib/python3.10/os.py | Send heart beat. Models: ['sam']. Semaphore: Semaphore(value=5, locked=False). global_counter: 1. worker_id: 918853. 
2024-12-04 13:39:49 | INFO | /mnt/petrelfs/songmingyang/anaconda3/envs/tool_server/lib/python3.10/os.py | Send heart beat. Models: ['sam']. Semaphore: Semaphore(value=5, locked=False). global_counter: 1. worker_id: 918853. 
2024-12-04 13:40:34 | INFO | /mnt/petrelfs/songmingyang/anaconda3/envs/tool_server/lib/python3.10/os.py | Send heart beat. Models: ['sam']. Semaphore: Semaphore(value=5, locked=False). global_counter: 1. worker_id: 918853. 
2024-12-04 13:41:19 | INFO | /mnt/petrelfs/songmingyang/anaconda3/envs/tool_server/lib/python3.10/os.py | Send heart beat. Models: ['sam']. Semaphore: Semaphore(value=5, locked=False). global_counter: 1. worker_id: 918853. 
2024-12-04 13:42:04 | INFO | /mnt/petrelfs/songmingyang/anaconda3/envs/tool_server/lib/python3.10/os.py | Send heart beat. Models: ['sam']. Semaphore: Semaphore(value=5, locked=False). global_counter: 1. worker_id: 918853. 
2024-12-04 13:42:49 | INFO | /mnt/petrelfs/songmingyang/anaconda3/envs/tool_server/lib/python3.10/os.py | Send heart beat. Models: ['sam']. Semaphore: Semaphore(value=5, locked=False). global_counter: 1. worker_id: 918853. 
2024-12-04 13:43:34 | INFO | /mnt/petrelfs/songmingyang/anaconda3/envs/tool_server/lib/python3.10/os.py | Send heart beat. Models: ['sam']. Semaphore: Semaphore(value=5, locked=False). global_counter: 1. worker_id: 918853. 
2024-12-04 13:44:19 | INFO | /mnt/petrelfs/songmingyang/anaconda3/envs/tool_server/lib/python3.10/os.py | Send heart beat. Models: ['sam']. Semaphore: Semaphore(value=5, locked=False). global_counter: 1. worker_id: 918853. 
2024-12-04 13:45:04 | INFO | /mnt/petrelfs/songmingyang/anaconda3/envs/tool_server/lib/python3.10/os.py | Send heart beat. Models: ['sam']. Semaphore: Semaphore(value=5, locked=False). global_counter: 1. worker_id: 918853. 
2024-12-04 13:45:49 | INFO | /mnt/petrelfs/songmingyang/anaconda3/envs/tool_server/lib/python3.10/os.py | Send heart beat. Models: ['sam']. Semaphore: Semaphore(value=5, locked=False). global_counter: 1. worker_id: 918853. 
2024-12-04 13:46:34 | INFO | /mnt/petrelfs/songmingyang/anaconda3/envs/tool_server/lib/python3.10/os.py | Send heart beat. Models: ['sam']. Semaphore: Semaphore(value=5, locked=False). global_counter: 1. worker_id: 918853. 
2024-12-04 13:47:19 | INFO | /mnt/petrelfs/songmingyang/anaconda3/envs/tool_server/lib/python3.10/os.py | Send heart beat. Models: ['sam']. Semaphore: Semaphore(value=5, locked=False). global_counter: 1. worker_id: 918853. 
2024-12-04 13:48:04 | INFO | /mnt/petrelfs/songmingyang/anaconda3/envs/tool_server/lib/python3.10/os.py | Send heart beat. Models: ['sam']. Semaphore: Semaphore(value=5, locked=False). global_counter: 1. worker_id: 918853. 
2024-12-04 13:48:49 | INFO | /mnt/petrelfs/songmingyang/anaconda3/envs/tool_server/lib/python3.10/os.py | Send heart beat. Models: ['sam']. Semaphore: Semaphore(value=5, locked=False). global_counter: 1. worker_id: 918853. 
2024-12-04 13:49:34 | INFO | /mnt/petrelfs/songmingyang/anaconda3/envs/tool_server/lib/python3.10/os.py | Send heart beat. Models: ['sam']. Semaphore: Semaphore(value=5, locked=False). global_counter: 1. worker_id: 918853. 
2024-12-04 13:50:19 | INFO | /mnt/petrelfs/songmingyang/anaconda3/envs/tool_server/lib/python3.10/os.py | Send heart beat. Models: ['sam']. Semaphore: Semaphore(value=5, locked=False). global_counter: 1. worker_id: 918853. 
2024-12-04 13:51:04 | INFO | /mnt/petrelfs/songmingyang/anaconda3/envs/tool_server/lib/python3.10/os.py | Send heart beat. Models: ['sam']. Semaphore: Semaphore(value=5, locked=False). global_counter: 1. worker_id: 918853. 
2024-12-04 13:51:49 | INFO | /mnt/petrelfs/songmingyang/anaconda3/envs/tool_server/lib/python3.10/os.py | Send heart beat. Models: ['sam']. Semaphore: Semaphore(value=5, locked=False). global_counter: 1. worker_id: 918853. 
2024-12-04 13:52:34 | INFO | /mnt/petrelfs/songmingyang/anaconda3/envs/tool_server/lib/python3.10/os.py | Send heart beat. Models: ['sam']. Semaphore: Semaphore(value=5, locked=False). global_counter: 1. worker_id: 918853. 
2024-12-04 13:53:20 | INFO | /mnt/petrelfs/songmingyang/anaconda3/envs/tool_server/lib/python3.10/os.py | Send heart beat. Models: ['sam']. Semaphore: Semaphore(value=5, locked=False). global_counter: 1. worker_id: 918853. 
2024-12-04 13:54:05 | INFO | /mnt/petrelfs/songmingyang/anaconda3/envs/tool_server/lib/python3.10/os.py | Send heart beat. Models: ['sam']. Semaphore: Semaphore(value=5, locked=False). global_counter: 1. worker_id: 918853. 
2024-12-04 13:54:50 | INFO | /mnt/petrelfs/songmingyang/anaconda3/envs/tool_server/lib/python3.10/os.py | Send heart beat. Models: ['sam']. Semaphore: Semaphore(value=5, locked=False). global_counter: 1. worker_id: 918853. 
2024-12-04 13:55:35 | INFO | /mnt/petrelfs/songmingyang/anaconda3/envs/tool_server/lib/python3.10/os.py | Send heart beat. Models: ['sam']. Semaphore: Semaphore(value=5, locked=False). global_counter: 1. worker_id: 918853. 
2024-12-04 13:56:20 | INFO | /mnt/petrelfs/songmingyang/anaconda3/envs/tool_server/lib/python3.10/os.py | Send heart beat. Models: ['sam']. Semaphore: Semaphore(value=5, locked=False). global_counter: 1. worker_id: 918853. 
2024-12-04 13:57:05 | INFO | /mnt/petrelfs/songmingyang/anaconda3/envs/tool_server/lib/python3.10/os.py | Send heart beat. Models: ['sam']. Semaphore: Semaphore(value=5, locked=False). global_counter: 1. worker_id: 918853. 
2024-12-04 13:57:50 | INFO | /mnt/petrelfs/songmingyang/anaconda3/envs/tool_server/lib/python3.10/os.py | Send heart beat. Models: ['sam']. Semaphore: Semaphore(value=5, locked=False). global_counter: 1. worker_id: 918853. 
2024-12-04 13:58:35 | INFO | /mnt/petrelfs/songmingyang/anaconda3/envs/tool_server/lib/python3.10/os.py | Send heart beat. Models: ['sam']. Semaphore: Semaphore(value=5, locked=False). global_counter: 1. worker_id: 918853. 
2024-12-04 13:59:20 | INFO | /mnt/petrelfs/songmingyang/anaconda3/envs/tool_server/lib/python3.10/os.py | Send heart beat. Models: ['sam']. Semaphore: Semaphore(value=5, locked=False). global_counter: 1. worker_id: 918853. 
2024-12-04 14:00:05 | INFO | /mnt/petrelfs/songmingyang/anaconda3/envs/tool_server/lib/python3.10/os.py | Send heart beat. Models: ['sam']. Semaphore: Semaphore(value=5, locked=False). global_counter: 1. worker_id: 918853. 
2024-12-04 14:00:50 | INFO | /mnt/petrelfs/songmingyang/anaconda3/envs/tool_server/lib/python3.10/os.py | Send heart beat. Models: ['sam']. Semaphore: Semaphore(value=5, locked=False). global_counter: 1. worker_id: 918853. 
2024-12-04 14:01:35 | INFO | /mnt/petrelfs/songmingyang/anaconda3/envs/tool_server/lib/python3.10/os.py | Send heart beat. Models: ['sam']. Semaphore: Semaphore(value=5, locked=False). global_counter: 1. worker_id: 918853. 
2024-12-04 14:02:20 | INFO | /mnt/petrelfs/songmingyang/anaconda3/envs/tool_server/lib/python3.10/os.py | Send heart beat. Models: ['sam']. Semaphore: Semaphore(value=5, locked=False). global_counter: 1. worker_id: 918853. 
2024-12-04 14:03:05 | INFO | /mnt/petrelfs/songmingyang/anaconda3/envs/tool_server/lib/python3.10/os.py | Send heart beat. Models: ['sam']. Semaphore: Semaphore(value=5, locked=False). global_counter: 1. worker_id: 918853. 
2024-12-04 14:03:50 | INFO | /mnt/petrelfs/songmingyang/anaconda3/envs/tool_server/lib/python3.10/os.py | Send heart beat. Models: ['sam']. Semaphore: Semaphore(value=5, locked=False). global_counter: 1. worker_id: 918853. 
2024-12-04 14:04:35 | INFO | /mnt/petrelfs/songmingyang/anaconda3/envs/tool_server/lib/python3.10/os.py | Send heart beat. Models: ['sam']. Semaphore: Semaphore(value=5, locked=False). global_counter: 1. worker_id: 918853. 
2024-12-04 14:05:20 | INFO | /mnt/petrelfs/songmingyang/anaconda3/envs/tool_server/lib/python3.10/os.py | Send heart beat. Models: ['sam']. Semaphore: Semaphore(value=5, locked=False). global_counter: 1. worker_id: 918853. 
2024-12-04 14:06:05 | INFO | /mnt/petrelfs/songmingyang/anaconda3/envs/tool_server/lib/python3.10/os.py | Send heart beat. Models: ['sam']. Semaphore: Semaphore(value=5, locked=False). global_counter: 1. worker_id: 918853. 
2024-12-04 14:06:50 | INFO | /mnt/petrelfs/songmingyang/anaconda3/envs/tool_server/lib/python3.10/os.py | Send heart beat. Models: ['sam']. Semaphore: Semaphore(value=5, locked=False). global_counter: 1. worker_id: 918853. 
2024-12-04 14:07:35 | INFO | /mnt/petrelfs/songmingyang/anaconda3/envs/tool_server/lib/python3.10/os.py | Send heart beat. Models: ['sam']. Semaphore: Semaphore(value=5, locked=False). global_counter: 1. worker_id: 918853. 
2024-12-04 14:08:20 | INFO | /mnt/petrelfs/songmingyang/anaconda3/envs/tool_server/lib/python3.10/os.py | Send heart beat. Models: ['sam']. Semaphore: Semaphore(value=5, locked=False). global_counter: 1. worker_id: 918853. 
2024-12-04 14:09:05 | INFO | /mnt/petrelfs/songmingyang/anaconda3/envs/tool_server/lib/python3.10/os.py | Send heart beat. Models: ['sam']. Semaphore: Semaphore(value=5, locked=False). global_counter: 1. worker_id: 918853. 
2024-12-04 14:09:50 | INFO | /mnt/petrelfs/songmingyang/anaconda3/envs/tool_server/lib/python3.10/os.py | Send heart beat. Models: ['sam']. Semaphore: Semaphore(value=5, locked=False). global_counter: 1. worker_id: 918853. 
2024-12-04 14:10:36 | INFO | /mnt/petrelfs/songmingyang/anaconda3/envs/tool_server/lib/python3.10/os.py | Send heart beat. Models: ['sam']. Semaphore: Semaphore(value=5, locked=False). global_counter: 1. worker_id: 918853. 
2024-12-04 14:11:21 | INFO | /mnt/petrelfs/songmingyang/anaconda3/envs/tool_server/lib/python3.10/os.py | Send heart beat. Models: ['sam']. Semaphore: Semaphore(value=5, locked=False). global_counter: 1. worker_id: 918853. 
2024-12-04 14:12:06 | INFO | /mnt/petrelfs/songmingyang/anaconda3/envs/tool_server/lib/python3.10/os.py | Send heart beat. Models: ['sam']. Semaphore: Semaphore(value=5, locked=False). global_counter: 1. worker_id: 918853. 
2024-12-04 14:12:51 | INFO | /mnt/petrelfs/songmingyang/anaconda3/envs/tool_server/lib/python3.10/os.py | Send heart beat. Models: ['sam']. Semaphore: Semaphore(value=5, locked=False). global_counter: 1. worker_id: 918853. 
2024-12-04 14:13:36 | INFO | /mnt/petrelfs/songmingyang/anaconda3/envs/tool_server/lib/python3.10/os.py | Send heart beat. Models: ['sam']. Semaphore: Semaphore(value=5, locked=False). global_counter: 1. worker_id: 918853. 
2024-12-04 14:14:21 | INFO | /mnt/petrelfs/songmingyang/anaconda3/envs/tool_server/lib/python3.10/os.py | Send heart beat. Models: ['sam']. Semaphore: Semaphore(value=5, locked=False). global_counter: 1. worker_id: 918853. 
2024-12-04 14:15:06 | INFO | /mnt/petrelfs/songmingyang/anaconda3/envs/tool_server/lib/python3.10/os.py | Send heart beat. Models: ['sam']. Semaphore: Semaphore(value=5, locked=False). global_counter: 1. worker_id: 918853. 
2024-12-04 14:15:51 | INFO | /mnt/petrelfs/songmingyang/anaconda3/envs/tool_server/lib/python3.10/os.py | Send heart beat. Models: ['sam']. Semaphore: Semaphore(value=5, locked=False). global_counter: 1. worker_id: 918853. 
2024-12-04 14:16:36 | INFO | /mnt/petrelfs/songmingyang/anaconda3/envs/tool_server/lib/python3.10/os.py | Send heart beat. Models: ['sam']. Semaphore: Semaphore(value=5, locked=False). global_counter: 1. worker_id: 918853. 
2024-12-04 14:17:21 | INFO | /mnt/petrelfs/songmingyang/anaconda3/envs/tool_server/lib/python3.10/os.py | Send heart beat. Models: ['sam']. Semaphore: Semaphore(value=5, locked=False). global_counter: 1. worker_id: 918853. 
2024-12-04 14:18:06 | INFO | /mnt/petrelfs/songmingyang/anaconda3/envs/tool_server/lib/python3.10/os.py | Send heart beat. Models: ['sam']. Semaphore: Semaphore(value=5, locked=False). global_counter: 1. worker_id: 918853. 
2024-12-04 14:18:51 | INFO | /mnt/petrelfs/songmingyang/anaconda3/envs/tool_server/lib/python3.10/os.py | Send heart beat. Models: ['sam']. Semaphore: Semaphore(value=5, locked=False). global_counter: 1. worker_id: 918853. 
2024-12-04 14:19:36 | INFO | /mnt/petrelfs/songmingyang/anaconda3/envs/tool_server/lib/python3.10/os.py | Send heart beat. Models: ['sam']. Semaphore: Semaphore(value=5, locked=False). global_counter: 1. worker_id: 918853. 
2024-12-04 14:20:21 | INFO | /mnt/petrelfs/songmingyang/anaconda3/envs/tool_server/lib/python3.10/os.py | Send heart beat. Models: ['sam']. Semaphore: Semaphore(value=5, locked=False). global_counter: 1. worker_id: 918853. 
2024-12-04 14:21:06 | INFO | /mnt/petrelfs/songmingyang/anaconda3/envs/tool_server/lib/python3.10/os.py | Send heart beat. Models: ['sam']. Semaphore: Semaphore(value=5, locked=False). global_counter: 1. worker_id: 918853. 
2024-12-04 14:21:51 | INFO | /mnt/petrelfs/songmingyang/anaconda3/envs/tool_server/lib/python3.10/os.py | Send heart beat. Models: ['sam']. Semaphore: Semaphore(value=5, locked=False). global_counter: 1. worker_id: 918853. 
