[2024-12-04 11:10:12,852] [INFO] [real_accelerator.py:219:get_accelerator] Setting ds_accelerator to cuda (auto detect)
2024-12-04 11:10:20 | INFO | /mnt/petrelfs/songmingyang/anaconda3/envs/tool_server/lib/python3.10/os.py | args: Namespace(host='0.0.0.0', port=20005, worker_address='auto', controller_address='http://SH-IDCA1404-10-140-54-5:20001', model_path='/mnt/petrelfs/share_data/suzhaochen/groundingdino_swint_ogc.pth', model_config='/mnt/petrelfs/songmingyang/code/reasoning/tool-agent/LLaVA-Plus-Codebase/dependencies/GroundingDINO/groundingdino/config/GroundingDINO_SwinT_OGC.py', sam_path='/mnt/petrelfs/songmingyang/songmingyang/model/tool-augment/groundingdino/sam_vit_h_4b8939.pth', model_names=['grounding_dino+sam', 'grounded_sam'], device='cuda', limit_model_concurrency=5, stream_interval=2, no_register=False, grounding_dino_server='grounding_dino', sam_server='sam')
2024-12-04 11:10:20 | INFO | stdout | SLURM Node Name: SH-IDCA1404-10-140-54-5
2024-12-04 11:10:20 | INFO | stdout | Models: ['grounding_dino', 'sam']
2024-12-04 11:10:20 | INFO | stdout | grounding_dino_server_addr: http://SH-IDCA1404-10-140-54-108:20003
2024-12-04 11:10:20 | INFO | /mnt/petrelfs/songmingyang/anaconda3/envs/tool_server/lib/python3.10/os.py | Register to controller
2024-12-04 11:10:23 | INFO | stdout | Models: ['grounding_dino', 'sam']
2024-12-04 11:10:23 | INFO | stdout | sam_server_addr: http://SH-IDCA1404-10-140-54-108:20007
2024-12-04 11:10:23 | ERROR | stderr | INFO:     Started server process [76156]
2024-12-04 11:10:23 | ERROR | stderr | INFO:     Waiting for application startup.
2024-12-04 11:10:23 | ERROR | stderr | INFO:     Application startup complete.
2024-12-04 11:10:23 | ERROR | stderr | INFO:     Uvicorn running on http://0.0.0.0:20005 (Press CTRL+C to quit)
2024-12-04 11:11:05 | INFO | /mnt/petrelfs/songmingyang/anaconda3/envs/tool_server/lib/python3.10/os.py | Send heart beat. Models: ['grounding_dino+sam', 'grounded_sam']. Semaphore: None. global_counter: 0. worker_id: a984f5. 
2024-12-04 11:11:05 | INFO | /mnt/petrelfs/songmingyang/anaconda3/envs/tool_server/lib/python3.10/os.py | Register to controller
2024-12-04 11:11:50 | INFO | /mnt/petrelfs/songmingyang/anaconda3/envs/tool_server/lib/python3.10/os.py | Send heart beat. Models: ['grounding_dino+sam', 'grounded_sam']. Semaphore: None. global_counter: 0. worker_id: a984f5. 
2024-12-04 11:12:35 | INFO | /mnt/petrelfs/songmingyang/anaconda3/envs/tool_server/lib/python3.10/os.py | Send heart beat. Models: ['grounding_dino+sam', 'grounded_sam']. Semaphore: None. global_counter: 0. worker_id: a984f5. 
2024-12-04 11:13:19 | INFO | stdout | INFO:     10.140.54.5:39492 - "POST /worker_get_status HTTP/1.1" 200 OK
2024-12-04 11:13:21 | INFO | /mnt/petrelfs/songmingyang/anaconda3/envs/tool_server/lib/python3.10/os.py | Send heart beat. Models: ['grounding_dino+sam', 'grounded_sam']. Semaphore: None. global_counter: 0. worker_id: a984f5. 
2024-12-04 11:14:06 | INFO | /mnt/petrelfs/songmingyang/anaconda3/envs/tool_server/lib/python3.10/os.py | Send heart beat. Models: ['grounding_dino+sam', 'grounded_sam']. Semaphore: None. global_counter: 0. worker_id: a984f5. 
2024-12-04 11:14:51 | INFO | /mnt/petrelfs/songmingyang/anaconda3/envs/tool_server/lib/python3.10/os.py | Send heart beat. Models: ['grounding_dino+sam', 'grounded_sam']. Semaphore: None. global_counter: 0. worker_id: a984f5. 
2024-12-04 11:15:36 | INFO | /mnt/petrelfs/songmingyang/anaconda3/envs/tool_server/lib/python3.10/os.py | Send heart beat. Models: ['grounding_dino+sam', 'grounded_sam']. Semaphore: None. global_counter: 0. worker_id: a984f5. 
2024-12-04 11:16:21 | INFO | /mnt/petrelfs/songmingyang/anaconda3/envs/tool_server/lib/python3.10/os.py | Send heart beat. Models: ['grounding_dino+sam', 'grounded_sam']. Semaphore: None. global_counter: 0. worker_id: a984f5. 
2024-12-04 11:17:06 | INFO | /mnt/petrelfs/songmingyang/anaconda3/envs/tool_server/lib/python3.10/os.py | Send heart beat. Models: ['grounding_dino+sam', 'grounded_sam']. Semaphore: None. global_counter: 0. worker_id: a984f5. 
2024-12-04 11:17:51 | INFO | /mnt/petrelfs/songmingyang/anaconda3/envs/tool_server/lib/python3.10/os.py | Send heart beat. Models: ['grounding_dino+sam', 'grounded_sam']. Semaphore: None. global_counter: 0. worker_id: a984f5. 
2024-12-04 11:18:36 | INFO | /mnt/petrelfs/songmingyang/anaconda3/envs/tool_server/lib/python3.10/os.py | Send heart beat. Models: ['grounding_dino+sam', 'grounded_sam']. Semaphore: None. global_counter: 0. worker_id: a984f5. 
2024-12-04 11:19:21 | INFO | /mnt/petrelfs/songmingyang/anaconda3/envs/tool_server/lib/python3.10/os.py | Send heart beat. Models: ['grounding_dino+sam', 'grounded_sam']. Semaphore: None. global_counter: 0. worker_id: a984f5. 
2024-12-04 11:20:06 | INFO | /mnt/petrelfs/songmingyang/anaconda3/envs/tool_server/lib/python3.10/os.py | Send heart beat. Models: ['grounding_dino+sam', 'grounded_sam']. Semaphore: None. global_counter: 0. worker_id: a984f5. 
2024-12-04 11:20:51 | INFO | /mnt/petrelfs/songmingyang/anaconda3/envs/tool_server/lib/python3.10/os.py | Send heart beat. Models: ['grounding_dino+sam', 'grounded_sam']. Semaphore: None. global_counter: 0. worker_id: a984f5. 
2024-12-04 11:21:36 | INFO | /mnt/petrelfs/songmingyang/anaconda3/envs/tool_server/lib/python3.10/os.py | Send heart beat. Models: ['grounding_dino+sam', 'grounded_sam']. Semaphore: None. global_counter: 0. worker_id: a984f5. 
2024-12-04 11:22:21 | INFO | /mnt/petrelfs/songmingyang/anaconda3/envs/tool_server/lib/python3.10/os.py | Send heart beat. Models: ['grounding_dino+sam', 'grounded_sam']. Semaphore: None. global_counter: 0. worker_id: a984f5. 
2024-12-04 11:23:06 | INFO | /mnt/petrelfs/songmingyang/anaconda3/envs/tool_server/lib/python3.10/os.py | Send heart beat. Models: ['grounding_dino+sam', 'grounded_sam']. Semaphore: None. global_counter: 0. worker_id: a984f5. 
2024-12-04 11:23:51 | INFO | /mnt/petrelfs/songmingyang/anaconda3/envs/tool_server/lib/python3.10/os.py | Send heart beat. Models: ['grounding_dino+sam', 'grounded_sam']. Semaphore: None. global_counter: 0. worker_id: a984f5. 
2024-12-04 11:24:36 | INFO | /mnt/petrelfs/songmingyang/anaconda3/envs/tool_server/lib/python3.10/os.py | Send heart beat. Models: ['grounding_dino+sam', 'grounded_sam']. Semaphore: None. global_counter: 0. worker_id: a984f5. 
2024-12-04 11:25:21 | INFO | /mnt/petrelfs/songmingyang/anaconda3/envs/tool_server/lib/python3.10/os.py | Send heart beat. Models: ['grounding_dino+sam', 'grounded_sam']. Semaphore: None. global_counter: 0. worker_id: a984f5. 
2024-12-04 11:26:06 | INFO | /mnt/petrelfs/songmingyang/anaconda3/envs/tool_server/lib/python3.10/os.py | Send heart beat. Models: ['grounding_dino+sam', 'grounded_sam']. Semaphore: None. global_counter: 0. worker_id: a984f5. 
2024-12-04 11:26:34 | INFO | stdout | INFO:     10.140.54.5:39848 - "POST /worker_get_status HTTP/1.1" 200 OK
2024-12-04 11:26:51 | INFO | /mnt/petrelfs/songmingyang/anaconda3/envs/tool_server/lib/python3.10/os.py | Send heart beat. Models: ['grounding_dino+sam', 'grounded_sam']. Semaphore: None. global_counter: 0. worker_id: a984f5. 
2024-12-04 11:27:36 | INFO | /mnt/petrelfs/songmingyang/anaconda3/envs/tool_server/lib/python3.10/os.py | Send heart beat. Models: ['grounding_dino+sam', 'grounded_sam']. Semaphore: None. global_counter: 0. worker_id: a984f5. 
2024-12-04 11:28:21 | INFO | /mnt/petrelfs/songmingyang/anaconda3/envs/tool_server/lib/python3.10/os.py | Send heart beat. Models: ['grounding_dino+sam', 'grounded_sam']. Semaphore: None. global_counter: 0. worker_id: a984f5. 
2024-12-04 11:29:07 | INFO | /mnt/petrelfs/songmingyang/anaconda3/envs/tool_server/lib/python3.10/os.py | Send heart beat. Models: ['grounding_dino+sam', 'grounded_sam']. Semaphore: None. global_counter: 0. worker_id: a984f5. 
2024-12-04 11:29:52 | INFO | /mnt/petrelfs/songmingyang/anaconda3/envs/tool_server/lib/python3.10/os.py | Send heart beat. Models: ['grounding_dino+sam', 'grounded_sam']. Semaphore: None. global_counter: 0. worker_id: a984f5. 
2024-12-04 11:30:37 | INFO | /mnt/petrelfs/songmingyang/anaconda3/envs/tool_server/lib/python3.10/os.py | Send heart beat. Models: ['grounding_dino+sam', 'grounded_sam']. Semaphore: None. global_counter: 0. worker_id: a984f5. 
2024-12-04 11:31:22 | INFO | /mnt/petrelfs/songmingyang/anaconda3/envs/tool_server/lib/python3.10/os.py | Send heart beat. Models: ['grounding_dino+sam', 'grounded_sam']. Semaphore: None. global_counter: 0. worker_id: a984f5. 
2024-12-04 11:32:07 | INFO | /mnt/petrelfs/songmingyang/anaconda3/envs/tool_server/lib/python3.10/os.py | Send heart beat. Models: ['grounding_dino+sam', 'grounded_sam']. Semaphore: None. global_counter: 0. worker_id: a984f5. 
2024-12-04 11:32:52 | INFO | /mnt/petrelfs/songmingyang/anaconda3/envs/tool_server/lib/python3.10/os.py | Send heart beat. Models: ['grounding_dino+sam', 'grounded_sam']. Semaphore: None. global_counter: 0. worker_id: a984f5. 
2024-12-04 11:33:37 | INFO | /mnt/petrelfs/songmingyang/anaconda3/envs/tool_server/lib/python3.10/os.py | Send heart beat. Models: ['grounding_dino+sam', 'grounded_sam']. Semaphore: None. global_counter: 0. worker_id: a984f5. 
2024-12-04 11:34:22 | INFO | /mnt/petrelfs/songmingyang/anaconda3/envs/tool_server/lib/python3.10/os.py | Send heart beat. Models: ['grounding_dino+sam', 'grounded_sam']. Semaphore: None. global_counter: 0. worker_id: a984f5. 
2024-12-04 11:34:49 | INFO | stdout | INFO:     10.140.54.5:40100 - "POST /worker_get_status HTTP/1.1" 200 OK
2024-12-04 11:34:58 | INFO | stdout | INFO:     10.140.37.163:35266 - "POST /worker_generate HTTP/1.1" 200 OK
2024-12-04 11:35:07 | INFO | /mnt/petrelfs/songmingyang/anaconda3/envs/tool_server/lib/python3.10/os.py | Send heart beat. Models: ['grounding_dino+sam', 'grounded_sam']. Semaphore: Semaphore(value=5, locked=False). global_counter: 1. worker_id: a984f5. 
2024-12-04 11:35:52 | INFO | /mnt/petrelfs/songmingyang/anaconda3/envs/tool_server/lib/python3.10/os.py | Send heart beat. Models: ['grounding_dino+sam', 'grounded_sam']. Semaphore: Semaphore(value=5, locked=False). global_counter: 1. worker_id: a984f5. 
2024-12-04 11:36:37 | INFO | /mnt/petrelfs/songmingyang/anaconda3/envs/tool_server/lib/python3.10/os.py | Send heart beat. Models: ['grounding_dino+sam', 'grounded_sam']. Semaphore: Semaphore(value=5, locked=False). global_counter: 1. worker_id: a984f5. 
2024-12-04 11:37:22 | INFO | /mnt/petrelfs/songmingyang/anaconda3/envs/tool_server/lib/python3.10/os.py | Send heart beat. Models: ['grounding_dino+sam', 'grounded_sam']. Semaphore: Semaphore(value=5, locked=False). global_counter: 1. worker_id: a984f5. 
2024-12-04 11:38:07 | INFO | /mnt/petrelfs/songmingyang/anaconda3/envs/tool_server/lib/python3.10/os.py | Send heart beat. Models: ['grounding_dino+sam', 'grounded_sam']. Semaphore: Semaphore(value=5, locked=False). global_counter: 1. worker_id: a984f5. 
2024-12-04 11:38:52 | INFO | /mnt/petrelfs/songmingyang/anaconda3/envs/tool_server/lib/python3.10/os.py | Send heart beat. Models: ['grounding_dino+sam', 'grounded_sam']. Semaphore: Semaphore(value=5, locked=False). global_counter: 1. worker_id: a984f5. 
2024-12-04 11:39:37 | INFO | /mnt/petrelfs/songmingyang/anaconda3/envs/tool_server/lib/python3.10/os.py | Send heart beat. Models: ['grounding_dino+sam', 'grounded_sam']. Semaphore: Semaphore(value=5, locked=False). global_counter: 1. worker_id: a984f5. 
2024-12-04 11:40:22 | INFO | /mnt/petrelfs/songmingyang/anaconda3/envs/tool_server/lib/python3.10/os.py | Send heart beat. Models: ['grounding_dino+sam', 'grounded_sam']. Semaphore: Semaphore(value=5, locked=False). global_counter: 1. worker_id: a984f5. 
2024-12-04 11:41:07 | INFO | /mnt/petrelfs/songmingyang/anaconda3/envs/tool_server/lib/python3.10/os.py | Send heart beat. Models: ['grounding_dino+sam', 'grounded_sam']. Semaphore: Semaphore(value=5, locked=False). global_counter: 1. worker_id: a984f5. 
2024-12-04 11:41:52 | INFO | /mnt/petrelfs/songmingyang/anaconda3/envs/tool_server/lib/python3.10/os.py | Send heart beat. Models: ['grounding_dino+sam', 'grounded_sam']. Semaphore: Semaphore(value=5, locked=False). global_counter: 1. worker_id: a984f5. 
2024-12-04 11:42:37 | INFO | /mnt/petrelfs/songmingyang/anaconda3/envs/tool_server/lib/python3.10/os.py | Send heart beat. Models: ['grounding_dino+sam', 'grounded_sam']. Semaphore: Semaphore(value=5, locked=False). global_counter: 1. worker_id: a984f5. 
2024-12-04 11:43:22 | INFO | /mnt/petrelfs/songmingyang/anaconda3/envs/tool_server/lib/python3.10/os.py | Send heart beat. Models: ['grounding_dino+sam', 'grounded_sam']. Semaphore: Semaphore(value=5, locked=False). global_counter: 1. worker_id: a984f5. 
2024-12-04 11:44:07 | INFO | /mnt/petrelfs/songmingyang/anaconda3/envs/tool_server/lib/python3.10/os.py | Send heart beat. Models: ['grounding_dino+sam', 'grounded_sam']. Semaphore: Semaphore(value=5, locked=False). global_counter: 1. worker_id: a984f5. 
2024-12-04 11:44:52 | INFO | /mnt/petrelfs/songmingyang/anaconda3/envs/tool_server/lib/python3.10/os.py | Send heart beat. Models: ['grounding_dino+sam', 'grounded_sam']. Semaphore: Semaphore(value=5, locked=False). global_counter: 1. worker_id: a984f5. 
2024-12-04 11:45:37 | INFO | /mnt/petrelfs/songmingyang/anaconda3/envs/tool_server/lib/python3.10/os.py | Send heart beat. Models: ['grounding_dino+sam', 'grounded_sam']. Semaphore: Semaphore(value=5, locked=False). global_counter: 1. worker_id: a984f5. 
2024-12-04 11:46:23 | INFO | /mnt/petrelfs/songmingyang/anaconda3/envs/tool_server/lib/python3.10/os.py | Send heart beat. Models: ['grounding_dino+sam', 'grounded_sam']. Semaphore: Semaphore(value=5, locked=False). global_counter: 1. worker_id: a984f5. 
2024-12-04 11:47:08 | INFO | /mnt/petrelfs/songmingyang/anaconda3/envs/tool_server/lib/python3.10/os.py | Send heart beat. Models: ['grounding_dino+sam', 'grounded_sam']. Semaphore: Semaphore(value=5, locked=False). global_counter: 1. worker_id: a984f5. 
2024-12-04 11:47:53 | INFO | /mnt/petrelfs/songmingyang/anaconda3/envs/tool_server/lib/python3.10/os.py | Send heart beat. Models: ['grounding_dino+sam', 'grounded_sam']. Semaphore: Semaphore(value=5, locked=False). global_counter: 1. worker_id: a984f5. 
2024-12-04 11:48:38 | INFO | /mnt/petrelfs/songmingyang/anaconda3/envs/tool_server/lib/python3.10/os.py | Send heart beat. Models: ['grounding_dino+sam', 'grounded_sam']. Semaphore: Semaphore(value=5, locked=False). global_counter: 1. worker_id: a984f5. 
2024-12-04 11:49:23 | INFO | /mnt/petrelfs/songmingyang/anaconda3/envs/tool_server/lib/python3.10/os.py | Send heart beat. Models: ['grounding_dino+sam', 'grounded_sam']. Semaphore: Semaphore(value=5, locked=False). global_counter: 1. worker_id: a984f5. 
2024-12-04 11:50:08 | INFO | /mnt/petrelfs/songmingyang/anaconda3/envs/tool_server/lib/python3.10/os.py | Send heart beat. Models: ['grounding_dino+sam', 'grounded_sam']. Semaphore: Semaphore(value=5, locked=False). global_counter: 1. worker_id: a984f5. 
2024-12-04 11:50:53 | INFO | /mnt/petrelfs/songmingyang/anaconda3/envs/tool_server/lib/python3.10/os.py | Send heart beat. Models: ['grounding_dino+sam', 'grounded_sam']. Semaphore: Semaphore(value=5, locked=False). global_counter: 1. worker_id: a984f5. 
2024-12-04 11:51:38 | INFO | /mnt/petrelfs/songmingyang/anaconda3/envs/tool_server/lib/python3.10/os.py | Send heart beat. Models: ['grounding_dino+sam', 'grounded_sam']. Semaphore: Semaphore(value=5, locked=False). global_counter: 1. worker_id: a984f5. 
2024-12-04 11:52:23 | INFO | /mnt/petrelfs/songmingyang/anaconda3/envs/tool_server/lib/python3.10/os.py | Send heart beat. Models: ['grounding_dino+sam', 'grounded_sam']. Semaphore: Semaphore(value=5, locked=False). global_counter: 1. worker_id: a984f5. 
2024-12-04 11:53:08 | INFO | /mnt/petrelfs/songmingyang/anaconda3/envs/tool_server/lib/python3.10/os.py | Send heart beat. Models: ['grounding_dino+sam', 'grounded_sam']. Semaphore: Semaphore(value=5, locked=False). global_counter: 1. worker_id: a984f5. 
2024-12-04 11:53:53 | INFO | /mnt/petrelfs/songmingyang/anaconda3/envs/tool_server/lib/python3.10/os.py | Send heart beat. Models: ['grounding_dino+sam', 'grounded_sam']. Semaphore: Semaphore(value=5, locked=False). global_counter: 1. worker_id: a984f5. 
2024-12-04 11:54:38 | INFO | /mnt/petrelfs/songmingyang/anaconda3/envs/tool_server/lib/python3.10/os.py | Send heart beat. Models: ['grounding_dino+sam', 'grounded_sam']. Semaphore: Semaphore(value=5, locked=False). global_counter: 1. worker_id: a984f5. 
2024-12-04 11:55:23 | INFO | /mnt/petrelfs/songmingyang/anaconda3/envs/tool_server/lib/python3.10/os.py | Send heart beat. Models: ['grounding_dino+sam', 'grounded_sam']. Semaphore: Semaphore(value=5, locked=False). global_counter: 1. worker_id: a984f5. 
2024-12-04 11:56:08 | INFO | /mnt/petrelfs/songmingyang/anaconda3/envs/tool_server/lib/python3.10/os.py | Send heart beat. Models: ['grounding_dino+sam', 'grounded_sam']. Semaphore: Semaphore(value=5, locked=False). global_counter: 1. worker_id: a984f5. 
2024-12-04 11:56:53 | INFO | /mnt/petrelfs/songmingyang/anaconda3/envs/tool_server/lib/python3.10/os.py | Send heart beat. Models: ['grounding_dino+sam', 'grounded_sam']. Semaphore: Semaphore(value=5, locked=False). global_counter: 1. worker_id: a984f5. 
2024-12-04 11:57:38 | INFO | /mnt/petrelfs/songmingyang/anaconda3/envs/tool_server/lib/python3.10/os.py | Send heart beat. Models: ['grounding_dino+sam', 'grounded_sam']. Semaphore: Semaphore(value=5, locked=False). global_counter: 1. worker_id: a984f5. 
2024-12-04 11:58:23 | INFO | /mnt/petrelfs/songmingyang/anaconda3/envs/tool_server/lib/python3.10/os.py | Send heart beat. Models: ['grounding_dino+sam', 'grounded_sam']. Semaphore: Semaphore(value=5, locked=False). global_counter: 1. worker_id: a984f5. 
2024-12-04 11:59:08 | INFO | /mnt/petrelfs/songmingyang/anaconda3/envs/tool_server/lib/python3.10/os.py | Send heart beat. Models: ['grounding_dino+sam', 'grounded_sam']. Semaphore: Semaphore(value=5, locked=False). global_counter: 1. worker_id: a984f5. 
2024-12-04 11:59:53 | INFO | /mnt/petrelfs/songmingyang/anaconda3/envs/tool_server/lib/python3.10/os.py | Send heart beat. Models: ['grounding_dino+sam', 'grounded_sam']. Semaphore: Semaphore(value=5, locked=False). global_counter: 1. worker_id: a984f5. 
2024-12-04 12:00:38 | INFO | /mnt/petrelfs/songmingyang/anaconda3/envs/tool_server/lib/python3.10/os.py | Send heart beat. Models: ['grounding_dino+sam', 'grounded_sam']. Semaphore: Semaphore(value=5, locked=False). global_counter: 1. worker_id: a984f5. 
2024-12-04 12:01:23 | INFO | /mnt/petrelfs/songmingyang/anaconda3/envs/tool_server/lib/python3.10/os.py | Send heart beat. Models: ['grounding_dino+sam', 'grounded_sam']. Semaphore: Semaphore(value=5, locked=False). global_counter: 1. worker_id: a984f5. 
2024-12-04 12:02:09 | INFO | /mnt/petrelfs/songmingyang/anaconda3/envs/tool_server/lib/python3.10/os.py | Send heart beat. Models: ['grounding_dino+sam', 'grounded_sam']. Semaphore: Semaphore(value=5, locked=False). global_counter: 1. worker_id: a984f5. 
2024-12-04 12:02:54 | INFO | /mnt/petrelfs/songmingyang/anaconda3/envs/tool_server/lib/python3.10/os.py | Send heart beat. Models: ['grounding_dino+sam', 'grounded_sam']. Semaphore: Semaphore(value=5, locked=False). global_counter: 1. worker_id: a984f5. 
2024-12-04 12:03:39 | INFO | /mnt/petrelfs/songmingyang/anaconda3/envs/tool_server/lib/python3.10/os.py | Send heart beat. Models: ['grounding_dino+sam', 'grounded_sam']. Semaphore: Semaphore(value=5, locked=False). global_counter: 1. worker_id: a984f5. 
2024-12-04 12:04:24 | INFO | /mnt/petrelfs/songmingyang/anaconda3/envs/tool_server/lib/python3.10/os.py | Send heart beat. Models: ['grounding_dino+sam', 'grounded_sam']. Semaphore: Semaphore(value=5, locked=False). global_counter: 1. worker_id: a984f5. 
2024-12-04 12:05:09 | INFO | /mnt/petrelfs/songmingyang/anaconda3/envs/tool_server/lib/python3.10/os.py | Send heart beat. Models: ['grounding_dino+sam', 'grounded_sam']. Semaphore: Semaphore(value=5, locked=False). global_counter: 1. worker_id: a984f5. 
2024-12-04 12:05:54 | INFO | /mnt/petrelfs/songmingyang/anaconda3/envs/tool_server/lib/python3.10/os.py | Send heart beat. Models: ['grounding_dino+sam', 'grounded_sam']. Semaphore: Semaphore(value=5, locked=False). global_counter: 1. worker_id: a984f5. 
2024-12-04 12:06:39 | INFO | /mnt/petrelfs/songmingyang/anaconda3/envs/tool_server/lib/python3.10/os.py | Send heart beat. Models: ['grounding_dino+sam', 'grounded_sam']. Semaphore: Semaphore(value=5, locked=False). global_counter: 1. worker_id: a984f5. 
2024-12-04 12:07:24 | INFO | /mnt/petrelfs/songmingyang/anaconda3/envs/tool_server/lib/python3.10/os.py | Send heart beat. Models: ['grounding_dino+sam', 'grounded_sam']. Semaphore: Semaphore(value=5, locked=False). global_counter: 1. worker_id: a984f5. 
2024-12-04 12:08:09 | INFO | /mnt/petrelfs/songmingyang/anaconda3/envs/tool_server/lib/python3.10/os.py | Send heart beat. Models: ['grounding_dino+sam', 'grounded_sam']. Semaphore: Semaphore(value=5, locked=False). global_counter: 1. worker_id: a984f5. 
2024-12-04 12:08:54 | INFO | /mnt/petrelfs/songmingyang/anaconda3/envs/tool_server/lib/python3.10/os.py | Send heart beat. Models: ['grounding_dino+sam', 'grounded_sam']. Semaphore: Semaphore(value=5, locked=False). global_counter: 1. worker_id: a984f5. 
2024-12-04 12:09:39 | INFO | /mnt/petrelfs/songmingyang/anaconda3/envs/tool_server/lib/python3.10/os.py | Send heart beat. Models: ['grounding_dino+sam', 'grounded_sam']. Semaphore: Semaphore(value=5, locked=False). global_counter: 1. worker_id: a984f5. 
2024-12-04 12:10:24 | INFO | /mnt/petrelfs/songmingyang/anaconda3/envs/tool_server/lib/python3.10/os.py | Send heart beat. Models: ['grounding_dino+sam', 'grounded_sam']. Semaphore: Semaphore(value=5, locked=False). global_counter: 1. worker_id: a984f5. 
2024-12-04 12:11:09 | INFO | /mnt/petrelfs/songmingyang/anaconda3/envs/tool_server/lib/python3.10/os.py | Send heart beat. Models: ['grounding_dino+sam', 'grounded_sam']. Semaphore: Semaphore(value=5, locked=False). global_counter: 1. worker_id: a984f5. 
2024-12-04 12:11:54 | INFO | /mnt/petrelfs/songmingyang/anaconda3/envs/tool_server/lib/python3.10/os.py | Send heart beat. Models: ['grounding_dino+sam', 'grounded_sam']. Semaphore: Semaphore(value=5, locked=False). global_counter: 1. worker_id: a984f5. 
2024-12-04 12:12:39 | INFO | /mnt/petrelfs/songmingyang/anaconda3/envs/tool_server/lib/python3.10/os.py | Send heart beat. Models: ['grounding_dino+sam', 'grounded_sam']. Semaphore: Semaphore(value=5, locked=False). global_counter: 1. worker_id: a984f5. 
2024-12-04 12:13:24 | INFO | /mnt/petrelfs/songmingyang/anaconda3/envs/tool_server/lib/python3.10/os.py | Send heart beat. Models: ['grounding_dino+sam', 'grounded_sam']. Semaphore: Semaphore(value=5, locked=False). global_counter: 1. worker_id: a984f5. 
2024-12-04 12:14:09 | INFO | /mnt/petrelfs/songmingyang/anaconda3/envs/tool_server/lib/python3.10/os.py | Send heart beat. Models: ['grounding_dino+sam', 'grounded_sam']. Semaphore: Semaphore(value=5, locked=False). global_counter: 1. worker_id: a984f5. 
2024-12-04 12:14:54 | INFO | /mnt/petrelfs/songmingyang/anaconda3/envs/tool_server/lib/python3.10/os.py | Send heart beat. Models: ['grounding_dino+sam', 'grounded_sam']. Semaphore: Semaphore(value=5, locked=False). global_counter: 1. worker_id: a984f5. 
2024-12-04 12:15:39 | INFO | /mnt/petrelfs/songmingyang/anaconda3/envs/tool_server/lib/python3.10/os.py | Send heart beat. Models: ['grounding_dino+sam', 'grounded_sam']. Semaphore: Semaphore(value=5, locked=False). global_counter: 1. worker_id: a984f5. 
2024-12-04 12:16:24 | INFO | /mnt/petrelfs/songmingyang/anaconda3/envs/tool_server/lib/python3.10/os.py | Send heart beat. Models: ['grounding_dino+sam', 'grounded_sam']. Semaphore: Semaphore(value=5, locked=False). global_counter: 1. worker_id: a984f5. 
2024-12-04 12:17:09 | INFO | /mnt/petrelfs/songmingyang/anaconda3/envs/tool_server/lib/python3.10/os.py | Send heart beat. Models: ['grounding_dino+sam', 'grounded_sam']. Semaphore: Semaphore(value=5, locked=False). global_counter: 1. worker_id: a984f5. 
2024-12-04 12:17:54 | INFO | /mnt/petrelfs/songmingyang/anaconda3/envs/tool_server/lib/python3.10/os.py | Send heart beat. Models: ['grounding_dino+sam', 'grounded_sam']. Semaphore: Semaphore(value=5, locked=False). global_counter: 1. worker_id: a984f5. 
2024-12-04 12:18:39 | INFO | /mnt/petrelfs/songmingyang/anaconda3/envs/tool_server/lib/python3.10/os.py | Send heart beat. Models: ['grounding_dino+sam', 'grounded_sam']. Semaphore: Semaphore(value=5, locked=False). global_counter: 1. worker_id: a984f5. 
2024-12-04 12:19:25 | INFO | /mnt/petrelfs/songmingyang/anaconda3/envs/tool_server/lib/python3.10/os.py | Send heart beat. Models: ['grounding_dino+sam', 'grounded_sam']. Semaphore: Semaphore(value=5, locked=False). global_counter: 1. worker_id: a984f5. 
2024-12-04 12:20:10 | INFO | /mnt/petrelfs/songmingyang/anaconda3/envs/tool_server/lib/python3.10/os.py | Send heart beat. Models: ['grounding_dino+sam', 'grounded_sam']. Semaphore: Semaphore(value=5, locked=False). global_counter: 1. worker_id: a984f5. 
2024-12-04 12:20:55 | INFO | /mnt/petrelfs/songmingyang/anaconda3/envs/tool_server/lib/python3.10/os.py | Send heart beat. Models: ['grounding_dino+sam', 'grounded_sam']. Semaphore: Semaphore(value=5, locked=False). global_counter: 1. worker_id: a984f5. 
2024-12-04 12:21:40 | INFO | /mnt/petrelfs/songmingyang/anaconda3/envs/tool_server/lib/python3.10/os.py | Send heart beat. Models: ['grounding_dino+sam', 'grounded_sam']. Semaphore: Semaphore(value=5, locked=False). global_counter: 1. worker_id: a984f5. 
2024-12-04 12:22:25 | INFO | /mnt/petrelfs/songmingyang/anaconda3/envs/tool_server/lib/python3.10/os.py | Send heart beat. Models: ['grounding_dino+sam', 'grounded_sam']. Semaphore: Semaphore(value=5, locked=False). global_counter: 1. worker_id: a984f5. 
2024-12-04 12:23:10 | INFO | /mnt/petrelfs/songmingyang/anaconda3/envs/tool_server/lib/python3.10/os.py | Send heart beat. Models: ['grounding_dino+sam', 'grounded_sam']. Semaphore: Semaphore(value=5, locked=False). global_counter: 1. worker_id: a984f5. 
2024-12-04 12:23:55 | INFO | /mnt/petrelfs/songmingyang/anaconda3/envs/tool_server/lib/python3.10/os.py | Send heart beat. Models: ['grounding_dino+sam', 'grounded_sam']. Semaphore: Semaphore(value=5, locked=False). global_counter: 1. worker_id: a984f5. 
2024-12-04 12:24:40 | INFO | /mnt/petrelfs/songmingyang/anaconda3/envs/tool_server/lib/python3.10/os.py | Send heart beat. Models: ['grounding_dino+sam', 'grounded_sam']. Semaphore: Semaphore(value=5, locked=False). global_counter: 1. worker_id: a984f5. 
2024-12-04 12:25:25 | INFO | /mnt/petrelfs/songmingyang/anaconda3/envs/tool_server/lib/python3.10/os.py | Send heart beat. Models: ['grounding_dino+sam', 'grounded_sam']. Semaphore: Semaphore(value=5, locked=False). global_counter: 1. worker_id: a984f5. 
2024-12-04 12:26:10 | INFO | /mnt/petrelfs/songmingyang/anaconda3/envs/tool_server/lib/python3.10/os.py | Send heart beat. Models: ['grounding_dino+sam', 'grounded_sam']. Semaphore: Semaphore(value=5, locked=False). global_counter: 1. worker_id: a984f5. 
2024-12-04 12:26:55 | INFO | /mnt/petrelfs/songmingyang/anaconda3/envs/tool_server/lib/python3.10/os.py | Send heart beat. Models: ['grounding_dino+sam', 'grounded_sam']. Semaphore: Semaphore(value=5, locked=False). global_counter: 1. worker_id: a984f5. 
2024-12-04 12:27:40 | INFO | /mnt/petrelfs/songmingyang/anaconda3/envs/tool_server/lib/python3.10/os.py | Send heart beat. Models: ['grounding_dino+sam', 'grounded_sam']. Semaphore: Semaphore(value=5, locked=False). global_counter: 1. worker_id: a984f5. 
2024-12-04 12:28:25 | INFO | /mnt/petrelfs/songmingyang/anaconda3/envs/tool_server/lib/python3.10/os.py | Send heart beat. Models: ['grounding_dino+sam', 'grounded_sam']. Semaphore: Semaphore(value=5, locked=False). global_counter: 1. worker_id: a984f5. 
2024-12-04 12:29:10 | INFO | /mnt/petrelfs/songmingyang/anaconda3/envs/tool_server/lib/python3.10/os.py | Send heart beat. Models: ['grounding_dino+sam', 'grounded_sam']. Semaphore: Semaphore(value=5, locked=False). global_counter: 1. worker_id: a984f5. 
2024-12-04 12:29:55 | INFO | /mnt/petrelfs/songmingyang/anaconda3/envs/tool_server/lib/python3.10/os.py | Send heart beat. Models: ['grounding_dino+sam', 'grounded_sam']. Semaphore: Semaphore(value=5, locked=False). global_counter: 1. worker_id: a984f5. 
2024-12-04 12:30:40 | INFO | /mnt/petrelfs/songmingyang/anaconda3/envs/tool_server/lib/python3.10/os.py | Send heart beat. Models: ['grounding_dino+sam', 'grounded_sam']. Semaphore: Semaphore(value=5, locked=False). global_counter: 1. worker_id: a984f5. 
2024-12-04 12:31:25 | INFO | /mnt/petrelfs/songmingyang/anaconda3/envs/tool_server/lib/python3.10/os.py | Send heart beat. Models: ['grounding_dino+sam', 'grounded_sam']. Semaphore: Semaphore(value=5, locked=False). global_counter: 1. worker_id: a984f5. 
2024-12-04 12:32:10 | INFO | /mnt/petrelfs/songmingyang/anaconda3/envs/tool_server/lib/python3.10/os.py | Send heart beat. Models: ['grounding_dino+sam', 'grounded_sam']. Semaphore: Semaphore(value=5, locked=False). global_counter: 1. worker_id: a984f5. 
2024-12-04 12:32:55 | INFO | /mnt/petrelfs/songmingyang/anaconda3/envs/tool_server/lib/python3.10/os.py | Send heart beat. Models: ['grounding_dino+sam', 'grounded_sam']. Semaphore: Semaphore(value=5, locked=False). global_counter: 1. worker_id: a984f5. 
2024-12-04 12:33:40 | INFO | /mnt/petrelfs/songmingyang/anaconda3/envs/tool_server/lib/python3.10/os.py | Send heart beat. Models: ['grounding_dino+sam', 'grounded_sam']. Semaphore: Semaphore(value=5, locked=False). global_counter: 1. worker_id: a984f5. 
2024-12-04 12:34:25 | INFO | /mnt/petrelfs/songmingyang/anaconda3/envs/tool_server/lib/python3.10/os.py | Send heart beat. Models: ['grounding_dino+sam', 'grounded_sam']. Semaphore: Semaphore(value=5, locked=False). global_counter: 1. worker_id: a984f5. 
2024-12-04 12:35:10 | INFO | /mnt/petrelfs/songmingyang/anaconda3/envs/tool_server/lib/python3.10/os.py | Send heart beat. Models: ['grounding_dino+sam', 'grounded_sam']. Semaphore: Semaphore(value=5, locked=False). global_counter: 1. worker_id: a984f5. 
2024-12-04 12:35:55 | INFO | /mnt/petrelfs/songmingyang/anaconda3/envs/tool_server/lib/python3.10/os.py | Send heart beat. Models: ['grounding_dino+sam', 'grounded_sam']. Semaphore: Semaphore(value=5, locked=False). global_counter: 1. worker_id: a984f5. 
2024-12-04 12:36:40 | INFO | /mnt/petrelfs/songmingyang/anaconda3/envs/tool_server/lib/python3.10/os.py | Send heart beat. Models: ['grounding_dino+sam', 'grounded_sam']. Semaphore: Semaphore(value=5, locked=False). global_counter: 1. worker_id: a984f5. 
2024-12-04 12:37:25 | INFO | /mnt/petrelfs/songmingyang/anaconda3/envs/tool_server/lib/python3.10/os.py | Send heart beat. Models: ['grounding_dino+sam', 'grounded_sam']. Semaphore: Semaphore(value=5, locked=False). global_counter: 1. worker_id: a984f5. 
2024-12-04 12:38:11 | INFO | /mnt/petrelfs/songmingyang/anaconda3/envs/tool_server/lib/python3.10/os.py | Send heart beat. Models: ['grounding_dino+sam', 'grounded_sam']. Semaphore: Semaphore(value=5, locked=False). global_counter: 1. worker_id: a984f5. 
2024-12-04 12:38:56 | INFO | /mnt/petrelfs/songmingyang/anaconda3/envs/tool_server/lib/python3.10/os.py | Send heart beat. Models: ['grounding_dino+sam', 'grounded_sam']. Semaphore: Semaphore(value=5, locked=False). global_counter: 1. worker_id: a984f5. 
2024-12-04 12:39:41 | INFO | /mnt/petrelfs/songmingyang/anaconda3/envs/tool_server/lib/python3.10/os.py | Send heart beat. Models: ['grounding_dino+sam', 'grounded_sam']. Semaphore: Semaphore(value=5, locked=False). global_counter: 1. worker_id: a984f5. 
2024-12-04 12:40:26 | INFO | /mnt/petrelfs/songmingyang/anaconda3/envs/tool_server/lib/python3.10/os.py | Send heart beat. Models: ['grounding_dino+sam', 'grounded_sam']. Semaphore: Semaphore(value=5, locked=False). global_counter: 1. worker_id: a984f5. 
2024-12-04 12:41:11 | INFO | /mnt/petrelfs/songmingyang/anaconda3/envs/tool_server/lib/python3.10/os.py | Send heart beat. Models: ['grounding_dino+sam', 'grounded_sam']. Semaphore: Semaphore(value=5, locked=False). global_counter: 1. worker_id: a984f5. 
2024-12-04 12:41:56 | INFO | /mnt/petrelfs/songmingyang/anaconda3/envs/tool_server/lib/python3.10/os.py | Send heart beat. Models: ['grounding_dino+sam', 'grounded_sam']. Semaphore: Semaphore(value=5, locked=False). global_counter: 1. worker_id: a984f5. 
2024-12-04 12:42:41 | INFO | /mnt/petrelfs/songmingyang/anaconda3/envs/tool_server/lib/python3.10/os.py | Send heart beat. Models: ['grounding_dino+sam', 'grounded_sam']. Semaphore: Semaphore(value=5, locked=False). global_counter: 1. worker_id: a984f5. 
2024-12-04 12:43:26 | INFO | /mnt/petrelfs/songmingyang/anaconda3/envs/tool_server/lib/python3.10/os.py | Send heart beat. Models: ['grounding_dino+sam', 'grounded_sam']. Semaphore: Semaphore(value=5, locked=False). global_counter: 1. worker_id: a984f5. 
2024-12-04 12:44:11 | INFO | /mnt/petrelfs/songmingyang/anaconda3/envs/tool_server/lib/python3.10/os.py | Send heart beat. Models: ['grounding_dino+sam', 'grounded_sam']. Semaphore: Semaphore(value=5, locked=False). global_counter: 1. worker_id: a984f5. 
2024-12-04 12:44:56 | INFO | /mnt/petrelfs/songmingyang/anaconda3/envs/tool_server/lib/python3.10/os.py | Send heart beat. Models: ['grounding_dino+sam', 'grounded_sam']. Semaphore: Semaphore(value=5, locked=False). global_counter: 1. worker_id: a984f5. 
2024-12-04 12:45:41 | INFO | /mnt/petrelfs/songmingyang/anaconda3/envs/tool_server/lib/python3.10/os.py | Send heart beat. Models: ['grounding_dino+sam', 'grounded_sam']. Semaphore: Semaphore(value=5, locked=False). global_counter: 1. worker_id: a984f5. 
2024-12-04 12:46:26 | INFO | /mnt/petrelfs/songmingyang/anaconda3/envs/tool_server/lib/python3.10/os.py | Send heart beat. Models: ['grounding_dino+sam', 'grounded_sam']. Semaphore: Semaphore(value=5, locked=False). global_counter: 1. worker_id: a984f5. 
2024-12-04 12:47:11 | INFO | /mnt/petrelfs/songmingyang/anaconda3/envs/tool_server/lib/python3.10/os.py | Send heart beat. Models: ['grounding_dino+sam', 'grounded_sam']. Semaphore: Semaphore(value=5, locked=False). global_counter: 1. worker_id: a984f5. 
2024-12-04 12:47:56 | INFO | /mnt/petrelfs/songmingyang/anaconda3/envs/tool_server/lib/python3.10/os.py | Send heart beat. Models: ['grounding_dino+sam', 'grounded_sam']. Semaphore: Semaphore(value=5, locked=False). global_counter: 1. worker_id: a984f5. 
2024-12-04 12:48:41 | INFO | /mnt/petrelfs/songmingyang/anaconda3/envs/tool_server/lib/python3.10/os.py | Send heart beat. Models: ['grounding_dino+sam', 'grounded_sam']. Semaphore: Semaphore(value=5, locked=False). global_counter: 1. worker_id: a984f5. 
2024-12-04 12:49:26 | INFO | /mnt/petrelfs/songmingyang/anaconda3/envs/tool_server/lib/python3.10/os.py | Send heart beat. Models: ['grounding_dino+sam', 'grounded_sam']. Semaphore: Semaphore(value=5, locked=False). global_counter: 1. worker_id: a984f5. 
2024-12-04 12:50:11 | INFO | /mnt/petrelfs/songmingyang/anaconda3/envs/tool_server/lib/python3.10/os.py | Send heart beat. Models: ['grounding_dino+sam', 'grounded_sam']. Semaphore: Semaphore(value=5, locked=False). global_counter: 1. worker_id: a984f5. 
2024-12-04 12:50:56 | INFO | /mnt/petrelfs/songmingyang/anaconda3/envs/tool_server/lib/python3.10/os.py | Send heart beat. Models: ['grounding_dino+sam', 'grounded_sam']. Semaphore: Semaphore(value=5, locked=False). global_counter: 1. worker_id: a984f5. 
2024-12-04 12:51:41 | INFO | /mnt/petrelfs/songmingyang/anaconda3/envs/tool_server/lib/python3.10/os.py | Send heart beat. Models: ['grounding_dino+sam', 'grounded_sam']. Semaphore: Semaphore(value=5, locked=False). global_counter: 1. worker_id: a984f5. 
2024-12-04 12:52:26 | INFO | /mnt/petrelfs/songmingyang/anaconda3/envs/tool_server/lib/python3.10/os.py | Send heart beat. Models: ['grounding_dino+sam', 'grounded_sam']. Semaphore: Semaphore(value=5, locked=False). global_counter: 1. worker_id: a984f5. 
2024-12-04 12:53:11 | INFO | /mnt/petrelfs/songmingyang/anaconda3/envs/tool_server/lib/python3.10/os.py | Send heart beat. Models: ['grounding_dino+sam', 'grounded_sam']. Semaphore: Semaphore(value=5, locked=False). global_counter: 1. worker_id: a984f5. 
2024-12-04 12:53:56 | INFO | /mnt/petrelfs/songmingyang/anaconda3/envs/tool_server/lib/python3.10/os.py | Send heart beat. Models: ['grounding_dino+sam', 'grounded_sam']. Semaphore: Semaphore(value=5, locked=False). global_counter: 1. worker_id: a984f5. 
2024-12-04 12:54:42 | INFO | /mnt/petrelfs/songmingyang/anaconda3/envs/tool_server/lib/python3.10/os.py | Send heart beat. Models: ['grounding_dino+sam', 'grounded_sam']. Semaphore: Semaphore(value=5, locked=False). global_counter: 1. worker_id: a984f5. 
2024-12-04 12:55:27 | INFO | /mnt/petrelfs/songmingyang/anaconda3/envs/tool_server/lib/python3.10/os.py | Send heart beat. Models: ['grounding_dino+sam', 'grounded_sam']. Semaphore: Semaphore(value=5, locked=False). global_counter: 1. worker_id: a984f5. 
2024-12-04 12:56:12 | INFO | /mnt/petrelfs/songmingyang/anaconda3/envs/tool_server/lib/python3.10/os.py | Send heart beat. Models: ['grounding_dino+sam', 'grounded_sam']. Semaphore: Semaphore(value=5, locked=False). global_counter: 1. worker_id: a984f5. 
2024-12-04 12:56:57 | INFO | /mnt/petrelfs/songmingyang/anaconda3/envs/tool_server/lib/python3.10/os.py | Send heart beat. Models: ['grounding_dino+sam', 'grounded_sam']. Semaphore: Semaphore(value=5, locked=False). global_counter: 1. worker_id: a984f5. 
2024-12-04 12:57:42 | INFO | /mnt/petrelfs/songmingyang/anaconda3/envs/tool_server/lib/python3.10/os.py | Send heart beat. Models: ['grounding_dino+sam', 'grounded_sam']. Semaphore: Semaphore(value=5, locked=False). global_counter: 1. worker_id: a984f5. 
2024-12-04 12:58:27 | INFO | /mnt/petrelfs/songmingyang/anaconda3/envs/tool_server/lib/python3.10/os.py | Send heart beat. Models: ['grounding_dino+sam', 'grounded_sam']. Semaphore: Semaphore(value=5, locked=False). global_counter: 1. worker_id: a984f5. 
2024-12-04 12:59:12 | INFO | /mnt/petrelfs/songmingyang/anaconda3/envs/tool_server/lib/python3.10/os.py | Send heart beat. Models: ['grounding_dino+sam', 'grounded_sam']. Semaphore: Semaphore(value=5, locked=False). global_counter: 1. worker_id: a984f5. 
2024-12-04 12:59:57 | INFO | /mnt/petrelfs/songmingyang/anaconda3/envs/tool_server/lib/python3.10/os.py | Send heart beat. Models: ['grounding_dino+sam', 'grounded_sam']. Semaphore: Semaphore(value=5, locked=False). global_counter: 1. worker_id: a984f5. 
2024-12-04 13:00:42 | INFO | /mnt/petrelfs/songmingyang/anaconda3/envs/tool_server/lib/python3.10/os.py | Send heart beat. Models: ['grounding_dino+sam', 'grounded_sam']. Semaphore: Semaphore(value=5, locked=False). global_counter: 1. worker_id: a984f5. 
2024-12-04 13:01:27 | INFO | /mnt/petrelfs/songmingyang/anaconda3/envs/tool_server/lib/python3.10/os.py | Send heart beat. Models: ['grounding_dino+sam', 'grounded_sam']. Semaphore: Semaphore(value=5, locked=False). global_counter: 1. worker_id: a984f5. 
2024-12-04 13:02:12 | INFO | /mnt/petrelfs/songmingyang/anaconda3/envs/tool_server/lib/python3.10/os.py | Send heart beat. Models: ['grounding_dino+sam', 'grounded_sam']. Semaphore: Semaphore(value=5, locked=False). global_counter: 1. worker_id: a984f5. 
2024-12-04 13:02:57 | INFO | /mnt/petrelfs/songmingyang/anaconda3/envs/tool_server/lib/python3.10/os.py | Send heart beat. Models: ['grounding_dino+sam', 'grounded_sam']. Semaphore: Semaphore(value=5, locked=False). global_counter: 1. worker_id: a984f5. 
2024-12-04 13:03:42 | INFO | /mnt/petrelfs/songmingyang/anaconda3/envs/tool_server/lib/python3.10/os.py | Send heart beat. Models: ['grounding_dino+sam', 'grounded_sam']. Semaphore: Semaphore(value=5, locked=False). global_counter: 1. worker_id: a984f5. 
2024-12-04 13:04:27 | INFO | /mnt/petrelfs/songmingyang/anaconda3/envs/tool_server/lib/python3.10/os.py | Send heart beat. Models: ['grounding_dino+sam', 'grounded_sam']. Semaphore: Semaphore(value=5, locked=False). global_counter: 1. worker_id: a984f5. 
2024-12-04 13:05:12 | INFO | /mnt/petrelfs/songmingyang/anaconda3/envs/tool_server/lib/python3.10/os.py | Send heart beat. Models: ['grounding_dino+sam', 'grounded_sam']. Semaphore: Semaphore(value=5, locked=False). global_counter: 1. worker_id: a984f5. 
2024-12-04 13:05:57 | INFO | /mnt/petrelfs/songmingyang/anaconda3/envs/tool_server/lib/python3.10/os.py | Send heart beat. Models: ['grounding_dino+sam', 'grounded_sam']. Semaphore: Semaphore(value=5, locked=False). global_counter: 1. worker_id: a984f5. 
2024-12-04 13:06:42 | INFO | /mnt/petrelfs/songmingyang/anaconda3/envs/tool_server/lib/python3.10/os.py | Send heart beat. Models: ['grounding_dino+sam', 'grounded_sam']. Semaphore: Semaphore(value=5, locked=False). global_counter: 1. worker_id: a984f5. 
2024-12-04 13:07:27 | INFO | /mnt/petrelfs/songmingyang/anaconda3/envs/tool_server/lib/python3.10/os.py | Send heart beat. Models: ['grounding_dino+sam', 'grounded_sam']. Semaphore: Semaphore(value=5, locked=False). global_counter: 1. worker_id: a984f5. 
2024-12-04 13:08:12 | INFO | /mnt/petrelfs/songmingyang/anaconda3/envs/tool_server/lib/python3.10/os.py | Send heart beat. Models: ['grounding_dino+sam', 'grounded_sam']. Semaphore: Semaphore(value=5, locked=False). global_counter: 1. worker_id: a984f5. 
2024-12-04 13:08:57 | INFO | /mnt/petrelfs/songmingyang/anaconda3/envs/tool_server/lib/python3.10/os.py | Send heart beat. Models: ['grounding_dino+sam', 'grounded_sam']. Semaphore: Semaphore(value=5, locked=False). global_counter: 1. worker_id: a984f5. 
2024-12-04 13:09:42 | INFO | /mnt/petrelfs/songmingyang/anaconda3/envs/tool_server/lib/python3.10/os.py | Send heart beat. Models: ['grounding_dino+sam', 'grounded_sam']. Semaphore: Semaphore(value=5, locked=False). global_counter: 1. worker_id: a984f5. 
2024-12-04 13:10:28 | INFO | /mnt/petrelfs/songmingyang/anaconda3/envs/tool_server/lib/python3.10/os.py | Send heart beat. Models: ['grounding_dino+sam', 'grounded_sam']. Semaphore: Semaphore(value=5, locked=False). global_counter: 1. worker_id: a984f5. 
2024-12-04 13:11:13 | INFO | /mnt/petrelfs/songmingyang/anaconda3/envs/tool_server/lib/python3.10/os.py | Send heart beat. Models: ['grounding_dino+sam', 'grounded_sam']. Semaphore: Semaphore(value=5, locked=False). global_counter: 1. worker_id: a984f5. 
2024-12-04 13:11:58 | INFO | /mnt/petrelfs/songmingyang/anaconda3/envs/tool_server/lib/python3.10/os.py | Send heart beat. Models: ['grounding_dino+sam', 'grounded_sam']. Semaphore: Semaphore(value=5, locked=False). global_counter: 1. worker_id: a984f5. 
2024-12-04 13:12:43 | INFO | /mnt/petrelfs/songmingyang/anaconda3/envs/tool_server/lib/python3.10/os.py | Send heart beat. Models: ['grounding_dino+sam', 'grounded_sam']. Semaphore: Semaphore(value=5, locked=False). global_counter: 1. worker_id: a984f5. 
2024-12-04 13:13:28 | INFO | /mnt/petrelfs/songmingyang/anaconda3/envs/tool_server/lib/python3.10/os.py | Send heart beat. Models: ['grounding_dino+sam', 'grounded_sam']. Semaphore: Semaphore(value=5, locked=False). global_counter: 1. worker_id: a984f5. 
2024-12-04 13:14:13 | INFO | /mnt/petrelfs/songmingyang/anaconda3/envs/tool_server/lib/python3.10/os.py | Send heart beat. Models: ['grounding_dino+sam', 'grounded_sam']. Semaphore: Semaphore(value=5, locked=False). global_counter: 1. worker_id: a984f5. 
2024-12-04 13:14:58 | INFO | /mnt/petrelfs/songmingyang/anaconda3/envs/tool_server/lib/python3.10/os.py | Send heart beat. Models: ['grounding_dino+sam', 'grounded_sam']. Semaphore: Semaphore(value=5, locked=False). global_counter: 1. worker_id: a984f5. 
2024-12-04 13:15:43 | INFO | /mnt/petrelfs/songmingyang/anaconda3/envs/tool_server/lib/python3.10/os.py | Send heart beat. Models: ['grounding_dino+sam', 'grounded_sam']. Semaphore: Semaphore(value=5, locked=False). global_counter: 1. worker_id: a984f5. 
2024-12-04 13:16:28 | INFO | /mnt/petrelfs/songmingyang/anaconda3/envs/tool_server/lib/python3.10/os.py | Send heart beat. Models: ['grounding_dino+sam', 'grounded_sam']. Semaphore: Semaphore(value=5, locked=False). global_counter: 1. worker_id: a984f5. 
2024-12-04 13:17:13 | INFO | /mnt/petrelfs/songmingyang/anaconda3/envs/tool_server/lib/python3.10/os.py | Send heart beat. Models: ['grounding_dino+sam', 'grounded_sam']. Semaphore: Semaphore(value=5, locked=False). global_counter: 1. worker_id: a984f5. 
2024-12-04 13:17:58 | INFO | /mnt/petrelfs/songmingyang/anaconda3/envs/tool_server/lib/python3.10/os.py | Send heart beat. Models: ['grounding_dino+sam', 'grounded_sam']. Semaphore: Semaphore(value=5, locked=False). global_counter: 1. worker_id: a984f5. 
2024-12-04 13:18:43 | INFO | /mnt/petrelfs/songmingyang/anaconda3/envs/tool_server/lib/python3.10/os.py | Send heart beat. Models: ['grounding_dino+sam', 'grounded_sam']. Semaphore: Semaphore(value=5, locked=False). global_counter: 1. worker_id: a984f5. 
2024-12-04 13:19:28 | INFO | /mnt/petrelfs/songmingyang/anaconda3/envs/tool_server/lib/python3.10/os.py | Send heart beat. Models: ['grounding_dino+sam', 'grounded_sam']. Semaphore: Semaphore(value=5, locked=False). global_counter: 1. worker_id: a984f5. 
2024-12-04 13:20:13 | INFO | /mnt/petrelfs/songmingyang/anaconda3/envs/tool_server/lib/python3.10/os.py | Send heart beat. Models: ['grounding_dino+sam', 'grounded_sam']. Semaphore: Semaphore(value=5, locked=False). global_counter: 1. worker_id: a984f5. 
2024-12-04 13:20:58 | INFO | /mnt/petrelfs/songmingyang/anaconda3/envs/tool_server/lib/python3.10/os.py | Send heart beat. Models: ['grounding_dino+sam', 'grounded_sam']. Semaphore: Semaphore(value=5, locked=False). global_counter: 1. worker_id: a984f5. 
2024-12-04 13:21:43 | INFO | /mnt/petrelfs/songmingyang/anaconda3/envs/tool_server/lib/python3.10/os.py | Send heart beat. Models: ['grounding_dino+sam', 'grounded_sam']. Semaphore: Semaphore(value=5, locked=False). global_counter: 1. worker_id: a984f5. 
2024-12-04 13:22:28 | INFO | /mnt/petrelfs/songmingyang/anaconda3/envs/tool_server/lib/python3.10/os.py | Send heart beat. Models: ['grounding_dino+sam', 'grounded_sam']. Semaphore: Semaphore(value=5, locked=False). global_counter: 1. worker_id: a984f5. 
2024-12-04 13:23:13 | INFO | /mnt/petrelfs/songmingyang/anaconda3/envs/tool_server/lib/python3.10/os.py | Send heart beat. Models: ['grounding_dino+sam', 'grounded_sam']. Semaphore: Semaphore(value=5, locked=False). global_counter: 1. worker_id: a984f5. 
2024-12-04 13:23:58 | INFO | /mnt/petrelfs/songmingyang/anaconda3/envs/tool_server/lib/python3.10/os.py | Send heart beat. Models: ['grounding_dino+sam', 'grounded_sam']. Semaphore: Semaphore(value=5, locked=False). global_counter: 1. worker_id: a984f5. 
2024-12-04 13:24:43 | INFO | /mnt/petrelfs/songmingyang/anaconda3/envs/tool_server/lib/python3.10/os.py | Send heart beat. Models: ['grounding_dino+sam', 'grounded_sam']. Semaphore: Semaphore(value=5, locked=False). global_counter: 1. worker_id: a984f5. 
2024-12-04 13:25:28 | INFO | /mnt/petrelfs/songmingyang/anaconda3/envs/tool_server/lib/python3.10/os.py | Send heart beat. Models: ['grounding_dino+sam', 'grounded_sam']. Semaphore: Semaphore(value=5, locked=False). global_counter: 1. worker_id: a984f5. 
2024-12-04 13:26:13 | INFO | /mnt/petrelfs/songmingyang/anaconda3/envs/tool_server/lib/python3.10/os.py | Send heart beat. Models: ['grounding_dino+sam', 'grounded_sam']. Semaphore: Semaphore(value=5, locked=False). global_counter: 1. worker_id: a984f5. 
2024-12-04 13:26:59 | INFO | /mnt/petrelfs/songmingyang/anaconda3/envs/tool_server/lib/python3.10/os.py | Send heart beat. Models: ['grounding_dino+sam', 'grounded_sam']. Semaphore: Semaphore(value=5, locked=False). global_counter: 1. worker_id: a984f5. 
2024-12-04 13:27:44 | INFO | /mnt/petrelfs/songmingyang/anaconda3/envs/tool_server/lib/python3.10/os.py | Send heart beat. Models: ['grounding_dino+sam', 'grounded_sam']. Semaphore: Semaphore(value=5, locked=False). global_counter: 1. worker_id: a984f5. 
2024-12-04 13:28:29 | INFO | /mnt/petrelfs/songmingyang/anaconda3/envs/tool_server/lib/python3.10/os.py | Send heart beat. Models: ['grounding_dino+sam', 'grounded_sam']. Semaphore: Semaphore(value=5, locked=False). global_counter: 1. worker_id: a984f5. 
2024-12-04 13:29:14 | INFO | /mnt/petrelfs/songmingyang/anaconda3/envs/tool_server/lib/python3.10/os.py | Send heart beat. Models: ['grounding_dino+sam', 'grounded_sam']. Semaphore: Semaphore(value=5, locked=False). global_counter: 1. worker_id: a984f5. 
2024-12-04 13:29:59 | INFO | /mnt/petrelfs/songmingyang/anaconda3/envs/tool_server/lib/python3.10/os.py | Send heart beat. Models: ['grounding_dino+sam', 'grounded_sam']. Semaphore: Semaphore(value=5, locked=False). global_counter: 1. worker_id: a984f5. 
2024-12-04 13:30:44 | INFO | /mnt/petrelfs/songmingyang/anaconda3/envs/tool_server/lib/python3.10/os.py | Send heart beat. Models: ['grounding_dino+sam', 'grounded_sam']. Semaphore: Semaphore(value=5, locked=False). global_counter: 1. worker_id: a984f5. 
2024-12-04 13:31:29 | INFO | /mnt/petrelfs/songmingyang/anaconda3/envs/tool_server/lib/python3.10/os.py | Send heart beat. Models: ['grounding_dino+sam', 'grounded_sam']. Semaphore: Semaphore(value=5, locked=False). global_counter: 1. worker_id: a984f5. 
2024-12-04 13:32:14 | INFO | /mnt/petrelfs/songmingyang/anaconda3/envs/tool_server/lib/python3.10/os.py | Send heart beat. Models: ['grounding_dino+sam', 'grounded_sam']. Semaphore: Semaphore(value=5, locked=False). global_counter: 1. worker_id: a984f5. 
2024-12-04 13:32:59 | INFO | /mnt/petrelfs/songmingyang/anaconda3/envs/tool_server/lib/python3.10/os.py | Send heart beat. Models: ['grounding_dino+sam', 'grounded_sam']. Semaphore: Semaphore(value=5, locked=False). global_counter: 1. worker_id: a984f5. 
2024-12-04 13:33:44 | INFO | /mnt/petrelfs/songmingyang/anaconda3/envs/tool_server/lib/python3.10/os.py | Send heart beat. Models: ['grounding_dino+sam', 'grounded_sam']. Semaphore: Semaphore(value=5, locked=False). global_counter: 1. worker_id: a984f5. 
2024-12-04 13:34:29 | INFO | /mnt/petrelfs/songmingyang/anaconda3/envs/tool_server/lib/python3.10/os.py | Send heart beat. Models: ['grounding_dino+sam', 'grounded_sam']. Semaphore: Semaphore(value=5, locked=False). global_counter: 1. worker_id: a984f5. 
2024-12-04 13:35:14 | INFO | /mnt/petrelfs/songmingyang/anaconda3/envs/tool_server/lib/python3.10/os.py | Send heart beat. Models: ['grounding_dino+sam', 'grounded_sam']. Semaphore: Semaphore(value=5, locked=False). global_counter: 1. worker_id: a984f5. 
2024-12-04 13:35:59 | INFO | /mnt/petrelfs/songmingyang/anaconda3/envs/tool_server/lib/python3.10/os.py | Send heart beat. Models: ['grounding_dino+sam', 'grounded_sam']. Semaphore: Semaphore(value=5, locked=False). global_counter: 1. worker_id: a984f5. 
2024-12-04 13:36:44 | INFO | /mnt/petrelfs/songmingyang/anaconda3/envs/tool_server/lib/python3.10/os.py | Send heart beat. Models: ['grounding_dino+sam', 'grounded_sam']. Semaphore: Semaphore(value=5, locked=False). global_counter: 1. worker_id: a984f5. 
2024-12-04 13:37:29 | INFO | /mnt/petrelfs/songmingyang/anaconda3/envs/tool_server/lib/python3.10/os.py | Send heart beat. Models: ['grounding_dino+sam', 'grounded_sam']. Semaphore: Semaphore(value=5, locked=False). global_counter: 1. worker_id: a984f5. 
2024-12-04 13:38:14 | INFO | /mnt/petrelfs/songmingyang/anaconda3/envs/tool_server/lib/python3.10/os.py | Send heart beat. Models: ['grounding_dino+sam', 'grounded_sam']. Semaphore: Semaphore(value=5, locked=False). global_counter: 1. worker_id: a984f5. 
2024-12-04 13:38:59 | INFO | /mnt/petrelfs/songmingyang/anaconda3/envs/tool_server/lib/python3.10/os.py | Send heart beat. Models: ['grounding_dino+sam', 'grounded_sam']. Semaphore: Semaphore(value=5, locked=False). global_counter: 1. worker_id: a984f5. 
2024-12-04 13:39:44 | INFO | /mnt/petrelfs/songmingyang/anaconda3/envs/tool_server/lib/python3.10/os.py | Send heart beat. Models: ['grounding_dino+sam', 'grounded_sam']. Semaphore: Semaphore(value=5, locked=False). global_counter: 1. worker_id: a984f5. 
2024-12-04 13:40:29 | INFO | /mnt/petrelfs/songmingyang/anaconda3/envs/tool_server/lib/python3.10/os.py | Send heart beat. Models: ['grounding_dino+sam', 'grounded_sam']. Semaphore: Semaphore(value=5, locked=False). global_counter: 1. worker_id: a984f5. 
2024-12-04 13:41:14 | INFO | /mnt/petrelfs/songmingyang/anaconda3/envs/tool_server/lib/python3.10/os.py | Send heart beat. Models: ['grounding_dino+sam', 'grounded_sam']. Semaphore: Semaphore(value=5, locked=False). global_counter: 1. worker_id: a984f5. 
2024-12-04 13:41:59 | INFO | /mnt/petrelfs/songmingyang/anaconda3/envs/tool_server/lib/python3.10/os.py | Send heart beat. Models: ['grounding_dino+sam', 'grounded_sam']. Semaphore: Semaphore(value=5, locked=False). global_counter: 1. worker_id: a984f5. 
2024-12-04 13:42:44 | INFO | /mnt/petrelfs/songmingyang/anaconda3/envs/tool_server/lib/python3.10/os.py | Send heart beat. Models: ['grounding_dino+sam', 'grounded_sam']. Semaphore: Semaphore(value=5, locked=False). global_counter: 1. worker_id: a984f5. 
2024-12-04 13:43:29 | INFO | /mnt/petrelfs/songmingyang/anaconda3/envs/tool_server/lib/python3.10/os.py | Send heart beat. Models: ['grounding_dino+sam', 'grounded_sam']. Semaphore: Semaphore(value=5, locked=False). global_counter: 1. worker_id: a984f5. 
2024-12-04 13:44:14 | INFO | /mnt/petrelfs/songmingyang/anaconda3/envs/tool_server/lib/python3.10/os.py | Send heart beat. Models: ['grounding_dino+sam', 'grounded_sam']. Semaphore: Semaphore(value=5, locked=False). global_counter: 1. worker_id: a984f5. 
2024-12-04 13:45:00 | INFO | /mnt/petrelfs/songmingyang/anaconda3/envs/tool_server/lib/python3.10/os.py | Send heart beat. Models: ['grounding_dino+sam', 'grounded_sam']. Semaphore: Semaphore(value=5, locked=False). global_counter: 1. worker_id: a984f5. 
2024-12-04 13:45:45 | INFO | /mnt/petrelfs/songmingyang/anaconda3/envs/tool_server/lib/python3.10/os.py | Send heart beat. Models: ['grounding_dino+sam', 'grounded_sam']. Semaphore: Semaphore(value=5, locked=False). global_counter: 1. worker_id: a984f5. 
2024-12-04 13:46:30 | INFO | /mnt/petrelfs/songmingyang/anaconda3/envs/tool_server/lib/python3.10/os.py | Send heart beat. Models: ['grounding_dino+sam', 'grounded_sam']. Semaphore: Semaphore(value=5, locked=False). global_counter: 1. worker_id: a984f5. 
2024-12-04 13:47:15 | INFO | /mnt/petrelfs/songmingyang/anaconda3/envs/tool_server/lib/python3.10/os.py | Send heart beat. Models: ['grounding_dino+sam', 'grounded_sam']. Semaphore: Semaphore(value=5, locked=False). global_counter: 1. worker_id: a984f5. 
2024-12-04 13:48:00 | INFO | /mnt/petrelfs/songmingyang/anaconda3/envs/tool_server/lib/python3.10/os.py | Send heart beat. Models: ['grounding_dino+sam', 'grounded_sam']. Semaphore: Semaphore(value=5, locked=False). global_counter: 1. worker_id: a984f5. 
2024-12-04 13:48:45 | INFO | /mnt/petrelfs/songmingyang/anaconda3/envs/tool_server/lib/python3.10/os.py | Send heart beat. Models: ['grounding_dino+sam', 'grounded_sam']. Semaphore: Semaphore(value=5, locked=False). global_counter: 1. worker_id: a984f5. 
2024-12-04 13:49:30 | INFO | /mnt/petrelfs/songmingyang/anaconda3/envs/tool_server/lib/python3.10/os.py | Send heart beat. Models: ['grounding_dino+sam', 'grounded_sam']. Semaphore: Semaphore(value=5, locked=False). global_counter: 1. worker_id: a984f5. 
2024-12-04 13:50:15 | INFO | /mnt/petrelfs/songmingyang/anaconda3/envs/tool_server/lib/python3.10/os.py | Send heart beat. Models: ['grounding_dino+sam', 'grounded_sam']. Semaphore: Semaphore(value=5, locked=False). global_counter: 1. worker_id: a984f5. 
2024-12-04 13:51:00 | INFO | /mnt/petrelfs/songmingyang/anaconda3/envs/tool_server/lib/python3.10/os.py | Send heart beat. Models: ['grounding_dino+sam', 'grounded_sam']. Semaphore: Semaphore(value=5, locked=False). global_counter: 1. worker_id: a984f5. 
2024-12-04 13:51:45 | INFO | /mnt/petrelfs/songmingyang/anaconda3/envs/tool_server/lib/python3.10/os.py | Send heart beat. Models: ['grounding_dino+sam', 'grounded_sam']. Semaphore: Semaphore(value=5, locked=False). global_counter: 1. worker_id: a984f5. 
2024-12-04 13:52:30 | INFO | /mnt/petrelfs/songmingyang/anaconda3/envs/tool_server/lib/python3.10/os.py | Send heart beat. Models: ['grounding_dino+sam', 'grounded_sam']. Semaphore: Semaphore(value=5, locked=False). global_counter: 1. worker_id: a984f5. 
2024-12-04 13:53:15 | INFO | /mnt/petrelfs/songmingyang/anaconda3/envs/tool_server/lib/python3.10/os.py | Send heart beat. Models: ['grounding_dino+sam', 'grounded_sam']. Semaphore: Semaphore(value=5, locked=False). global_counter: 1. worker_id: a984f5. 
2024-12-04 13:54:00 | INFO | /mnt/petrelfs/songmingyang/anaconda3/envs/tool_server/lib/python3.10/os.py | Send heart beat. Models: ['grounding_dino+sam', 'grounded_sam']. Semaphore: Semaphore(value=5, locked=False). global_counter: 1. worker_id: a984f5. 
2024-12-04 13:54:45 | INFO | /mnt/petrelfs/songmingyang/anaconda3/envs/tool_server/lib/python3.10/os.py | Send heart beat. Models: ['grounding_dino+sam', 'grounded_sam']. Semaphore: Semaphore(value=5, locked=False). global_counter: 1. worker_id: a984f5. 
2024-12-04 13:55:30 | INFO | /mnt/petrelfs/songmingyang/anaconda3/envs/tool_server/lib/python3.10/os.py | Send heart beat. Models: ['grounding_dino+sam', 'grounded_sam']. Semaphore: Semaphore(value=5, locked=False). global_counter: 1. worker_id: a984f5. 
2024-12-04 13:56:15 | INFO | /mnt/petrelfs/songmingyang/anaconda3/envs/tool_server/lib/python3.10/os.py | Send heart beat. Models: ['grounding_dino+sam', 'grounded_sam']. Semaphore: Semaphore(value=5, locked=False). global_counter: 1. worker_id: a984f5. 
2024-12-04 13:57:00 | INFO | /mnt/petrelfs/songmingyang/anaconda3/envs/tool_server/lib/python3.10/os.py | Send heart beat. Models: ['grounding_dino+sam', 'grounded_sam']. Semaphore: Semaphore(value=5, locked=False). global_counter: 1. worker_id: a984f5. 
2024-12-04 13:57:45 | INFO | /mnt/petrelfs/songmingyang/anaconda3/envs/tool_server/lib/python3.10/os.py | Send heart beat. Models: ['grounding_dino+sam', 'grounded_sam']. Semaphore: Semaphore(value=5, locked=False). global_counter: 1. worker_id: a984f5. 
2024-12-04 13:58:30 | INFO | /mnt/petrelfs/songmingyang/anaconda3/envs/tool_server/lib/python3.10/os.py | Send heart beat. Models: ['grounding_dino+sam', 'grounded_sam']. Semaphore: Semaphore(value=5, locked=False). global_counter: 1. worker_id: a984f5. 
2024-12-04 13:59:15 | INFO | /mnt/petrelfs/songmingyang/anaconda3/envs/tool_server/lib/python3.10/os.py | Send heart beat. Models: ['grounding_dino+sam', 'grounded_sam']. Semaphore: Semaphore(value=5, locked=False). global_counter: 1. worker_id: a984f5. 
2024-12-04 14:00:00 | INFO | /mnt/petrelfs/songmingyang/anaconda3/envs/tool_server/lib/python3.10/os.py | Send heart beat. Models: ['grounding_dino+sam', 'grounded_sam']. Semaphore: Semaphore(value=5, locked=False). global_counter: 1. worker_id: a984f5. 
2024-12-04 14:00:45 | INFO | /mnt/petrelfs/songmingyang/anaconda3/envs/tool_server/lib/python3.10/os.py | Send heart beat. Models: ['grounding_dino+sam', 'grounded_sam']. Semaphore: Semaphore(value=5, locked=False). global_counter: 1. worker_id: a984f5. 
2024-12-04 14:01:30 | INFO | /mnt/petrelfs/songmingyang/anaconda3/envs/tool_server/lib/python3.10/os.py | Send heart beat. Models: ['grounding_dino+sam', 'grounded_sam']. Semaphore: Semaphore(value=5, locked=False). global_counter: 1. worker_id: a984f5. 
2024-12-04 14:02:15 | INFO | /mnt/petrelfs/songmingyang/anaconda3/envs/tool_server/lib/python3.10/os.py | Send heart beat. Models: ['grounding_dino+sam', 'grounded_sam']. Semaphore: Semaphore(value=5, locked=False). global_counter: 1. worker_id: a984f5. 
2024-12-04 14:03:01 | INFO | /mnt/petrelfs/songmingyang/anaconda3/envs/tool_server/lib/python3.10/os.py | Send heart beat. Models: ['grounding_dino+sam', 'grounded_sam']. Semaphore: Semaphore(value=5, locked=False). global_counter: 1. worker_id: a984f5. 
2024-12-04 14:03:46 | INFO | /mnt/petrelfs/songmingyang/anaconda3/envs/tool_server/lib/python3.10/os.py | Send heart beat. Models: ['grounding_dino+sam', 'grounded_sam']. Semaphore: Semaphore(value=5, locked=False). global_counter: 1. worker_id: a984f5. 
2024-12-04 14:04:31 | INFO | /mnt/petrelfs/songmingyang/anaconda3/envs/tool_server/lib/python3.10/os.py | Send heart beat. Models: ['grounding_dino+sam', 'grounded_sam']. Semaphore: Semaphore(value=5, locked=False). global_counter: 1. worker_id: a984f5. 
2024-12-04 14:05:16 | INFO | /mnt/petrelfs/songmingyang/anaconda3/envs/tool_server/lib/python3.10/os.py | Send heart beat. Models: ['grounding_dino+sam', 'grounded_sam']. Semaphore: Semaphore(value=5, locked=False). global_counter: 1. worker_id: a984f5. 
2024-12-04 14:06:01 | INFO | /mnt/petrelfs/songmingyang/anaconda3/envs/tool_server/lib/python3.10/os.py | Send heart beat. Models: ['grounding_dino+sam', 'grounded_sam']. Semaphore: Semaphore(value=5, locked=False). global_counter: 1. worker_id: a984f5. 
2024-12-04 14:06:46 | INFO | /mnt/petrelfs/songmingyang/anaconda3/envs/tool_server/lib/python3.10/os.py | Send heart beat. Models: ['grounding_dino+sam', 'grounded_sam']. Semaphore: Semaphore(value=5, locked=False). global_counter: 1. worker_id: a984f5. 
2024-12-04 14:07:31 | INFO | /mnt/petrelfs/songmingyang/anaconda3/envs/tool_server/lib/python3.10/os.py | Send heart beat. Models: ['grounding_dino+sam', 'grounded_sam']. Semaphore: Semaphore(value=5, locked=False). global_counter: 1. worker_id: a984f5. 
2024-12-04 14:08:16 | INFO | /mnt/petrelfs/songmingyang/anaconda3/envs/tool_server/lib/python3.10/os.py | Send heart beat. Models: ['grounding_dino+sam', 'grounded_sam']. Semaphore: Semaphore(value=5, locked=False). global_counter: 1. worker_id: a984f5. 
2024-12-04 14:09:01 | INFO | /mnt/petrelfs/songmingyang/anaconda3/envs/tool_server/lib/python3.10/os.py | Send heart beat. Models: ['grounding_dino+sam', 'grounded_sam']. Semaphore: Semaphore(value=5, locked=False). global_counter: 1. worker_id: a984f5. 
2024-12-04 14:09:46 | INFO | /mnt/petrelfs/songmingyang/anaconda3/envs/tool_server/lib/python3.10/os.py | Send heart beat. Models: ['grounding_dino+sam', 'grounded_sam']. Semaphore: Semaphore(value=5, locked=False). global_counter: 1. worker_id: a984f5. 
2024-12-04 14:10:31 | INFO | /mnt/petrelfs/songmingyang/anaconda3/envs/tool_server/lib/python3.10/os.py | Send heart beat. Models: ['grounding_dino+sam', 'grounded_sam']. Semaphore: Semaphore(value=5, locked=False). global_counter: 1. worker_id: a984f5. 
2024-12-04 14:11:16 | INFO | /mnt/petrelfs/songmingyang/anaconda3/envs/tool_server/lib/python3.10/os.py | Send heart beat. Models: ['grounding_dino+sam', 'grounded_sam']. Semaphore: Semaphore(value=5, locked=False). global_counter: 1. worker_id: a984f5. 
2024-12-04 14:12:01 | INFO | /mnt/petrelfs/songmingyang/anaconda3/envs/tool_server/lib/python3.10/os.py | Send heart beat. Models: ['grounding_dino+sam', 'grounded_sam']. Semaphore: Semaphore(value=5, locked=False). global_counter: 1. worker_id: a984f5. 
2024-12-04 14:12:46 | INFO | /mnt/petrelfs/songmingyang/anaconda3/envs/tool_server/lib/python3.10/os.py | Send heart beat. Models: ['grounding_dino+sam', 'grounded_sam']. Semaphore: Semaphore(value=5, locked=False). global_counter: 1. worker_id: a984f5. 
2024-12-04 14:13:31 | INFO | /mnt/petrelfs/songmingyang/anaconda3/envs/tool_server/lib/python3.10/os.py | Send heart beat. Models: ['grounding_dino+sam', 'grounded_sam']. Semaphore: Semaphore(value=5, locked=False). global_counter: 1. worker_id: a984f5. 
2024-12-04 14:14:16 | INFO | /mnt/petrelfs/songmingyang/anaconda3/envs/tool_server/lib/python3.10/os.py | Send heart beat. Models: ['grounding_dino+sam', 'grounded_sam']. Semaphore: Semaphore(value=5, locked=False). global_counter: 1. worker_id: a984f5. 
2024-12-04 14:15:01 | INFO | /mnt/petrelfs/songmingyang/anaconda3/envs/tool_server/lib/python3.10/os.py | Send heart beat. Models: ['grounding_dino+sam', 'grounded_sam']. Semaphore: Semaphore(value=5, locked=False). global_counter: 1. worker_id: a984f5. 
2024-12-04 14:15:46 | INFO | /mnt/petrelfs/songmingyang/anaconda3/envs/tool_server/lib/python3.10/os.py | Send heart beat. Models: ['grounding_dino+sam', 'grounded_sam']. Semaphore: Semaphore(value=5, locked=False). global_counter: 1. worker_id: a984f5. 
2024-12-04 14:16:31 | INFO | /mnt/petrelfs/songmingyang/anaconda3/envs/tool_server/lib/python3.10/os.py | Send heart beat. Models: ['grounding_dino+sam', 'grounded_sam']. Semaphore: Semaphore(value=5, locked=False). global_counter: 1. worker_id: a984f5. 
2024-12-04 14:17:16 | INFO | /mnt/petrelfs/songmingyang/anaconda3/envs/tool_server/lib/python3.10/os.py | Send heart beat. Models: ['grounding_dino+sam', 'grounded_sam']. Semaphore: Semaphore(value=5, locked=False). global_counter: 1. worker_id: a984f5. 
2024-12-04 14:18:01 | INFO | /mnt/petrelfs/songmingyang/anaconda3/envs/tool_server/lib/python3.10/os.py | Send heart beat. Models: ['grounding_dino+sam', 'grounded_sam']. Semaphore: Semaphore(value=5, locked=False). global_counter: 1. worker_id: a984f5. 
2024-12-04 14:18:46 | INFO | /mnt/petrelfs/songmingyang/anaconda3/envs/tool_server/lib/python3.10/os.py | Send heart beat. Models: ['grounding_dino+sam', 'grounded_sam']. Semaphore: Semaphore(value=5, locked=False). global_counter: 1. worker_id: a984f5. 
2024-12-04 14:19:31 | INFO | /mnt/petrelfs/songmingyang/anaconda3/envs/tool_server/lib/python3.10/os.py | Send heart beat. Models: ['grounding_dino+sam', 'grounded_sam']. Semaphore: Semaphore(value=5, locked=False). global_counter: 1. worker_id: a984f5. 
2024-12-04 14:20:16 | INFO | /mnt/petrelfs/songmingyang/anaconda3/envs/tool_server/lib/python3.10/os.py | Send heart beat. Models: ['grounding_dino+sam', 'grounded_sam']. Semaphore: Semaphore(value=5, locked=False). global_counter: 1. worker_id: a984f5. 
